<?xml version="1.0" encoding="UTF-8"?>
<robot generator="Robot 6.1 (Python 3.11.4 on win32)" generated="20230725 09:20:08.415" rpa="false" schemaversion="4">
<suite id="s1" name="login Test" source="D:\Robot_Framework\robot_framework\TestCases\Login\login_Test.robot">
<kw name="open website orangeHRM" library="login_Keyword" type="SETUP">
<kw name="Open Browser" library="SeleniumLibrary">
<arg>${URL}</arg>
<arg>${browser}</arg>
<doc>Opens a new browser instance to the optional ``url``.</doc>
<msg timestamp="20230725 09:20:09.459" level="INFO">Opening browser 'chrome' to base url 'https://opensource-demo.orangehrmlive.com'.</msg>
<msg timestamp="20230725 09:20:09.474" level="INFO">Executing: D:\Robot_Framework\robot_framework\venv\Lib\site-packages\selenium\webdriver\common\windows\selenium-manager.exe --browser chrome --output json</msg>
<status status="PASS" starttime="20230725 09:20:09.458" endtime="20230725 09:20:21.442"/>
</kw>
<kw name="Maximize Browser Window" library="SeleniumLibrary">
<doc>Maximizes current browser window.</doc>
<status status="PASS" starttime="20230725 09:20:21.442" endtime="20230725 09:20:21.563"/>
</kw>
<status status="PASS" starttime="20230725 09:20:09.457" endtime="20230725 09:20:21.563"/>
</kw>
<test id="s1-t1" name="login test 1" line="8">
<kw name="input username and password" library="login_Keyword">
<arg>${correct_username}</arg>
<arg>${correct_password}</arg>
<kw name="enter text" library="common_keyword">
<arg>${txt_username}</arg>
<arg>${username}</arg>
<kw name="Wait Until Element Is Visible" library="SeleniumLibrary">
<arg>${locator}</arg>
<doc>Waits until the element ``locator`` is visible.</doc>
<status status="PASS" starttime="20230725 09:20:21.564" endtime="20230725 09:20:22.445"/>
</kw>
<kw name="Input Text" library="SeleniumLibrary">
<arg>${locator}</arg>
<arg>${value}</arg>
<doc>Types the given ``text`` into the text field identified by ``locator``.</doc>
<msg timestamp="20230725 09:20:22.446" level="INFO">Typing text 'Admin' into text field '//input[@name='username']'.</msg>
<status status="PASS" starttime="20230725 09:20:22.446" endtime="20230725 09:20:22.593"/>
</kw>
<status status="PASS" starttime="20230725 09:20:21.564" endtime="20230725 09:20:22.594"/>
</kw>
<kw name="enter text" library="common_keyword">
<arg>${txt_password}</arg>
<arg>${password}</arg>
<kw name="Wait Until Element Is Visible" library="SeleniumLibrary">
<arg>${locator}</arg>
<doc>Waits until the element ``locator`` is visible.</doc>
<status status="PASS" starttime="20230725 09:20:22.595" endtime="20230725 09:20:22.643"/>
</kw>
<kw name="Input Text" library="SeleniumLibrary">
<arg>${locator}</arg>
<arg>${value}</arg>
<doc>Types the given ``text`` into the text field identified by ``locator``.</doc>
<msg timestamp="20230725 09:20:22.645" level="INFO">Typing text 'admin123' into text field '//input[@name='password']'.</msg>
<status status="PASS" starttime="20230725 09:20:22.643" endtime="20230725 09:20:22.795"/>
</kw>
<status status="PASS" starttime="20230725 09:20:22.594" endtime="20230725 09:20:22.796"/>
</kw>
<status status="PASS" starttime="20230725 09:20:21.564" endtime="20230725 09:20:22.796"/>
</kw>
<kw name="click login" library="login_Keyword">
<arg>${btn_login}</arg>
<msg timestamp="20230725 09:20:22.796" level="FAIL">Keyword 'login_Keyword.click login' expected 0 arguments, got 1.</msg>
<status status="FAIL" starttime="20230725 09:20:22.796" endtime="20230725 09:20:22.796"/>
</kw>
<kw name="verify login success" library="login_Keyword">
<status status="NOT RUN" starttime="20230725 09:20:22.796" endtime="20230725 09:20:22.797"/>
</kw>
<kw name="logout" library="login_Keyword" type="TEARDOWN">
<kw name="click element" library="common_keyword">
<arg>${dropdown}</arg>
<kw name="Wait Until Element Is Visible" library="SeleniumLibrary">
<arg>${locator}</arg>
<doc>Waits until the element ``locator`` is visible.</doc>
<msg timestamp="20230725 09:20:28.045" level="INFO" html="true">&lt;/td&gt;&lt;/tr&gt;&lt;tr&gt;&lt;td colspan="3"&gt;&lt;a href="selenium-screenshot-1.png"&gt;&lt;img src="selenium-screenshot-1.png" width="800px"&gt;&lt;/a&gt;</msg>
<msg timestamp="20230725 09:20:28.045" level="FAIL">Element '//li[@class='oxd-userdropdown']' not visible after 5 seconds.</msg>
<status status="FAIL" starttime="20230725 09:20:22.797" endtime="20230725 09:20:28.067"/>
</kw>
<kw name="click element" library="common_keyword">
<arg>${locator}</arg>
<kw name="Wait Until Element Is Visible" library="SeleniumLibrary">
<arg>${locator}</arg>
<doc>Waits until the element ``locator`` is visible.</doc>
<status status="PASS" starttime="20230725 09:20:28.068" endtime="20230725 09:20:31.388"/>
</kw>
<kw name="click element" library="common_keyword">
<arg>${locator}</arg>
<kw name="Wait Until Element Is Visible" library="SeleniumLibrary">
<arg>${locator}</arg>
<doc>Waits until the element ``locator`` is visible.</doc>
<status status="PASS" starttime="20230725 09:20:31.389" endtime="20230725 09:20:31.430"/>
</kw>
<kw name="click element" library="common_keyword">
<arg>${locator}</arg>
<kw name="Wait Until Element Is Visible" library="SeleniumLibrary">
<arg>${locator}</arg>
<doc>Waits until the element ``locator`` is visible.</doc>
<status status="PASS" starttime="20230725 09:20:31.430" endtime="20230725 09:20:31.453"/>
</kw>
<kw name="click element" library="common_keyword">
<arg>${locator}</arg>
<kw name="Wait Until Element Is Visible" library="SeleniumLibrary">
<arg>${locator}</arg>
<doc>Waits until the element ``locator`` is visible.</doc>
<status status="PASS" starttime="20230725 09:20:31.454" endtime="20230725 09:20:31.479"/>
</kw>
<kw name="click element" library="common_keyword">
<arg>${locator}</arg>
<kw name="Wait Until Element Is Visible" library="SeleniumLibrary">
<arg>${locator}</arg>
<doc>Waits until the element ``locator`` is visible.</doc>
<status status="PASS" starttime="20230725 09:20:31.481" endtime="20230725 09:20:31.505"/>
</kw>
<kw name="click element" library="common_keyword">
<arg>${locator}</arg>
<kw name="Wait Until Element Is Visible" library="SeleniumLibrary">
<arg>${locator}</arg>
<doc>Waits until the element ``locator`` is visible.</doc>
<status status="PASS" starttime="20230725 09:20:31.506" endtime="20230725 09:20:31.529"/>
</kw>
<kw name="click element" library="common_keyword">
<arg>${locator}</arg>
<kw name="Wait Until Element Is Visible" library="SeleniumLibrary">
<arg>${locator}</arg>
<doc>Waits until the element ``locator`` is visible.</doc>
<status status="PASS" starttime="20230725 09:20:31.530" endtime="20230725 09:20:31.552"/>
</kw>
<kw name="click element" library="common_keyword">
<arg>${locator}</arg>
<kw name="Wait Until Element Is Visible" library="SeleniumLibrary">
<arg>${locator}</arg>
<doc>Waits until the element ``locator`` is visible.</doc>
<status status="PASS" starttime="20230725 09:20:31.553" endtime="20230725 09:20:31.574"/>
</kw>
<kw name="click element" library="common_keyword">
<arg>${locator}</arg>
<kw name="Wait Until Element Is Visible" library="SeleniumLibrary">
<arg>${locator}</arg>
<doc>Waits until the element ``locator`` is visible.</doc>
<status status="PASS" starttime="20230725 09:20:31.575" endtime="20230725 09:20:31.598"/>
</kw>
<kw name="click element" library="common_keyword">
<arg>${locator}</arg>
<kw name="Wait Until Element Is Visible" library="SeleniumLibrary">
<arg>${locator}</arg>
<doc>Waits until the element ``locator`` is visible.</doc>
<status status="PASS" starttime="20230725 09:20:31.599" endtime="20230725 09:20:31.625"/>
</kw>
<kw name="click element" library="common_keyword">
<arg>${locator}</arg>
<kw name="Wait Until Element Is Visible" library="SeleniumLibrary">
<arg>${locator}</arg>
<doc>Waits until the element ``locator`` is visible.</doc>
<status status="PASS" starttime="20230725 09:20:31.626" endtime="20230725 09:20:31.693"/>
</kw>
<kw name="click element" library="common_keyword">
<arg>${locator}</arg>
<kw name="Wait Until Element Is Visible" library="SeleniumLibrary">
<arg>${locator}</arg>
<doc>Waits until the element ``locator`` is visible.</doc>
<status status="PASS" starttime="20230725 09:20:31.695" endtime="20230725 09:20:31.717"/>
</kw>
<kw name="click element" library="common_keyword">
<arg>${locator}</arg>
<kw name="Wait Until Element Is Visible" library="SeleniumLibrary">
<arg>${locator}</arg>
<doc>Waits until the element ``locator`` is visible.</doc>
<status status="PASS" starttime="20230725 09:20:31.718" endtime="20230725 09:20:31.739"/>
</kw>
<kw name="click element" library="common_keyword">
<arg>${locator}</arg>
<kw name="Wait Until Element Is Visible" library="SeleniumLibrary">
<arg>${locator}</arg>
<doc>Waits until the element ``locator`` is visible.</doc>
<status status="PASS" starttime="20230725 09:20:31.739" endtime="20230725 09:20:31.759"/>
</kw>
<kw name="click element" library="common_keyword">
<arg>${locator}</arg>
<kw name="Wait Until Element Is Visible" library="SeleniumLibrary">
<arg>${locator}</arg>
<doc>Waits until the element ``locator`` is visible.</doc>
<status status="PASS" starttime="20230725 09:20:31.760" endtime="20230725 09:20:31.778"/>
</kw>
<kw name="click element" library="common_keyword">
<arg>${locator}</arg>
<kw name="Wait Until Element Is Visible" library="SeleniumLibrary">
<arg>${locator}</arg>
<doc>Waits until the element ``locator`` is visible.</doc>
<status status="PASS" starttime="20230725 09:20:31.778" endtime="20230725 09:20:31.798"/>
</kw>
<kw name="click element" library="common_keyword">
<arg>${locator}</arg>
<kw name="Wait Until Element Is Visible" library="SeleniumLibrary">
<arg>${locator}</arg>
<doc>Waits until the element ``locator`` is visible.</doc>
<status status="PASS" starttime="20230725 09:20:31.798" endtime="20230725 09:20:31.820"/>
</kw>
<kw name="click element" library="common_keyword">
<arg>${locator}</arg>
<kw name="Wait Until Element Is Visible" library="SeleniumLibrary">
<arg>${locator}</arg>
<doc>Waits until the element ``locator`` is visible.</doc>
<status status="PASS" starttime="20230725 09:20:31.821" endtime="20230725 09:20:31.840"/>
</kw>
<kw name="click element" library="common_keyword">
<arg>${locator}</arg>
<kw name="Wait Until Element Is Visible" library="SeleniumLibrary">
<arg>${locator}</arg>
<doc>Waits until the element ``locator`` is visible.</doc>
<status status="PASS" starttime="20230725 09:20:31.842" endtime="20230725 09:20:31.865"/>
</kw>
<kw name="click element" library="common_keyword">
<arg>${locator}</arg>
<kw name="Wait Until Element Is Visible" library="SeleniumLibrary">
<arg>${locator}</arg>
<doc>Waits until the element ``locator`` is visible.</doc>
<status status="PASS" starttime="20230725 09:20:31.865" endtime="20230725 09:20:31.889"/>
</kw>
<kw name="click element" library="common_keyword">
<arg>${locator}</arg>
<kw name="Wait Until Element Is Visible" library="SeleniumLibrary">
<arg>${locator}</arg>
<doc>Waits until the element ``locator`` is visible.</doc>
<status status="PASS" starttime="20230725 09:20:31.890" endtime="20230725 09:20:31.932"/>
</kw>
<kw name="click element" library="common_keyword">
<arg>${locator}</arg>
<kw name="Wait Until Element Is Visible" library="SeleniumLibrary">
<arg>${locator}</arg>
<doc>Waits until the element ``locator`` is visible.</doc>
<status status="PASS" starttime="20230725 09:20:31.933" endtime="20230725 09:20:31.959"/>
</kw>
<kw name="click element" library="common_keyword">
<arg>${locator}</arg>
<kw name="Wait Until Element Is Visible" library="SeleniumLibrary">
<arg>${locator}</arg>
<doc>Waits until the element ``locator`` is visible.</doc>
<status status="PASS" starttime="20230725 09:20:31.960" endtime="20230725 09:20:32.079"/>
</kw>
<kw name="click element" library="common_keyword">
<arg>${locator}</arg>
<kw name="Wait Until Element Is Visible" library="SeleniumLibrary">
<arg>${locator}</arg>
<doc>Waits until the element ``locator`` is visible.</doc>
<status status="PASS" starttime="20230725 09:20:32.080" endtime="20230725 09:20:32.117"/>
</kw>
<kw name="click element" library="common_keyword">
<arg>${locator}</arg>
<kw name="Wait Until Element Is Visible" library="SeleniumLibrary">
<arg>${locator}</arg>
<doc>Waits until the element ``locator`` is visible.</doc>
<status status="PASS" starttime="20230725 09:20:32.117" endtime="20230725 09:20:32.137"/>
</kw>
<kw name="click element" library="common_keyword">
<arg>${locator}</arg>
<kw name="Wait Until Element Is Visible" library="SeleniumLibrary">
<arg>${locator}</arg>
<doc>Waits until the element ``locator`` is visible.</doc>
<status status="PASS" starttime="20230725 09:20:32.137" endtime="20230725 09:20:32.159"/>
</kw>
<kw name="click element" library="common_keyword">
<arg>${locator}</arg>
<kw name="Wait Until Element Is Visible" library="SeleniumLibrary">
<arg>${locator}</arg>
<doc>Waits until the element ``locator`` is visible.</doc>
<status status="PASS" starttime="20230725 09:20:32.160" endtime="20230725 09:20:32.220"/>
</kw>
<kw name="click element" library="common_keyword">
<arg>${locator}</arg>
<kw name="Wait Until Element Is Visible" library="SeleniumLibrary">
<arg>${locator}</arg>
<doc>Waits until the element ``locator`` is visible.</doc>
<status status="PASS" starttime="20230725 09:20:32.220" endtime="20230725 09:20:32.244"/>
</kw>
<kw name="click element" library="common_keyword">
<arg>${locator}</arg>
<kw name="Wait Until Element Is Visible" library="SeleniumLibrary">
<arg>${locator}</arg>
<doc>Waits until the element ``locator`` is visible.</doc>
<status status="PASS" starttime="20230725 09:20:32.245" endtime="20230725 09:20:32.276"/>
</kw>
<kw name="click element" library="common_keyword">
<arg>${locator}</arg>
<kw name="Wait Until Element Is Visible" library="SeleniumLibrary">
<arg>${locator}</arg>
<doc>Waits until the element ``locator`` is visible.</doc>
<status status="PASS" starttime="20230725 09:20:32.277" endtime="20230725 09:20:32.303"/>
</kw>
<kw name="click element" library="common_keyword">
<arg>${locator}</arg>
<kw name="Wait Until Element Is Visible" library="SeleniumLibrary">
<arg>${locator}</arg>
<doc>Waits until the element ``locator`` is visible.</doc>
<status status="PASS" starttime="20230725 09:20:32.304" endtime="20230725 09:20:32.329"/>
</kw>
<kw name="click element" library="common_keyword">
<arg>${locator}</arg>
<kw name="Wait Until Element Is Visible" library="SeleniumLibrary">
<arg>${locator}</arg>
<doc>Waits until the element ``locator`` is visible.</doc>
<status status="PASS" starttime="20230725 09:20:32.330" endtime="20230725 09:20:32.377"/>
</kw>
<kw name="click element" library="common_keyword">
<arg>${locator}</arg>
<kw name="Wait Until Element Is Visible" library="SeleniumLibrary">
<arg>${locator}</arg>
<doc>Waits until the element ``locator`` is visible.</doc>
<status status="PASS" starttime="20230725 09:20:32.377" endtime="20230725 09:20:32.400"/>
</kw>
<kw name="click element" library="common_keyword">
<arg>${locator}</arg>
<kw name="Wait Until Element Is Visible" library="SeleniumLibrary">
<arg>${locator}</arg>
<doc>Waits until the element ``locator`` is visible.</doc>
<status status="PASS" starttime="20230725 09:20:32.401" endtime="20230725 09:20:32.422"/>
</kw>
<kw name="click element" library="common_keyword">
<arg>${locator}</arg>
<kw name="Wait Until Element Is Visible" library="SeleniumLibrary">
<arg>${locator}</arg>
<doc>Waits until the element ``locator`` is visible.</doc>
<status status="PASS" starttime="20230725 09:20:32.423" endtime="20230725 09:20:32.479"/>
</kw>
<kw name="click element" library="common_keyword">
<arg>${locator}</arg>
<kw name="Wait Until Element Is Visible" library="SeleniumLibrary">
<arg>${locator}</arg>
<doc>Waits until the element ``locator`` is visible.</doc>
<status status="PASS" starttime="20230725 09:20:32.479" endtime="20230725 09:20:32.503"/>
</kw>
<kw name="click element" library="common_keyword">
<arg>${locator}</arg>
<kw name="Wait Until Element Is Visible" library="SeleniumLibrary">
<arg>${locator}</arg>
<doc>Waits until the element ``locator`` is visible.</doc>
<status status="PASS" starttime="20230725 09:20:32.503" endtime="20230725 09:20:32.551"/>
</kw>
<kw name="click element" library="common_keyword">
<arg>${locator}</arg>
<kw name="Wait Until Element Is Visible" library="SeleniumLibrary">
<arg>${locator}</arg>
<doc>Waits until the element ``locator`` is visible.</doc>
<status status="PASS" starttime="20230725 09:20:32.553" endtime="20230725 09:20:32.587"/>
</kw>
<kw name="click element" library="common_keyword">
<arg>${locator}</arg>
<kw name="Wait Until Element Is Visible" library="SeleniumLibrary">
<arg>${locator}</arg>
<doc>Waits until the element ``locator`` is visible.</doc>
<status status="PASS" starttime="20230725 09:20:32.588" endtime="20230725 09:20:32.636"/>
</kw>
<kw name="click element" library="common_keyword">
<arg>${locator}</arg>
<kw name="Wait Until Element Is Visible" library="SeleniumLibrary">
<arg>${locator}</arg>
<doc>Waits until the element ``locator`` is visible.</doc>
<status status="PASS" starttime="20230725 09:20:32.636" endtime="20230725 09:20:32.667"/>
</kw>
<kw name="click element" library="common_keyword">
<arg>${locator}</arg>
<kw name="Wait Until Element Is Visible" library="SeleniumLibrary">
<arg>${locator}</arg>
<doc>Waits until the element ``locator`` is visible.</doc>
<status status="PASS" starttime="20230725 09:20:32.668" endtime="20230725 09:20:32.722"/>
</kw>
<kw name="click element" library="common_keyword">
<arg>${locator}</arg>
<kw name="Wait Until Element Is Visible" library="SeleniumLibrary">
<arg>${locator}</arg>
<doc>Waits until the element ``locator`` is visible.</doc>
<status status="PASS" starttime="20230725 09:20:32.723" endtime="20230725 09:20:32.742"/>
</kw>
<kw name="click element" library="common_keyword">
<arg>${locator}</arg>
<kw name="Wait Until Element Is Visible" library="SeleniumLibrary">
<arg>${locator}</arg>
<doc>Waits until the element ``locator`` is visible.</doc>
<status status="PASS" starttime="20230725 09:20:32.743" endtime="20230725 09:20:32.766"/>
</kw>
<kw name="click element" library="common_keyword">
<arg>${locator}</arg>
<kw name="Wait Until Element Is Visible" library="SeleniumLibrary">
<arg>${locator}</arg>
<doc>Waits until the element ``locator`` is visible.</doc>
<status status="PASS" starttime="20230725 09:20:32.767" endtime="20230725 09:20:32.790"/>
</kw>
<kw name="click element" library="common_keyword">
<arg>${locator}</arg>
<kw name="Wait Until Element Is Visible" library="SeleniumLibrary">
<arg>${locator}</arg>
<doc>Waits until the element ``locator`` is visible.</doc>
<status status="PASS" starttime="20230725 09:20:32.791" endtime="20230725 09:20:32.814"/>
</kw>
<kw name="click element" library="common_keyword">
<arg>${locator}</arg>
<kw name="Wait Until Element Is Visible" library="SeleniumLibrary">
<arg>${locator}</arg>
<doc>Waits until the element ``locator`` is visible.</doc>
<status status="PASS" starttime="20230725 09:20:32.815" endtime="20230725 09:20:32.837"/>
</kw>
<kw name="click element" library="common_keyword">
<arg>${locator}</arg>
<kw name="Wait Until Element Is Visible" library="SeleniumLibrary">
<arg>${locator}</arg>
<doc>Waits until the element ``locator`` is visible.</doc>
<status status="PASS" starttime="20230725 09:20:32.838" endtime="20230725 09:20:32.872"/>
</kw>
<kw name="click element" library="common_keyword">
<arg>${locator}</arg>
<kw name="Wait Until Element Is Visible" library="SeleniumLibrary">
<arg>${locator}</arg>
<doc>Waits until the element ``locator`` is visible.</doc>
<status status="PASS" starttime="20230725 09:20:32.873" endtime="20230725 09:20:32.896"/>
</kw>
<kw name="click element" library="common_keyword">
<arg>${locator}</arg>
<kw name="Wait Until Element Is Visible" library="SeleniumLibrary">
<arg>${locator}</arg>
<doc>Waits until the element ``locator`` is visible.</doc>
<status status="PASS" starttime="20230725 09:20:32.897" endtime="20230725 09:20:32.923"/>
</kw>
<kw name="click element" library="common_keyword">
<arg>${locator}</arg>
<kw name="Wait Until Element Is Visible" library="SeleniumLibrary">
<arg>${locator}</arg>
<doc>Waits until the element ``locator`` is visible.</doc>
<status status="PASS" starttime="20230725 09:20:32.923" endtime="20230725 09:20:32.947"/>
</kw>
<kw name="click element" library="common_keyword">
<arg>${locator}</arg>
<kw name="Wait Until Element Is Visible" library="SeleniumLibrary">
<arg>${locator}</arg>
<doc>Waits until the element ``locator`` is visible.</doc>
<status status="PASS" starttime="20230725 09:20:32.947" endtime="20230725 09:20:32.992"/>
</kw>
<kw name="click element" library="common_keyword">
<arg>${locator}</arg>
<kw name="Wait Until Element Is Visible" library="SeleniumLibrary">
<arg>${locator}</arg>
<doc>Waits until the element ``locator`` is visible.</doc>
<status status="PASS" starttime="20230725 09:20:32.993" endtime="20230725 09:20:33.017"/>
</kw>
<kw name="click element" library="common_keyword">
<arg>${locator}</arg>
<kw name="Wait Until Element Is Visible" library="SeleniumLibrary">
<arg>${locator}</arg>
<doc>Waits until the element ``locator`` is visible.</doc>
<status status="PASS" starttime="20230725 09:20:33.018" endtime="20230725 09:20:33.040"/>
</kw>
<kw name="click element" library="common_keyword">
<arg>${locator}</arg>
<kw name="Wait Until Element Is Visible" library="SeleniumLibrary">
<arg>${locator}</arg>
<doc>Waits until the element ``locator`` is visible.</doc>
<status status="PASS" starttime="20230725 09:20:33.042" endtime="20230725 09:20:33.069"/>
</kw>
<kw name="click element" library="common_keyword">
<arg>${locator}</arg>
<kw name="Wait Until Element Is Visible" library="SeleniumLibrary">
<arg>${locator}</arg>
<doc>Waits until the element ``locator`` is visible.</doc>
<status status="PASS" starttime="20230725 09:20:33.070" endtime="20230725 09:20:33.094"/>
</kw>
<kw name="click element" library="common_keyword">
<arg>${locator}</arg>
<kw name="Wait Until Element Is Visible" library="SeleniumLibrary">
<arg>${locator}</arg>
<doc>Waits until the element ``locator`` is visible.</doc>
<status status="PASS" starttime="20230725 09:20:33.094" endtime="20230725 09:20:33.124"/>
</kw>
<kw name="click element" library="common_keyword">
<arg>${locator}</arg>
<kw name="Wait Until Element Is Visible" library="SeleniumLibrary">
<arg>${locator}</arg>
<doc>Waits until the element ``locator`` is visible.</doc>
<status status="PASS" starttime="20230725 09:20:33.125" endtime="20230725 09:20:33.152"/>
</kw>
<kw name="click element" library="common_keyword">
<arg>${locator}</arg>
<kw name="Wait Until Element Is Visible" library="SeleniumLibrary">
<arg>${locator}</arg>
<doc>Waits until the element ``locator`` is visible.</doc>
<status status="PASS" starttime="20230725 09:20:33.153" endtime="20230725 09:20:33.175"/>
</kw>
<kw name="click element" library="common_keyword">
<arg>${locator}</arg>
<kw name="Wait Until Element Is Visible" library="SeleniumLibrary">
<arg>${locator}</arg>
<doc>Waits until the element ``locator`` is visible.</doc>
<status status="PASS" starttime="20230725 09:20:33.176" endtime="20230725 09:20:33.195"/>
</kw>
<kw name="click element" library="common_keyword">
<arg>${locator}</arg>
<kw name="Wait Until Element Is Visible" library="SeleniumLibrary">
<arg>${locator}</arg>
<doc>Waits until the element ``locator`` is visible.</doc>
<status status="PASS" starttime="20230725 09:20:33.196" endtime="20230725 09:20:33.252"/>
</kw>
<kw name="click element" library="common_keyword">
<arg>${locator}</arg>
<kw name="Wait Until Element Is Visible" library="SeleniumLibrary">
<arg>${locator}</arg>
<doc>Waits until the element ``locator`` is visible.</doc>
<status status="PASS" starttime="20230725 09:20:33.252" endtime="20230725 09:20:33.283"/>
</kw>
<kw name="click element" library="common_keyword">
<arg>${locator}</arg>
<kw name="Wait Until Element Is Visible" library="SeleniumLibrary">
<arg>${locator}</arg>
<doc>Waits until the element ``locator`` is visible.</doc>
<status status="PASS" starttime="20230725 09:20:33.284" endtime="20230725 09:20:33.305"/>
</kw>
<kw name="click element" library="common_keyword">
<arg>${locator}</arg>
<kw name="Wait Until Element Is Visible" library="SeleniumLibrary">
<arg>${locator}</arg>
<doc>Waits until the element ``locator`` is visible.</doc>
<status status="PASS" starttime="20230725 09:20:33.306" endtime="20230725 09:20:33.330"/>
</kw>
<kw name="click element" library="common_keyword">
<arg>${locator}</arg>
<kw name="Wait Until Element Is Visible" library="SeleniumLibrary">
<arg>${locator}</arg>
<doc>Waits until the element ``locator`` is visible.</doc>
<status status="PASS" starttime="20230725 09:20:33.330" endtime="20230725 09:20:33.357"/>
</kw>
<kw name="click element" library="common_keyword">
<arg>${locator}</arg>
<kw name="Wait Until Element Is Visible" library="SeleniumLibrary">
<arg>${locator}</arg>
<doc>Waits until the element ``locator`` is visible.</doc>
<status status="PASS" starttime="20230725 09:20:33.358" endtime="20230725 09:20:33.379"/>
</kw>
<kw name="click element" library="common_keyword">
<arg>${locator}</arg>
<kw name="Wait Until Element Is Visible" library="SeleniumLibrary">
<arg>${locator}</arg>
<doc>Waits until the element ``locator`` is visible.</doc>
<status status="PASS" starttime="20230725 09:20:33.380" endtime="20230725 09:20:33.402"/>
</kw>
<kw name="click element" library="common_keyword">
<arg>${locator}</arg>
<kw name="Wait Until Element Is Visible" library="SeleniumLibrary">
<arg>${locator}</arg>
<doc>Waits until the element ``locator`` is visible.</doc>
<status status="PASS" starttime="20230725 09:20:33.403" endtime="20230725 09:20:33.423"/>
</kw>
<kw name="click element" library="common_keyword">
<arg>${locator}</arg>
<kw name="Wait Until Element Is Visible" library="SeleniumLibrary">
<arg>${locator}</arg>
<doc>Waits until the element ``locator`` is visible.</doc>
<status status="PASS" starttime="20230725 09:20:33.423" endtime="20230725 09:20:33.446"/>
</kw>
<kw name="click element" library="common_keyword">
<arg>${locator}</arg>
<kw name="Wait Until Element Is Visible" library="SeleniumLibrary">
<arg>${locator}</arg>
<doc>Waits until the element ``locator`` is visible.</doc>
<status status="PASS" starttime="20230725 09:20:33.447" endtime="20230725 09:20:33.469"/>
</kw>
<kw name="click element" library="common_keyword">
<arg>${locator}</arg>
<kw name="Wait Until Element Is Visible" library="SeleniumLibrary">
<arg>${locator}</arg>
<doc>Waits until the element ``locator`` is visible.</doc>
<status status="PASS" starttime="20230725 09:20:33.470" endtime="20230725 09:20:33.515"/>
</kw>
<kw name="click element" library="common_keyword">
<arg>${locator}</arg>
<kw name="Wait Until Element Is Visible" library="SeleniumLibrary">
<arg>${locator}</arg>
<doc>Waits until the element ``locator`` is visible.</doc>
<status status="PASS" starttime="20230725 09:20:33.515" endtime="20230725 09:20:33.538"/>
</kw>
<kw name="click element" library="common_keyword">
<arg>${locator}</arg>
<kw name="Wait Until Element Is Visible" library="SeleniumLibrary">
<arg>${locator}</arg>
<doc>Waits until the element ``locator`` is visible.</doc>
<status status="PASS" starttime="20230725 09:20:33.538" endtime="20230725 09:20:33.560"/>
</kw>
<kw name="click element" library="common_keyword">
<arg>${locator}</arg>
<kw name="Wait Until Element Is Visible" library="SeleniumLibrary">
<arg>${locator}</arg>
<doc>Waits until the element ``locator`` is visible.</doc>
<status status="PASS" starttime="20230725 09:20:33.561" endtime="20230725 09:20:33.585"/>
</kw>
<kw name="click element" library="common_keyword">
<arg>${locator}</arg>
<kw name="Wait Until Element Is Visible" library="SeleniumLibrary">
<arg>${locator}</arg>
<doc>Waits until the element ``locator`` is visible.</doc>
<status status="PASS" starttime="20230725 09:20:33.586" endtime="20230725 09:20:33.608"/>
</kw>
<kw name="click element" library="common_keyword">
<arg>${locator}</arg>
<kw name="Wait Until Element Is Visible" library="SeleniumLibrary">
<arg>${locator}</arg>
<doc>Waits until the element ``locator`` is visible.</doc>
<status status="PASS" starttime="20230725 09:20:33.609" endtime="20230725 09:20:33.630"/>
</kw>
<kw name="click element" library="common_keyword">
<arg>${locator}</arg>
<kw name="Wait Until Element Is Visible" library="SeleniumLibrary">
<arg>${locator}</arg>
<doc>Waits until the element ``locator`` is visible.</doc>
<status status="PASS" starttime="20230725 09:20:33.630" endtime="20230725 09:20:33.652"/>
</kw>
<kw name="click element" library="common_keyword">
<arg>${locator}</arg>
<kw name="Wait Until Element Is Visible" library="SeleniumLibrary">
<arg>${locator}</arg>
<doc>Waits until the element ``locator`` is visible.</doc>
<status status="PASS" starttime="20230725 09:20:33.652" endtime="20230725 09:20:33.671"/>
</kw>
<kw name="click element" library="common_keyword">
<arg>${locator}</arg>
<kw name="Wait Until Element Is Visible" library="SeleniumLibrary">
<arg>${locator}</arg>
<doc>Waits until the element ``locator`` is visible.</doc>
<status status="PASS" starttime="20230725 09:20:33.672" endtime="20230725 09:20:33.698"/>
</kw>
<kw name="click element" library="common_keyword">
<arg>${locator}</arg>
<kw name="Wait Until Element Is Visible" library="SeleniumLibrary">
<arg>${locator}</arg>
<doc>Waits until the element ``locator`` is visible.</doc>
<status status="PASS" starttime="20230725 09:20:33.699" endtime="20230725 09:20:33.725"/>
</kw>
<kw name="click element" library="common_keyword">
<arg>${locator}</arg>
<kw name="Wait Until Element Is Visible" library="SeleniumLibrary">
<arg>${locator}</arg>
<doc>Waits until the element ``locator`` is visible.</doc>
<status status="PASS" starttime="20230725 09:20:33.725" endtime="20230725 09:20:33.777"/>
</kw>
<kw name="click element" library="common_keyword">
<arg>${locator}</arg>
<kw name="Wait Until Element Is Visible" library="SeleniumLibrary">
<arg>${locator}</arg>
<doc>Waits until the element ``locator`` is visible.</doc>
<status status="PASS" starttime="20230725 09:20:33.777" endtime="20230725 09:20:33.798"/>
</kw>
<kw name="click element" library="common_keyword">
<arg>${locator}</arg>
<kw name="Wait Until Element Is Visible" library="SeleniumLibrary">
<arg>${locator}</arg>
<doc>Waits until the element ``locator`` is visible.</doc>
<status status="PASS" starttime="20230725 09:20:33.799" endtime="20230725 09:20:33.843"/>
</kw>
<kw name="click element" library="common_keyword">
<arg>${locator}</arg>
<kw name="Wait Until Element Is Visible" library="SeleniumLibrary">
<arg>${locator}</arg>
<doc>Waits until the element ``locator`` is visible.</doc>
<status status="PASS" starttime="20230725 09:20:33.844" endtime="20230725 09:20:33.862"/>
</kw>
<kw name="click element" library="common_keyword">
<arg>${locator}</arg>
<kw name="Wait Until Element Is Visible" library="SeleniumLibrary">
<arg>${locator}</arg>
<doc>Waits until the element ``locator`` is visible.</doc>
<status status="PASS" starttime="20230725 09:20:33.862" endtime="20230725 09:20:33.880"/>
</kw>
<kw name="click element" library="common_keyword">
<arg>${locator}</arg>
<kw name="Wait Until Element Is Visible" library="SeleniumLibrary">
<arg>${locator}</arg>
<doc>Waits until the element ``locator`` is visible.</doc>
<status status="PASS" starttime="20230725 09:20:33.881" endtime="20230725 09:20:33.901"/>
</kw>
<kw name="click element" library="common_keyword">
<arg>${locator}</arg>
<kw name="Wait Until Element Is Visible" library="SeleniumLibrary">
<arg>${locator}</arg>
<doc>Waits until the element ``locator`` is visible.</doc>
<status status="PASS" starttime="20230725 09:20:33.902" endtime="20230725 09:20:33.922"/>
</kw>
<kw name="click element" library="common_keyword">
<arg>${locator}</arg>
<kw name="Wait Until Element Is Visible" library="SeleniumLibrary">
<arg>${locator}</arg>
<doc>Waits until the element ``locator`` is visible.</doc>
<status status="PASS" starttime="20230725 09:20:33.923" endtime="20230725 09:20:33.946"/>
</kw>
<kw name="click element" library="common_keyword">
<arg>${locator}</arg>
<kw name="Wait Until Element Is Visible" library="SeleniumLibrary">
<arg>${locator}</arg>
<doc>Waits until the element ``locator`` is visible.</doc>
<status status="PASS" starttime="20230725 09:20:33.947" endtime="20230725 09:20:33.968"/>
</kw>
<kw name="click element" library="common_keyword">
<arg>${locator}</arg>
<kw name="Wait Until Element Is Visible" library="SeleniumLibrary">
<arg>${locator}</arg>
<doc>Waits until the element ``locator`` is visible.</doc>
<status status="PASS" starttime="20230725 09:20:33.969" endtime="20230725 09:20:33.989"/>
</kw>
<kw name="click element" library="common_keyword">
<arg>${locator}</arg>
<kw name="Wait Until Element Is Visible" library="SeleniumLibrary">
<arg>${locator}</arg>
<doc>Waits until the element ``locator`` is visible.</doc>
<status status="PASS" starttime="20230725 09:20:33.990" endtime="20230725 09:20:34.028"/>
</kw>
<kw name="click element" library="common_keyword">
<arg>${locator}</arg>
<kw name="Wait Until Element Is Visible" library="SeleniumLibrary">
<arg>${locator}</arg>
<doc>Waits until the element ``locator`` is visible.</doc>
<status status="PASS" starttime="20230725 09:20:34.028" endtime="20230725 09:20:34.048"/>
</kw>
<kw name="click element" library="common_keyword">
<arg>${locator}</arg>
<kw name="Wait Until Element Is Visible" library="SeleniumLibrary">
<arg>${locator}</arg>
<doc>Waits until the element ``locator`` is visible.</doc>
<status status="PASS" starttime="20230725 09:20:34.049" endtime="20230725 09:20:34.068"/>
</kw>
<kw name="click element" library="common_keyword">
<arg>${locator}</arg>
<kw name="Wait Until Element Is Visible" library="SeleniumLibrary">
<arg>${locator}</arg>
<doc>Waits until the element ``locator`` is visible.</doc>
<status status="PASS" starttime="20230725 09:20:34.069" endtime="20230725 09:20:34.090"/>
</kw>
<kw name="click element" library="common_keyword">
<arg>${locator}</arg>
<kw name="Wait Until Element Is Visible" library="SeleniumLibrary">
<arg>${locator}</arg>
<doc>Waits until the element ``locator`` is visible.</doc>
<status status="PASS" starttime="20230725 09:20:34.090" endtime="20230725 09:20:34.112"/>
</kw>
<kw name="click element" library="common_keyword">
<arg>${locator}</arg>
<kw name="Wait Until Element Is Visible" library="SeleniumLibrary">
<arg>${locator}</arg>
<doc>Waits until the element ``locator`` is visible.</doc>
<status status="PASS" starttime="20230725 09:20:34.113" endtime="20230725 09:20:34.134"/>
</kw>
<kw name="click element" library="common_keyword">
<arg>${locator}</arg>
<kw name="Wait Until Element Is Visible" library="SeleniumLibrary">
<arg>${locator}</arg>
<doc>Waits until the element ``locator`` is visible.</doc>
<status status="PASS" starttime="20230725 09:20:34.135" endtime="20230725 09:20:34.154"/>
</kw>
<kw name="click element" library="common_keyword">
<arg>${locator}</arg>
<kw name="Wait Until Element Is Visible" library="SeleniumLibrary">
<arg>${locator}</arg>
<doc>Waits until the element ``locator`` is visible.</doc>
<status status="PASS" starttime="20230725 09:20:34.154" endtime="20230725 09:20:34.179"/>
</kw>
<kw name="click element" library="common_keyword">
<arg>${locator}</arg>
<msg timestamp="20230725 09:20:34.180" level="FAIL">Maximum limit of started keywords and control structures exceeded.</msg>
<status status="FAIL" starttime="20230725 09:20:34.179" endtime="20230725 09:20:34.180"/>
</kw>
<status status="FAIL" starttime="20230725 09:20:34.154" endtime="20230725 09:20:34.181"/>
</kw>
<status status="FAIL" starttime="20230725 09:20:34.134" endtime="20230725 09:20:34.181"/>
</kw>
<status status="FAIL" starttime="20230725 09:20:34.112" endtime="20230725 09:20:34.182"/>
</kw>
<status status="FAIL" starttime="20230725 09:20:34.090" endtime="20230725 09:20:34.182"/>
</kw>
<status status="FAIL" starttime="20230725 09:20:34.068" endtime="20230725 09:20:34.182"/>
</kw>
<status status="FAIL" starttime="20230725 09:20:34.048" endtime="20230725 09:20:34.183"/>
</kw>
<status status="FAIL" starttime="20230725 09:20:34.028" endtime="20230725 09:20:34.183"/>
</kw>
<status status="FAIL" starttime="20230725 09:20:33.989" endtime="20230725 09:20:34.183"/>
</kw>
<status status="FAIL" starttime="20230725 09:20:33.968" endtime="20230725 09:20:34.183"/>
</kw>
<status status="FAIL" starttime="20230725 09:20:33.946" endtime="20230725 09:20:34.185"/>
</kw>
<status status="FAIL" starttime="20230725 09:20:33.922" endtime="20230725 09:20:34.185"/>
</kw>
<status status="FAIL" starttime="20230725 09:20:33.902" endtime="20230725 09:20:34.185"/>
</kw>
<status status="FAIL" starttime="20230725 09:20:33.881" endtime="20230725 09:20:34.185"/>
</kw>
<status status="FAIL" starttime="20230725 09:20:33.862" endtime="20230725 09:20:34.186"/>
</kw>
<status status="FAIL" starttime="20230725 09:20:33.843" endtime="20230725 09:20:34.186"/>
</kw>
<status status="FAIL" starttime="20230725 09:20:33.798" endtime="20230725 09:20:34.186"/>
</kw>
<status status="FAIL" starttime="20230725 09:20:33.777" endtime="20230725 09:20:34.186"/>
</kw>
<status status="FAIL" starttime="20230725 09:20:33.725" endtime="20230725 09:20:34.187"/>
</kw>
<status status="FAIL" starttime="20230725 09:20:33.698" endtime="20230725 09:20:34.187"/>
</kw>
<status status="FAIL" starttime="20230725 09:20:33.671" endtime="20230725 09:20:34.187"/>
</kw>
<status status="FAIL" starttime="20230725 09:20:33.652" endtime="20230725 09:20:34.187"/>
</kw>
<status status="FAIL" starttime="20230725 09:20:33.630" endtime="20230725 09:20:34.188"/>
</kw>
<status status="FAIL" starttime="20230725 09:20:33.608" endtime="20230725 09:20:34.188"/>
</kw>
<status status="FAIL" starttime="20230725 09:20:33.585" endtime="20230725 09:20:34.188"/>
</kw>
<status status="FAIL" starttime="20230725 09:20:33.560" endtime="20230725 09:20:34.188"/>
</kw>
<status status="FAIL" starttime="20230725 09:20:33.538" endtime="20230725 09:20:34.189"/>
</kw>
<status status="FAIL" starttime="20230725 09:20:33.515" endtime="20230725 09:20:34.189"/>
</kw>
<status status="FAIL" starttime="20230725 09:20:33.469" endtime="20230725 09:20:34.189"/>
</kw>
<status status="FAIL" starttime="20230725 09:20:33.446" endtime="20230725 09:20:34.189"/>
</kw>
<status status="FAIL" starttime="20230725 09:20:33.423" endtime="20230725 09:20:34.189"/>
</kw>
<status status="FAIL" starttime="20230725 09:20:33.403" endtime="20230725 09:20:34.189"/>
</kw>
<status status="FAIL" starttime="20230725 09:20:33.379" endtime="20230725 09:20:34.189"/>
</kw>
<status status="FAIL" starttime="20230725 09:20:33.357" endtime="20230725 09:20:34.190"/>
</kw>
<status status="FAIL" starttime="20230725 09:20:33.330" endtime="20230725 09:20:34.190"/>
</kw>
<status status="FAIL" starttime="20230725 09:20:33.306" endtime="20230725 09:20:34.190"/>
</kw>
<status status="FAIL" starttime="20230725 09:20:33.284" endtime="20230725 09:20:34.190"/>
</kw>
<status status="FAIL" starttime="20230725 09:20:33.252" endtime="20230725 09:20:34.191"/>
</kw>
<status status="FAIL" starttime="20230725 09:20:33.195" endtime="20230725 09:20:34.191"/>
</kw>
<status status="FAIL" starttime="20230725 09:20:33.176" endtime="20230725 09:20:34.191"/>
</kw>
<status status="FAIL" starttime="20230725 09:20:33.152" endtime="20230725 09:20:34.191"/>
</kw>
<status status="FAIL" starttime="20230725 09:20:33.124" endtime="20230725 09:20:34.193"/>
</kw>
<status status="FAIL" starttime="20230725 09:20:33.094" endtime="20230725 09:20:34.193"/>
</kw>
<status status="FAIL" starttime="20230725 09:20:33.069" endtime="20230725 09:20:34.193"/>
</kw>
<status status="FAIL" starttime="20230725 09:20:33.042" endtime="20230725 09:20:34.193"/>
</kw>
<status status="FAIL" starttime="20230725 09:20:33.017" endtime="20230725 09:20:34.193"/>
</kw>
<status status="FAIL" starttime="20230725 09:20:32.992" endtime="20230725 09:20:34.194"/>
</kw>
<status status="FAIL" starttime="20230725 09:20:32.947" endtime="20230725 09:20:34.194"/>
</kw>
<status status="FAIL" starttime="20230725 09:20:32.923" endtime="20230725 09:20:34.194"/>
</kw>
<status status="FAIL" starttime="20230725 09:20:32.896" endtime="20230725 09:20:34.194"/>
</kw>
<status status="FAIL" starttime="20230725 09:20:32.872" endtime="20230725 09:20:34.195"/>
</kw>
<status status="FAIL" starttime="20230725 09:20:32.837" endtime="20230725 09:20:34.195"/>
</kw>
<status status="FAIL" starttime="20230725 09:20:32.814" endtime="20230725 09:20:34.195"/>
</kw>
<status status="FAIL" starttime="20230725 09:20:32.790" endtime="20230725 09:20:34.195"/>
</kw>
<status status="FAIL" starttime="20230725 09:20:32.767" endtime="20230725 09:20:34.196"/>
</kw>
<status status="FAIL" starttime="20230725 09:20:32.743" endtime="20230725 09:20:34.196"/>
</kw>
<status status="FAIL" starttime="20230725 09:20:32.722" endtime="20230725 09:20:34.196"/>
</kw>
<status status="FAIL" starttime="20230725 09:20:32.667" endtime="20230725 09:20:34.197"/>
</kw>
<status status="FAIL" starttime="20230725 09:20:32.636" endtime="20230725 09:20:34.197"/>
</kw>
<status status="FAIL" starttime="20230725 09:20:32.587" endtime="20230725 09:20:34.197"/>
</kw>
<status status="FAIL" starttime="20230725 09:20:32.552" endtime="20230725 09:20:34.197"/>
</kw>
<status status="FAIL" starttime="20230725 09:20:32.503" endtime="20230725 09:20:34.198"/>
</kw>
<status status="FAIL" starttime="20230725 09:20:32.479" endtime="20230725 09:20:34.198"/>
</kw>
<status status="FAIL" starttime="20230725 09:20:32.422" endtime="20230725 09:20:34.198"/>
</kw>
<status status="FAIL" starttime="20230725 09:20:32.400" endtime="20230725 09:20:34.199"/>
</kw>
<status status="FAIL" starttime="20230725 09:20:32.377" endtime="20230725 09:20:34.199"/>
</kw>
<status status="FAIL" starttime="20230725 09:20:32.330" endtime="20230725 09:20:34.199"/>
</kw>
<status status="FAIL" starttime="20230725 09:20:32.303" endtime="20230725 09:20:34.199"/>
</kw>
<status status="FAIL" starttime="20230725 09:20:32.277" endtime="20230725 09:20:34.199"/>
</kw>
<status status="FAIL" starttime="20230725 09:20:32.244" endtime="20230725 09:20:34.200"/>
</kw>
<status status="FAIL" starttime="20230725 09:20:32.220" endtime="20230725 09:20:34.200"/>
</kw>
<status status="FAIL" starttime="20230725 09:20:32.159" endtime="20230725 09:20:34.200"/>
</kw>
<status status="FAIL" starttime="20230725 09:20:32.137" endtime="20230725 09:20:34.200"/>
</kw>
<status status="FAIL" starttime="20230725 09:20:32.117" endtime="20230725 09:20:34.201"/>
</kw>
<status status="FAIL" starttime="20230725 09:20:32.079" endtime="20230725 09:20:34.201"/>
</kw>
<status status="FAIL" starttime="20230725 09:20:31.960" endtime="20230725 09:20:34.201"/>
</kw>
<status status="FAIL" starttime="20230725 09:20:31.933" endtime="20230725 09:20:34.201"/>
</kw>
<status status="FAIL" starttime="20230725 09:20:31.889" endtime="20230725 09:20:34.202"/>
</kw>
<status status="FAIL" starttime="20230725 09:20:31.865" endtime="20230725 09:20:34.202"/>
</kw>
<status status="FAIL" starttime="20230725 09:20:31.842" endtime="20230725 09:20:34.202"/>
</kw>
<status status="FAIL" starttime="20230725 09:20:31.821" endtime="20230725 09:20:34.202"/>
</kw>
<status status="FAIL" starttime="20230725 09:20:31.798" endtime="20230725 09:20:34.202"/>
</kw>
<status status="FAIL" starttime="20230725 09:20:31.778" endtime="20230725 09:20:34.203"/>
</kw>
<status status="FAIL" starttime="20230725 09:20:31.759" endtime="20230725 09:20:34.203"/>
</kw>
<status status="FAIL" starttime="20230725 09:20:31.739" endtime="20230725 09:20:34.203"/>
</kw>
<status status="FAIL" starttime="20230725 09:20:31.717" endtime="20230725 09:20:34.203"/>
</kw>
<status status="FAIL" starttime="20230725 09:20:31.694" endtime="20230725 09:20:34.204"/>
</kw>
<status status="FAIL" starttime="20230725 09:20:31.625" endtime="20230725 09:20:34.204"/>
</kw>
<status status="FAIL" starttime="20230725 09:20:31.598" endtime="20230725 09:20:34.204"/>
</kw>
<status status="FAIL" starttime="20230725 09:20:31.574" endtime="20230725 09:20:34.204"/>
</kw>
<status status="FAIL" starttime="20230725 09:20:31.552" endtime="20230725 09:20:34.204"/>
</kw>
<status status="FAIL" starttime="20230725 09:20:31.529" endtime="20230725 09:20:34.204"/>
</kw>
<status status="FAIL" starttime="20230725 09:20:31.505" endtime="20230725 09:20:34.204"/>
</kw>
<status status="FAIL" starttime="20230725 09:20:31.480" endtime="20230725 09:20:34.205"/>
</kw>
<status status="FAIL" starttime="20230725 09:20:31.454" endtime="20230725 09:20:34.205"/>
</kw>
<status status="FAIL" starttime="20230725 09:20:31.430" endtime="20230725 09:20:34.205"/>
</kw>
<status status="FAIL" starttime="20230725 09:20:31.388" endtime="20230725 09:20:34.205"/>
</kw>
<status status="FAIL" starttime="20230725 09:20:28.067" endtime="20230725 09:20:34.205"/>
</kw>
<status status="FAIL" starttime="20230725 09:20:22.797" endtime="20230725 09:20:34.205"/>
</kw>
<kw name="click element" library="common_keyword">
<arg>${option_logout}</arg>
<kw name="Wait Until Element Is Visible" library="SeleniumLibrary">
<arg>${locator}</arg>
<doc>Waits until the element ``locator`` is visible.</doc>
<status status="PASS" starttime="20230725 09:20:34.206" endtime="20230725 09:20:38.752"/>
</kw>
<kw name="click element" library="common_keyword">
<arg>${locator}</arg>
<kw name="Wait Until Element Is Visible" library="SeleniumLibrary">
<arg>${locator}</arg>
<doc>Waits until the element ``locator`` is visible.</doc>
<status status="PASS" starttime="20230725 09:20:38.753" endtime="20230725 09:20:38.774"/>
</kw>
<kw name="click element" library="common_keyword">
<arg>${locator}</arg>
<kw name="Wait Until Element Is Visible" library="SeleniumLibrary">
<arg>${locator}</arg>
<doc>Waits until the element ``locator`` is visible.</doc>
<status status="PASS" starttime="20230725 09:20:38.774" endtime="20230725 09:20:38.795"/>
</kw>
<kw name="click element" library="common_keyword">
<arg>${locator}</arg>
<kw name="Wait Until Element Is Visible" library="SeleniumLibrary">
<arg>${locator}</arg>
<doc>Waits until the element ``locator`` is visible.</doc>
<status status="PASS" starttime="20230725 09:20:38.796" endtime="20230725 09:20:38.815"/>
</kw>
<kw name="click element" library="common_keyword">
<arg>${locator}</arg>
<kw name="Wait Until Element Is Visible" library="SeleniumLibrary">
<arg>${locator}</arg>
<doc>Waits until the element ``locator`` is visible.</doc>
<status status="PASS" starttime="20230725 09:20:38.815" endtime="20230725 09:20:38.835"/>
</kw>
<kw name="click element" library="common_keyword">
<arg>${locator}</arg>
<kw name="Wait Until Element Is Visible" library="SeleniumLibrary">
<arg>${locator}</arg>
<doc>Waits until the element ``locator`` is visible.</doc>
<status status="PASS" starttime="20230725 09:20:38.835" endtime="20230725 09:20:38.854"/>
</kw>
<kw name="click element" library="common_keyword">
<arg>${locator}</arg>
<kw name="Wait Until Element Is Visible" library="SeleniumLibrary">
<arg>${locator}</arg>
<doc>Waits until the element ``locator`` is visible.</doc>
<status status="PASS" starttime="20230725 09:20:38.855" endtime="20230725 09:20:38.874"/>
</kw>
<kw name="click element" library="common_keyword">
<arg>${locator}</arg>
<kw name="Wait Until Element Is Visible" library="SeleniumLibrary">
<arg>${locator}</arg>
<doc>Waits until the element ``locator`` is visible.</doc>
<status status="PASS" starttime="20230725 09:20:38.874" endtime="20230725 09:20:38.893"/>
</kw>
<kw name="click element" library="common_keyword">
<arg>${locator}</arg>
<kw name="Wait Until Element Is Visible" library="SeleniumLibrary">
<arg>${locator}</arg>
<doc>Waits until the element ``locator`` is visible.</doc>
<status status="PASS" starttime="20230725 09:20:38.894" endtime="20230725 09:20:38.913"/>
</kw>
<kw name="click element" library="common_keyword">
<arg>${locator}</arg>
<kw name="Wait Until Element Is Visible" library="SeleniumLibrary">
<arg>${locator}</arg>
<doc>Waits until the element ``locator`` is visible.</doc>
<status status="PASS" starttime="20230725 09:20:38.914" endtime="20230725 09:20:38.931"/>
</kw>
<kw name="click element" library="common_keyword">
<arg>${locator}</arg>
<kw name="Wait Until Element Is Visible" library="SeleniumLibrary">
<arg>${locator}</arg>
<doc>Waits until the element ``locator`` is visible.</doc>
<status status="PASS" starttime="20230725 09:20:38.933" endtime="20230725 09:20:38.952"/>
</kw>
<kw name="click element" library="common_keyword">
<arg>${locator}</arg>
<kw name="Wait Until Element Is Visible" library="SeleniumLibrary">
<arg>${locator}</arg>
<doc>Waits until the element ``locator`` is visible.</doc>
<status status="PASS" starttime="20230725 09:20:38.953" endtime="20230725 09:20:38.974"/>
</kw>
<kw name="click element" library="common_keyword">
<arg>${locator}</arg>
<kw name="Wait Until Element Is Visible" library="SeleniumLibrary">
<arg>${locator}</arg>
<doc>Waits until the element ``locator`` is visible.</doc>
<status status="PASS" starttime="20230725 09:20:38.974" endtime="20230725 09:20:39.012"/>
</kw>
<kw name="click element" library="common_keyword">
<arg>${locator}</arg>
<kw name="Wait Until Element Is Visible" library="SeleniumLibrary">
<arg>${locator}</arg>
<doc>Waits until the element ``locator`` is visible.</doc>
<status status="PASS" starttime="20230725 09:20:39.014" endtime="20230725 09:20:39.033"/>
</kw>
<kw name="click element" library="common_keyword">
<arg>${locator}</arg>
<kw name="Wait Until Element Is Visible" library="SeleniumLibrary">
<arg>${locator}</arg>
<doc>Waits until the element ``locator`` is visible.</doc>
<status status="PASS" starttime="20230725 09:20:39.034" endtime="20230725 09:20:39.060"/>
</kw>
<kw name="click element" library="common_keyword">
<arg>${locator}</arg>
<kw name="Wait Until Element Is Visible" library="SeleniumLibrary">
<arg>${locator}</arg>
<doc>Waits until the element ``locator`` is visible.</doc>
<status status="PASS" starttime="20230725 09:20:39.060" endtime="20230725 09:20:39.086"/>
</kw>
<kw name="click element" library="common_keyword">
<arg>${locator}</arg>
<kw name="Wait Until Element Is Visible" library="SeleniumLibrary">
<arg>${locator}</arg>
<doc>Waits until the element ``locator`` is visible.</doc>
<status status="PASS" starttime="20230725 09:20:39.087" endtime="20230725 09:20:39.113"/>
</kw>
<kw name="click element" library="common_keyword">
<arg>${locator}</arg>
<kw name="Wait Until Element Is Visible" library="SeleniumLibrary">
<arg>${locator}</arg>
<doc>Waits until the element ``locator`` is visible.</doc>
<status status="PASS" starttime="20230725 09:20:39.114" endtime="20230725 09:20:39.145"/>
</kw>
<kw name="click element" library="common_keyword">
<arg>${locator}</arg>
<kw name="Wait Until Element Is Visible" library="SeleniumLibrary">
<arg>${locator}</arg>
<doc>Waits until the element ``locator`` is visible.</doc>
<status status="PASS" starttime="20230725 09:20:39.145" endtime="20230725 09:20:39.167"/>
</kw>
<kw name="click element" library="common_keyword">
<arg>${locator}</arg>
<kw name="Wait Until Element Is Visible" library="SeleniumLibrary">
<arg>${locator}</arg>
<doc>Waits until the element ``locator`` is visible.</doc>
<status status="PASS" starttime="20230725 09:20:39.168" endtime="20230725 09:20:39.187"/>
</kw>
<kw name="click element" library="common_keyword">
<arg>${locator}</arg>
<kw name="Wait Until Element Is Visible" library="SeleniumLibrary">
<arg>${locator}</arg>
<doc>Waits until the element ``locator`` is visible.</doc>
<status status="PASS" starttime="20230725 09:20:39.188" endtime="20230725 09:20:39.207"/>
</kw>
<kw name="click element" library="common_keyword">
<arg>${locator}</arg>
<kw name="Wait Until Element Is Visible" library="SeleniumLibrary">
<arg>${locator}</arg>
<doc>Waits until the element ``locator`` is visible.</doc>
<status status="PASS" starttime="20230725 09:20:39.208" endtime="20230725 09:20:39.227"/>
</kw>
<kw name="click element" library="common_keyword">
<arg>${locator}</arg>
<kw name="Wait Until Element Is Visible" library="SeleniumLibrary">
<arg>${locator}</arg>
<doc>Waits until the element ``locator`` is visible.</doc>
<status status="PASS" starttime="20230725 09:20:39.228" endtime="20230725 09:20:39.273"/>
</kw>
<kw name="click element" library="common_keyword">
<arg>${locator}</arg>
<kw name="Wait Until Element Is Visible" library="SeleniumLibrary">
<arg>${locator}</arg>
<doc>Waits until the element ``locator`` is visible.</doc>
<status status="PASS" starttime="20230725 09:20:39.273" endtime="20230725 09:20:39.294"/>
</kw>
<kw name="click element" library="common_keyword">
<arg>${locator}</arg>
<kw name="Wait Until Element Is Visible" library="SeleniumLibrary">
<arg>${locator}</arg>
<doc>Waits until the element ``locator`` is visible.</doc>
<status status="PASS" starttime="20230725 09:20:39.295" endtime="20230725 09:20:39.314"/>
</kw>
<kw name="click element" library="common_keyword">
<arg>${locator}</arg>
<kw name="Wait Until Element Is Visible" library="SeleniumLibrary">
<arg>${locator}</arg>
<doc>Waits until the element ``locator`` is visible.</doc>
<status status="PASS" starttime="20230725 09:20:39.315" endtime="20230725 09:20:39.333"/>
</kw>
<kw name="click element" library="common_keyword">
<arg>${locator}</arg>
<kw name="Wait Until Element Is Visible" library="SeleniumLibrary">
<arg>${locator}</arg>
<doc>Waits until the element ``locator`` is visible.</doc>
<status status="PASS" starttime="20230725 09:20:39.334" endtime="20230725 09:20:39.353"/>
</kw>
<kw name="click element" library="common_keyword">
<arg>${locator}</arg>
<kw name="Wait Until Element Is Visible" library="SeleniumLibrary">
<arg>${locator}</arg>
<doc>Waits until the element ``locator`` is visible.</doc>
<status status="PASS" starttime="20230725 09:20:39.353" endtime="20230725 09:20:39.373"/>
</kw>
<kw name="click element" library="common_keyword">
<arg>${locator}</arg>
<kw name="Wait Until Element Is Visible" library="SeleniumLibrary">
<arg>${locator}</arg>
<doc>Waits until the element ``locator`` is visible.</doc>
<status status="PASS" starttime="20230725 09:20:39.374" endtime="20230725 09:20:39.393"/>
</kw>
<kw name="click element" library="common_keyword">
<arg>${locator}</arg>
<kw name="Wait Until Element Is Visible" library="SeleniumLibrary">
<arg>${locator}</arg>
<doc>Waits until the element ``locator`` is visible.</doc>
<status status="PASS" starttime="20230725 09:20:39.393" endtime="20230725 09:20:39.412"/>
</kw>
<kw name="click element" library="common_keyword">
<arg>${locator}</arg>
<kw name="Wait Until Element Is Visible" library="SeleniumLibrary">
<arg>${locator}</arg>
<doc>Waits until the element ``locator`` is visible.</doc>
<status status="PASS" starttime="20230725 09:20:39.413" endtime="20230725 09:20:39.431"/>
</kw>
<kw name="click element" library="common_keyword">
<arg>${locator}</arg>
<kw name="Wait Until Element Is Visible" library="SeleniumLibrary">
<arg>${locator}</arg>
<doc>Waits until the element ``locator`` is visible.</doc>
<status status="PASS" starttime="20230725 09:20:39.432" endtime="20230725 09:20:39.449"/>
</kw>
<kw name="click element" library="common_keyword">
<arg>${locator}</arg>
<kw name="Wait Until Element Is Visible" library="SeleniumLibrary">
<arg>${locator}</arg>
<doc>Waits until the element ``locator`` is visible.</doc>
<status status="PASS" starttime="20230725 09:20:39.450" endtime="20230725 09:20:39.468"/>
</kw>
<kw name="click element" library="common_keyword">
<arg>${locator}</arg>
<kw name="Wait Until Element Is Visible" library="SeleniumLibrary">
<arg>${locator}</arg>
<doc>Waits until the element ``locator`` is visible.</doc>
<status status="PASS" starttime="20230725 09:20:39.468" endtime="20230725 09:20:39.486"/>
</kw>
<kw name="click element" library="common_keyword">
<arg>${locator}</arg>
<kw name="Wait Until Element Is Visible" library="SeleniumLibrary">
<arg>${locator}</arg>
<doc>Waits until the element ``locator`` is visible.</doc>
<status status="PASS" starttime="20230725 09:20:39.487" endtime="20230725 09:20:39.506"/>
</kw>
<kw name="click element" library="common_keyword">
<arg>${locator}</arg>
<kw name="Wait Until Element Is Visible" library="SeleniumLibrary">
<arg>${locator}</arg>
<doc>Waits until the element ``locator`` is visible.</doc>
<status status="PASS" starttime="20230725 09:20:39.508" endtime="20230725 09:20:39.541"/>
</kw>
<kw name="click element" library="common_keyword">
<arg>${locator}</arg>
<kw name="Wait Until Element Is Visible" library="SeleniumLibrary">
<arg>${locator}</arg>
<doc>Waits until the element ``locator`` is visible.</doc>
<status status="PASS" starttime="20230725 09:20:39.541" endtime="20230725 09:20:39.560"/>
</kw>
<kw name="click element" library="common_keyword">
<arg>${locator}</arg>
<kw name="Wait Until Element Is Visible" library="SeleniumLibrary">
<arg>${locator}</arg>
<doc>Waits until the element ``locator`` is visible.</doc>
<status status="PASS" starttime="20230725 09:20:39.560" endtime="20230725 09:20:39.580"/>
</kw>
<kw name="click element" library="common_keyword">
<arg>${locator}</arg>
<kw name="Wait Until Element Is Visible" library="SeleniumLibrary">
<arg>${locator}</arg>
<doc>Waits until the element ``locator`` is visible.</doc>
<status status="PASS" starttime="20230725 09:20:39.580" endtime="20230725 09:20:39.602"/>
</kw>
<kw name="click element" library="common_keyword">
<arg>${locator}</arg>
<kw name="Wait Until Element Is Visible" library="SeleniumLibrary">
<arg>${locator}</arg>
<doc>Waits until the element ``locator`` is visible.</doc>
<status status="PASS" starttime="20230725 09:20:39.602" endtime="20230725 09:20:39.623"/>
</kw>
<kw name="click element" library="common_keyword">
<arg>${locator}</arg>
<kw name="Wait Until Element Is Visible" library="SeleniumLibrary">
<arg>${locator}</arg>
<doc>Waits until the element ``locator`` is visible.</doc>
<status status="PASS" starttime="20230725 09:20:39.624" endtime="20230725 09:20:39.647"/>
</kw>
<kw name="click element" library="common_keyword">
<arg>${locator}</arg>
<kw name="Wait Until Element Is Visible" library="SeleniumLibrary">
<arg>${locator}</arg>
<doc>Waits until the element ``locator`` is visible.</doc>
<status status="PASS" starttime="20230725 09:20:39.648" endtime="20230725 09:20:39.675"/>
</kw>
<kw name="click element" library="common_keyword">
<arg>${locator}</arg>
<kw name="Wait Until Element Is Visible" library="SeleniumLibrary">
<arg>${locator}</arg>
<doc>Waits until the element ``locator`` is visible.</doc>
<status status="PASS" starttime="20230725 09:20:39.677" endtime="20230725 09:20:39.705"/>
</kw>
<kw name="click element" library="common_keyword">
<arg>${locator}</arg>
<kw name="Wait Until Element Is Visible" library="SeleniumLibrary">
<arg>${locator}</arg>
<doc>Waits until the element ``locator`` is visible.</doc>
<status status="PASS" starttime="20230725 09:20:39.706" endtime="20230725 09:20:39.734"/>
</kw>
<kw name="click element" library="common_keyword">
<arg>${locator}</arg>
<kw name="Wait Until Element Is Visible" library="SeleniumLibrary">
<arg>${locator}</arg>
<doc>Waits until the element ``locator`` is visible.</doc>
<status status="PASS" starttime="20230725 09:20:39.734" endtime="20230725 09:20:39.763"/>
</kw>
<kw name="click element" library="common_keyword">
<arg>${locator}</arg>
<kw name="Wait Until Element Is Visible" library="SeleniumLibrary">
<arg>${locator}</arg>
<doc>Waits until the element ``locator`` is visible.</doc>
<status status="PASS" starttime="20230725 09:20:39.763" endtime="20230725 09:20:39.832"/>
</kw>
<kw name="click element" library="common_keyword">
<arg>${locator}</arg>
<kw name="Wait Until Element Is Visible" library="SeleniumLibrary">
<arg>${locator}</arg>
<doc>Waits until the element ``locator`` is visible.</doc>
<status status="PASS" starttime="20230725 09:20:39.833" endtime="20230725 09:20:39.858"/>
</kw>
<kw name="click element" library="common_keyword">
<arg>${locator}</arg>
<kw name="Wait Until Element Is Visible" library="SeleniumLibrary">
<arg>${locator}</arg>
<doc>Waits until the element ``locator`` is visible.</doc>
<status status="PASS" starttime="20230725 09:20:39.859" endtime="20230725 09:20:40.699"/>
</kw>
<kw name="click element" library="common_keyword">
<arg>${locator}</arg>
<kw name="Wait Until Element Is Visible" library="SeleniumLibrary">
<arg>${locator}</arg>
<doc>Waits until the element ``locator`` is visible.</doc>
<msg timestamp="20230725 09:20:44.196" level="WARN">Keyword 'Capture Page Screenshot' could not be run on failure: Message: no such window: target window already closed
from unknown error: web view not found
  (Session info: chrome=115.0.5790.102)
Stacktrace:
Backtrace:
	GetHandleVerifier [0x00C4A813+48355]
	(No symbol) [0x00BDC4B1]
	(No symbol) [0x00AE5358]
	(No symbol) [0x00ACD293]
	(No symbol) [0x00B2E37B]
	(No symbol) [0x00B3C473]
	(No symbol) [0x00B2A536]
	(No symbol) [0x00B082DC]
	(No symbol) [0x00B093DD]
	GetHandleVerifier [0x00EAAABD+2539405]
	GetHandleVerifier [0x00EEA78F+2800735]
	GetHandleVerifier [0x00EE456C+2775612]
	GetHandleVerifier [0x00CD51E0+616112]
	(No symbol) [0x00BE5F8C]
	(No symbol) [0x00BE2328]
	(No symbol) [0x00BE240B]
	(No symbol) [0x00BD4FF7]
	BaseThreadInitThunk [0x765E7D59+25]
	RtlInitializeExceptionChain [0x7762B79B+107]
	RtlClearBits [0x7762B71F+191]
</msg>
<msg timestamp="20230725 09:20:44.196" level="FAIL">NoSuchWindowException: Message: no such window: target window already closed
from unknown error: web view not found
  (Session info: chrome=115.0.5790.102)
Stacktrace:
Backtrace:
	GetHandleVerifier [0x00C4A813+48355]
	(No symbol) [0x00BDC4B1]
	(No symbol) [0x00AE5358]
	(No symbol) [0x00ACD293]
	(No symbol) [0x00B2E37B]
	(No symbol) [0x00B3C473]
	(No symbol) [0x00B2A536]
	(No symbol) [0x00B082DC]
	(No symbol) [0x00B093DD]
	GetHandleVerifier [0x00EAAABD+2539405]
	GetHandleVerifier [0x00EEA78F+2800735]
	GetHandleVerifier [0x00EE456C+2775612]
	GetHandleVerifier [0x00CD51E0+616112]
	(No symbol) [0x00BE5F8C]
	(No symbol) [0x00BE2328]
	(No symbol) [0x00BE240B]
	(No symbol) [0x00BD4FF7]
	BaseThreadInitThunk [0x765E7D59+25]
	RtlInitializeExceptionChain [0x7762B79B+107]
	RtlClearBits [0x7762B71F+191]
</msg>
<status status="FAIL" starttime="20230725 09:20:40.700" endtime="20230725 09:20:44.566"/>
</kw>
<kw name="click element" library="common_keyword">
<arg>${locator}</arg>
<kw name="Wait Until Element Is Visible" library="SeleniumLibrary">
<arg>${locator}</arg>
<doc>Waits until the element ``locator`` is visible.</doc>
<msg timestamp="20230725 09:20:44.604" level="WARN">Keyword 'Capture Page Screenshot' could not be run on failure: Message: no such window: target window already closed
from unknown error: web view not found
  (Session info: chrome=115.0.5790.102)
Stacktrace:
Backtrace:
	GetHandleVerifier [0x00C4A813+48355]
	(No symbol) [0x00BDC4B1]
	(No symbol) [0x00AE5358]
	(No symbol) [0x00ACD293]
	(No symbol) [0x00B2E37B]
	(No symbol) [0x00B3C473]
	(No symbol) [0x00B2A536]
	(No symbol) [0x00B082DC]
	(No symbol) [0x00B093DD]
	GetHandleVerifier [0x00EAAABD+2539405]
	GetHandleVerifier [0x00EEA78F+2800735]
	GetHandleVerifier [0x00EE456C+2775612]
	GetHandleVerifier [0x00CD51E0+616112]
	(No symbol) [0x00BE5F8C]
	(No symbol) [0x00BE2328]
	(No symbol) [0x00BE240B]
	(No symbol) [0x00BD4FF7]
	BaseThreadInitThunk [0x765E7D59+25]
	RtlInitializeExceptionChain [0x7762B79B+107]
	RtlClearBits [0x7762B71F+191]
</msg>
<msg timestamp="20230725 09:20:44.605" level="FAIL">NoSuchWindowException: Message: no such window: target window already closed
from unknown error: web view not found
  (Session info: chrome=115.0.5790.102)
Stacktrace:
Backtrace:
	GetHandleVerifier [0x00C4A813+48355]
	(No symbol) [0x00BDC4B1]
	(No symbol) [0x00AE5358]
	(No symbol) [0x00ACD293]
	(No symbol) [0x00B2E37B]
	(No symbol) [0x00B3C473]
	(No symbol) [0x00B2A536]
	(No symbol) [0x00B082DC]
	(No symbol) [0x00B093DD]
	GetHandleVerifier [0x00EAAABD+2539405]
	GetHandleVerifier [0x00EEA78F+2800735]
	GetHandleVerifier [0x00EE456C+2775612]
	GetHandleVerifier [0x00CD51E0+616112]
	(No symbol) [0x00BE5F8C]
	(No symbol) [0x00BE2328]
	(No symbol) [0x00BE240B]
	(No symbol) [0x00BD4FF7]
	BaseThreadInitThunk [0x765E7D59+25]
	RtlInitializeExceptionChain [0x7762B79B+107]
	RtlClearBits [0x7762B71F+191]
</msg>
<status status="FAIL" starttime="20230725 09:20:44.568" endtime="20230725 09:20:44.609"/>
</kw>
<kw name="click element" library="common_keyword">
<arg>${locator}</arg>
<kw name="Wait Until Element Is Visible" library="SeleniumLibrary">
<arg>${locator}</arg>
<doc>Waits until the element ``locator`` is visible.</doc>
<msg timestamp="20230725 09:20:44.620" level="WARN">Keyword 'Capture Page Screenshot' could not be run on failure: Message: no such window: target window already closed
from unknown error: web view not found
  (Session info: chrome=115.0.5790.102)
Stacktrace:
Backtrace:
	GetHandleVerifier [0x00C4A813+48355]
	(No symbol) [0x00BDC4B1]
	(No symbol) [0x00AE5358]
	(No symbol) [0x00ACD293]
	(No symbol) [0x00B2E37B]
	(No symbol) [0x00B3C473]
	(No symbol) [0x00B2A536]
	(No symbol) [0x00B082DC]
	(No symbol) [0x00B093DD]
	GetHandleVerifier [0x00EAAABD+2539405]
	GetHandleVerifier [0x00EEA78F+2800735]
	GetHandleVerifier [0x00EE456C+2775612]
	GetHandleVerifier [0x00CD51E0+616112]
	(No symbol) [0x00BE5F8C]
	(No symbol) [0x00BE2328]
	(No symbol) [0x00BE240B]
	(No symbol) [0x00BD4FF7]
	BaseThreadInitThunk [0x765E7D59+25]
	RtlInitializeExceptionChain [0x7762B79B+107]
	RtlClearBits [0x7762B71F+191]
</msg>
<msg timestamp="20230725 09:20:44.621" level="FAIL">NoSuchWindowException: Message: no such window: target window already closed
from unknown error: web view not found
  (Session info: chrome=115.0.5790.102)
Stacktrace:
Backtrace:
	GetHandleVerifier [0x00C4A813+48355]
	(No symbol) [0x00BDC4B1]
	(No symbol) [0x00AE5358]
	(No symbol) [0x00ACD293]
	(No symbol) [0x00B2E37B]
	(No symbol) [0x00B3C473]
	(No symbol) [0x00B2A536]
	(No symbol) [0x00B082DC]
	(No symbol) [0x00B093DD]
	GetHandleVerifier [0x00EAAABD+2539405]
	GetHandleVerifier [0x00EEA78F+2800735]
	GetHandleVerifier [0x00EE456C+2775612]
	GetHandleVerifier [0x00CD51E0+616112]
	(No symbol) [0x00BE5F8C]
	(No symbol) [0x00BE2328]
	(No symbol) [0x00BE240B]
	(No symbol) [0x00BD4FF7]
	BaseThreadInitThunk [0x765E7D59+25]
	RtlInitializeExceptionChain [0x7762B79B+107]
	RtlClearBits [0x7762B71F+191]
</msg>
<status status="FAIL" starttime="20230725 09:20:44.610" endtime="20230725 09:20:44.624"/>
</kw>
<kw name="click element" library="common_keyword">
<arg>${locator}</arg>
<kw name="Wait Until Element Is Visible" library="SeleniumLibrary">
<arg>${locator}</arg>
<doc>Waits until the element ``locator`` is visible.</doc>
<msg timestamp="20230725 09:20:44.644" level="WARN">Keyword 'Capture Page Screenshot' could not be run on failure: Message: no such window: target window already closed
from unknown error: web view not found
  (Session info: chrome=115.0.5790.102)
Stacktrace:
Backtrace:
	GetHandleVerifier [0x00C4A813+48355]
	(No symbol) [0x00BDC4B1]
	(No symbol) [0x00AE5358]
	(No symbol) [0x00ACD293]
	(No symbol) [0x00B2E37B]
	(No symbol) [0x00B3C473]
	(No symbol) [0x00B2A536]
	(No symbol) [0x00B082DC]
	(No symbol) [0x00B093DD]
	GetHandleVerifier [0x00EAAABD+2539405]
	GetHandleVerifier [0x00EEA78F+2800735]
	GetHandleVerifier [0x00EE456C+2775612]
	GetHandleVerifier [0x00CD51E0+616112]
	(No symbol) [0x00BE5F8C]
	(No symbol) [0x00BE2328]
	(No symbol) [0x00BE240B]
	(No symbol) [0x00BD4FF7]
	BaseThreadInitThunk [0x765E7D59+25]
	RtlInitializeExceptionChain [0x7762B79B+107]
	RtlClearBits [0x7762B71F+191]
</msg>
<msg timestamp="20230725 09:20:44.644" level="FAIL">NoSuchWindowException: Message: no such window: target window already closed
from unknown error: web view not found
  (Session info: chrome=115.0.5790.102)
Stacktrace:
Backtrace:
	GetHandleVerifier [0x00C4A813+48355]
	(No symbol) [0x00BDC4B1]
	(No symbol) [0x00AE5358]
	(No symbol) [0x00ACD293]
	(No symbol) [0x00B2E37B]
	(No symbol) [0x00B3C473]
	(No symbol) [0x00B2A536]
	(No symbol) [0x00B082DC]
	(No symbol) [0x00B093DD]
	GetHandleVerifier [0x00EAAABD+2539405]
	GetHandleVerifier [0x00EEA78F+2800735]
	GetHandleVerifier [0x00EE456C+2775612]
	GetHandleVerifier [0x00CD51E0+616112]
	(No symbol) [0x00BE5F8C]
	(No symbol) [0x00BE2328]
	(No symbol) [0x00BE240B]
	(No symbol) [0x00BD4FF7]
	BaseThreadInitThunk [0x765E7D59+25]
	RtlInitializeExceptionChain [0x7762B79B+107]
	RtlClearBits [0x7762B71F+191]
</msg>
<status status="FAIL" starttime="20230725 09:20:44.625" endtime="20230725 09:20:44.647"/>
</kw>
<kw name="click element" library="common_keyword">
<arg>${locator}</arg>
<kw name="Wait Until Element Is Visible" library="SeleniumLibrary">
<arg>${locator}</arg>
<doc>Waits until the element ``locator`` is visible.</doc>
<msg timestamp="20230725 09:20:44.689" level="WARN">Keyword 'Capture Page Screenshot' could not be run on failure: Message: no such window: target window already closed
from unknown error: web view not found
  (Session info: chrome=115.0.5790.102)
Stacktrace:
Backtrace:
	GetHandleVerifier [0x00C4A813+48355]
	(No symbol) [0x00BDC4B1]
	(No symbol) [0x00AE5358]
	(No symbol) [0x00ACD293]
	(No symbol) [0x00B2E37B]
	(No symbol) [0x00B3C473]
	(No symbol) [0x00B2A536]
	(No symbol) [0x00B082DC]
	(No symbol) [0x00B093DD]
	GetHandleVerifier [0x00EAAABD+2539405]
	GetHandleVerifier [0x00EEA78F+2800735]
	GetHandleVerifier [0x00EE456C+2775612]
	GetHandleVerifier [0x00CD51E0+616112]
	(No symbol) [0x00BE5F8C]
	(No symbol) [0x00BE2328]
	(No symbol) [0x00BE240B]
	(No symbol) [0x00BD4FF7]
	BaseThreadInitThunk [0x765E7D59+25]
	RtlInitializeExceptionChain [0x7762B79B+107]
	RtlClearBits [0x7762B71F+191]
</msg>
<msg timestamp="20230725 09:20:44.689" level="FAIL">NoSuchWindowException: Message: no such window: target window already closed
from unknown error: web view not found
  (Session info: chrome=115.0.5790.102)
Stacktrace:
Backtrace:
	GetHandleVerifier [0x00C4A813+48355]
	(No symbol) [0x00BDC4B1]
	(No symbol) [0x00AE5358]
	(No symbol) [0x00ACD293]
	(No symbol) [0x00B2E37B]
	(No symbol) [0x00B3C473]
	(No symbol) [0x00B2A536]
	(No symbol) [0x00B082DC]
	(No symbol) [0x00B093DD]
	GetHandleVerifier [0x00EAAABD+2539405]
	GetHandleVerifier [0x00EEA78F+2800735]
	GetHandleVerifier [0x00EE456C+2775612]
	GetHandleVerifier [0x00CD51E0+616112]
	(No symbol) [0x00BE5F8C]
	(No symbol) [0x00BE2328]
	(No symbol) [0x00BE240B]
	(No symbol) [0x00BD4FF7]
	BaseThreadInitThunk [0x765E7D59+25]
	RtlInitializeExceptionChain [0x7762B79B+107]
	RtlClearBits [0x7762B71F+191]
</msg>
<status status="FAIL" starttime="20230725 09:20:44.648" endtime="20230725 09:20:44.692"/>
</kw>
<kw name="click element" library="common_keyword">
<arg>${locator}</arg>
<kw name="Wait Until Element Is Visible" library="SeleniumLibrary">
<arg>${locator}</arg>
<doc>Waits until the element ``locator`` is visible.</doc>
<msg timestamp="20230725 09:20:44.700" level="WARN">Keyword 'Capture Page Screenshot' could not be run on failure: Message: no such window: target window already closed
from unknown error: web view not found
  (Session info: chrome=115.0.5790.102)
Stacktrace:
Backtrace:
	GetHandleVerifier [0x00C4A813+48355]
	(No symbol) [0x00BDC4B1]
	(No symbol) [0x00AE5358]
	(No symbol) [0x00ACD293]
	(No symbol) [0x00B2E37B]
	(No symbol) [0x00B3C473]
	(No symbol) [0x00B2A536]
	(No symbol) [0x00B082DC]
	(No symbol) [0x00B093DD]
	GetHandleVerifier [0x00EAAABD+2539405]
	GetHandleVerifier [0x00EEA78F+2800735]
	GetHandleVerifier [0x00EE456C+2775612]
	GetHandleVerifier [0x00CD51E0+616112]
	(No symbol) [0x00BE5F8C]
	(No symbol) [0x00BE2328]
	(No symbol) [0x00BE240B]
	(No symbol) [0x00BD4FF7]
	BaseThreadInitThunk [0x765E7D59+25]
	RtlInitializeExceptionChain [0x7762B79B+107]
	RtlClearBits [0x7762B71F+191]
</msg>
<msg timestamp="20230725 09:20:44.702" level="FAIL">NoSuchWindowException: Message: no such window: target window already closed
from unknown error: web view not found
  (Session info: chrome=115.0.5790.102)
Stacktrace:
Backtrace:
	GetHandleVerifier [0x00C4A813+48355]
	(No symbol) [0x00BDC4B1]
	(No symbol) [0x00AE5358]
	(No symbol) [0x00ACD293]
	(No symbol) [0x00B2E37B]
	(No symbol) [0x00B3C473]
	(No symbol) [0x00B2A536]
	(No symbol) [0x00B082DC]
	(No symbol) [0x00B093DD]
	GetHandleVerifier [0x00EAAABD+2539405]
	GetHandleVerifier [0x00EEA78F+2800735]
	GetHandleVerifier [0x00EE456C+2775612]
	GetHandleVerifier [0x00CD51E0+616112]
	(No symbol) [0x00BE5F8C]
	(No symbol) [0x00BE2328]
	(No symbol) [0x00BE240B]
	(No symbol) [0x00BD4FF7]
	BaseThreadInitThunk [0x765E7D59+25]
	RtlInitializeExceptionChain [0x7762B79B+107]
	RtlClearBits [0x7762B71F+191]
</msg>
<status status="FAIL" starttime="20230725 09:20:44.693" endtime="20230725 09:20:44.705"/>
</kw>
<kw name="click element" library="common_keyword">
<arg>${locator}</arg>
<kw name="Wait Until Element Is Visible" library="SeleniumLibrary">
<arg>${locator}</arg>
<doc>Waits until the element ``locator`` is visible.</doc>
<msg timestamp="20230725 09:20:44.714" level="WARN">Keyword 'Capture Page Screenshot' could not be run on failure: Message: no such window: target window already closed
from unknown error: web view not found
  (Session info: chrome=115.0.5790.102)
Stacktrace:
Backtrace:
	GetHandleVerifier [0x00C4A813+48355]
	(No symbol) [0x00BDC4B1]
	(No symbol) [0x00AE5358]
	(No symbol) [0x00ACD293]
	(No symbol) [0x00B2E37B]
	(No symbol) [0x00B3C473]
	(No symbol) [0x00B2A536]
	(No symbol) [0x00B082DC]
	(No symbol) [0x00B093DD]
	GetHandleVerifier [0x00EAAABD+2539405]
	GetHandleVerifier [0x00EEA78F+2800735]
	GetHandleVerifier [0x00EE456C+2775612]
	GetHandleVerifier [0x00CD51E0+616112]
	(No symbol) [0x00BE5F8C]
	(No symbol) [0x00BE2328]
	(No symbol) [0x00BE240B]
	(No symbol) [0x00BD4FF7]
	BaseThreadInitThunk [0x765E7D59+25]
	RtlInitializeExceptionChain [0x7762B79B+107]
	RtlClearBits [0x7762B71F+191]
</msg>
<msg timestamp="20230725 09:20:44.716" level="FAIL">NoSuchWindowException: Message: no such window: target window already closed
from unknown error: web view not found
  (Session info: chrome=115.0.5790.102)
Stacktrace:
Backtrace:
	GetHandleVerifier [0x00C4A813+48355]
	(No symbol) [0x00BDC4B1]
	(No symbol) [0x00AE5358]
	(No symbol) [0x00ACD293]
	(No symbol) [0x00B2E37B]
	(No symbol) [0x00B3C473]
	(No symbol) [0x00B2A536]
	(No symbol) [0x00B082DC]
	(No symbol) [0x00B093DD]
	GetHandleVerifier [0x00EAAABD+2539405]
	GetHandleVerifier [0x00EEA78F+2800735]
	GetHandleVerifier [0x00EE456C+2775612]
	GetHandleVerifier [0x00CD51E0+616112]
	(No symbol) [0x00BE5F8C]
	(No symbol) [0x00BE2328]
	(No symbol) [0x00BE240B]
	(No symbol) [0x00BD4FF7]
	BaseThreadInitThunk [0x765E7D59+25]
	RtlInitializeExceptionChain [0x7762B79B+107]
	RtlClearBits [0x7762B71F+191]
</msg>
<status status="FAIL" starttime="20230725 09:20:44.706" endtime="20230725 09:20:44.719"/>
</kw>
<kw name="click element" library="common_keyword">
<arg>${locator}</arg>
<kw name="Wait Until Element Is Visible" library="SeleniumLibrary">
<arg>${locator}</arg>
<doc>Waits until the element ``locator`` is visible.</doc>
<msg timestamp="20230725 09:20:44.728" level="WARN">Keyword 'Capture Page Screenshot' could not be run on failure: Message: no such window: target window already closed
from unknown error: web view not found
  (Session info: chrome=115.0.5790.102)
Stacktrace:
Backtrace:
	GetHandleVerifier [0x00C4A813+48355]
	(No symbol) [0x00BDC4B1]
	(No symbol) [0x00AE5358]
	(No symbol) [0x00ACD293]
	(No symbol) [0x00B2E37B]
	(No symbol) [0x00B3C473]
	(No symbol) [0x00B2A536]
	(No symbol) [0x00B082DC]
	(No symbol) [0x00B093DD]
	GetHandleVerifier [0x00EAAABD+2539405]
	GetHandleVerifier [0x00EEA78F+2800735]
	GetHandleVerifier [0x00EE456C+2775612]
	GetHandleVerifier [0x00CD51E0+616112]
	(No symbol) [0x00BE5F8C]
	(No symbol) [0x00BE2328]
	(No symbol) [0x00BE240B]
	(No symbol) [0x00BD4FF7]
	BaseThreadInitThunk [0x765E7D59+25]
	RtlInitializeExceptionChain [0x7762B79B+107]
	RtlClearBits [0x7762B71F+191]
</msg>
<msg timestamp="20230725 09:20:44.728" level="FAIL">NoSuchWindowException: Message: no such window: target window already closed
from unknown error: web view not found
  (Session info: chrome=115.0.5790.102)
Stacktrace:
Backtrace:
	GetHandleVerifier [0x00C4A813+48355]
	(No symbol) [0x00BDC4B1]
	(No symbol) [0x00AE5358]
	(No symbol) [0x00ACD293]
	(No symbol) [0x00B2E37B]
	(No symbol) [0x00B3C473]
	(No symbol) [0x00B2A536]
	(No symbol) [0x00B082DC]
	(No symbol) [0x00B093DD]
	GetHandleVerifier [0x00EAAABD+2539405]
	GetHandleVerifier [0x00EEA78F+2800735]
	GetHandleVerifier [0x00EE456C+2775612]
	GetHandleVerifier [0x00CD51E0+616112]
	(No symbol) [0x00BE5F8C]
	(No symbol) [0x00BE2328]
	(No symbol) [0x00BE240B]
	(No symbol) [0x00BD4FF7]
	BaseThreadInitThunk [0x765E7D59+25]
	RtlInitializeExceptionChain [0x7762B79B+107]
	RtlClearBits [0x7762B71F+191]
</msg>
<status status="FAIL" starttime="20230725 09:20:44.720" endtime="20230725 09:20:44.731"/>
</kw>
<kw name="click element" library="common_keyword">
<arg>${locator}</arg>
<kw name="Wait Until Element Is Visible" library="SeleniumLibrary">
<arg>${locator}</arg>
<doc>Waits until the element ``locator`` is visible.</doc>
<msg timestamp="20230725 09:20:44.739" level="WARN">Keyword 'Capture Page Screenshot' could not be run on failure: Message: no such window: target window already closed
from unknown error: web view not found
  (Session info: chrome=115.0.5790.102)
Stacktrace:
Backtrace:
	GetHandleVerifier [0x00C4A813+48355]
	(No symbol) [0x00BDC4B1]
	(No symbol) [0x00AE5358]
	(No symbol) [0x00ACD293]
	(No symbol) [0x00B2E37B]
	(No symbol) [0x00B3C473]
	(No symbol) [0x00B2A536]
	(No symbol) [0x00B082DC]
	(No symbol) [0x00B093DD]
	GetHandleVerifier [0x00EAAABD+2539405]
	GetHandleVerifier [0x00EEA78F+2800735]
	GetHandleVerifier [0x00EE456C+2775612]
	GetHandleVerifier [0x00CD51E0+616112]
	(No symbol) [0x00BE5F8C]
	(No symbol) [0x00BE2328]
	(No symbol) [0x00BE240B]
	(No symbol) [0x00BD4FF7]
	BaseThreadInitThunk [0x765E7D59+25]
	RtlInitializeExceptionChain [0x7762B79B+107]
	RtlClearBits [0x7762B71F+191]
</msg>
<msg timestamp="20230725 09:20:44.740" level="FAIL">NoSuchWindowException: Message: no such window: target window already closed
from unknown error: web view not found
  (Session info: chrome=115.0.5790.102)
Stacktrace:
Backtrace:
	GetHandleVerifier [0x00C4A813+48355]
	(No symbol) [0x00BDC4B1]
	(No symbol) [0x00AE5358]
	(No symbol) [0x00ACD293]
	(No symbol) [0x00B2E37B]
	(No symbol) [0x00B3C473]
	(No symbol) [0x00B2A536]
	(No symbol) [0x00B082DC]
	(No symbol) [0x00B093DD]
	GetHandleVerifier [0x00EAAABD+2539405]
	GetHandleVerifier [0x00EEA78F+2800735]
	GetHandleVerifier [0x00EE456C+2775612]
	GetHandleVerifier [0x00CD51E0+616112]
	(No symbol) [0x00BE5F8C]
	(No symbol) [0x00BE2328]
	(No symbol) [0x00BE240B]
	(No symbol) [0x00BD4FF7]
	BaseThreadInitThunk [0x765E7D59+25]
	RtlInitializeExceptionChain [0x7762B79B+107]
	RtlClearBits [0x7762B71F+191]
</msg>
<status status="FAIL" starttime="20230725 09:20:44.732" endtime="20230725 09:20:44.743"/>
</kw>
<kw name="click element" library="common_keyword">
<arg>${locator}</arg>
<kw name="Wait Until Element Is Visible" library="SeleniumLibrary">
<arg>${locator}</arg>
<doc>Waits until the element ``locator`` is visible.</doc>
<msg timestamp="20230725 09:20:44.751" level="WARN">Keyword 'Capture Page Screenshot' could not be run on failure: Message: no such window: target window already closed
from unknown error: web view not found
  (Session info: chrome=115.0.5790.102)
Stacktrace:
Backtrace:
	GetHandleVerifier [0x00C4A813+48355]
	(No symbol) [0x00BDC4B1]
	(No symbol) [0x00AE5358]
	(No symbol) [0x00ACD293]
	(No symbol) [0x00B2E37B]
	(No symbol) [0x00B3C473]
	(No symbol) [0x00B2A536]
	(No symbol) [0x00B082DC]
	(No symbol) [0x00B093DD]
	GetHandleVerifier [0x00EAAABD+2539405]
	GetHandleVerifier [0x00EEA78F+2800735]
	GetHandleVerifier [0x00EE456C+2775612]
	GetHandleVerifier [0x00CD51E0+616112]
	(No symbol) [0x00BE5F8C]
	(No symbol) [0x00BE2328]
	(No symbol) [0x00BE240B]
	(No symbol) [0x00BD4FF7]
	BaseThreadInitThunk [0x765E7D59+25]
	RtlInitializeExceptionChain [0x7762B79B+107]
	RtlClearBits [0x7762B71F+191]
</msg>
<msg timestamp="20230725 09:20:44.752" level="FAIL">NoSuchWindowException: Message: no such window: target window already closed
from unknown error: web view not found
  (Session info: chrome=115.0.5790.102)
Stacktrace:
Backtrace:
	GetHandleVerifier [0x00C4A813+48355]
	(No symbol) [0x00BDC4B1]
	(No symbol) [0x00AE5358]
	(No symbol) [0x00ACD293]
	(No symbol) [0x00B2E37B]
	(No symbol) [0x00B3C473]
	(No symbol) [0x00B2A536]
	(No symbol) [0x00B082DC]
	(No symbol) [0x00B093DD]
	GetHandleVerifier [0x00EAAABD+2539405]
	GetHandleVerifier [0x00EEA78F+2800735]
	GetHandleVerifier [0x00EE456C+2775612]
	GetHandleVerifier [0x00CD51E0+616112]
	(No symbol) [0x00BE5F8C]
	(No symbol) [0x00BE2328]
	(No symbol) [0x00BE240B]
	(No symbol) [0x00BD4FF7]
	BaseThreadInitThunk [0x765E7D59+25]
	RtlInitializeExceptionChain [0x7762B79B+107]
	RtlClearBits [0x7762B71F+191]
</msg>
<status status="FAIL" starttime="20230725 09:20:44.745" endtime="20230725 09:20:44.758"/>
</kw>
<kw name="click element" library="common_keyword">
<arg>${locator}</arg>
<kw name="Wait Until Element Is Visible" library="SeleniumLibrary">
<arg>${locator}</arg>
<doc>Waits until the element ``locator`` is visible.</doc>
<msg timestamp="20230725 09:20:44.804" level="WARN">Keyword 'Capture Page Screenshot' could not be run on failure: Message: no such window: target window already closed
from unknown error: web view not found
  (Session info: chrome=115.0.5790.102)
Stacktrace:
Backtrace:
	GetHandleVerifier [0x00C4A813+48355]
	(No symbol) [0x00BDC4B1]
	(No symbol) [0x00AE5358]
	(No symbol) [0x00ACD293]
	(No symbol) [0x00B2E37B]
	(No symbol) [0x00B3C473]
	(No symbol) [0x00B2A536]
	(No symbol) [0x00B082DC]
	(No symbol) [0x00B093DD]
	GetHandleVerifier [0x00EAAABD+2539405]
	GetHandleVerifier [0x00EEA78F+2800735]
	GetHandleVerifier [0x00EE456C+2775612]
	GetHandleVerifier [0x00CD51E0+616112]
	(No symbol) [0x00BE5F8C]
	(No symbol) [0x00BE2328]
	(No symbol) [0x00BE240B]
	(No symbol) [0x00BD4FF7]
	BaseThreadInitThunk [0x765E7D59+25]
	RtlInitializeExceptionChain [0x7762B79B+107]
	RtlClearBits [0x7762B71F+191]
</msg>
<msg timestamp="20230725 09:20:44.806" level="FAIL">NoSuchWindowException: Message: no such window: target window already closed
from unknown error: web view not found
  (Session info: chrome=115.0.5790.102)
Stacktrace:
Backtrace:
	GetHandleVerifier [0x00C4A813+48355]
	(No symbol) [0x00BDC4B1]
	(No symbol) [0x00AE5358]
	(No symbol) [0x00ACD293]
	(No symbol) [0x00B2E37B]
	(No symbol) [0x00B3C473]
	(No symbol) [0x00B2A536]
	(No symbol) [0x00B082DC]
	(No symbol) [0x00B093DD]
	GetHandleVerifier [0x00EAAABD+2539405]
	GetHandleVerifier [0x00EEA78F+2800735]
	GetHandleVerifier [0x00EE456C+2775612]
	GetHandleVerifier [0x00CD51E0+616112]
	(No symbol) [0x00BE5F8C]
	(No symbol) [0x00BE2328]
	(No symbol) [0x00BE240B]
	(No symbol) [0x00BD4FF7]
	BaseThreadInitThunk [0x765E7D59+25]
	RtlInitializeExceptionChain [0x7762B79B+107]
	RtlClearBits [0x7762B71F+191]
</msg>
<status status="FAIL" starttime="20230725 09:20:44.759" endtime="20230725 09:20:44.810"/>
</kw>
<kw name="click element" library="common_keyword">
<arg>${locator}</arg>
<kw name="Wait Until Element Is Visible" library="SeleniumLibrary">
<arg>${locator}</arg>
<doc>Waits until the element ``locator`` is visible.</doc>
<msg timestamp="20230725 09:20:44.822" level="WARN">Keyword 'Capture Page Screenshot' could not be run on failure: Message: no such window: target window already closed
from unknown error: web view not found
  (Session info: chrome=115.0.5790.102)
Stacktrace:
Backtrace:
	GetHandleVerifier [0x00C4A813+48355]
	(No symbol) [0x00BDC4B1]
	(No symbol) [0x00AE5358]
	(No symbol) [0x00ACD293]
	(No symbol) [0x00B2E37B]
	(No symbol) [0x00B3C473]
	(No symbol) [0x00B2A536]
	(No symbol) [0x00B082DC]
	(No symbol) [0x00B093DD]
	GetHandleVerifier [0x00EAAABD+2539405]
	GetHandleVerifier [0x00EEA78F+2800735]
	GetHandleVerifier [0x00EE456C+2775612]
	GetHandleVerifier [0x00CD51E0+616112]
	(No symbol) [0x00BE5F8C]
	(No symbol) [0x00BE2328]
	(No symbol) [0x00BE240B]
	(No symbol) [0x00BD4FF7]
	BaseThreadInitThunk [0x765E7D59+25]
	RtlInitializeExceptionChain [0x7762B79B+107]
	RtlClearBits [0x7762B71F+191]
</msg>
<msg timestamp="20230725 09:20:44.822" level="FAIL">NoSuchWindowException: Message: no such window: target window already closed
from unknown error: web view not found
  (Session info: chrome=115.0.5790.102)
Stacktrace:
Backtrace:
	GetHandleVerifier [0x00C4A813+48355]
	(No symbol) [0x00BDC4B1]
	(No symbol) [0x00AE5358]
	(No symbol) [0x00ACD293]
	(No symbol) [0x00B2E37B]
	(No symbol) [0x00B3C473]
	(No symbol) [0x00B2A536]
	(No symbol) [0x00B082DC]
	(No symbol) [0x00B093DD]
	GetHandleVerifier [0x00EAAABD+2539405]
	GetHandleVerifier [0x00EEA78F+2800735]
	GetHandleVerifier [0x00EE456C+2775612]
	GetHandleVerifier [0x00CD51E0+616112]
	(No symbol) [0x00BE5F8C]
	(No symbol) [0x00BE2328]
	(No symbol) [0x00BE240B]
	(No symbol) [0x00BD4FF7]
	BaseThreadInitThunk [0x765E7D59+25]
	RtlInitializeExceptionChain [0x7762B79B+107]
	RtlClearBits [0x7762B71F+191]
</msg>
<status status="FAIL" starttime="20230725 09:20:44.811" endtime="20230725 09:20:44.825"/>
</kw>
<kw name="click element" library="common_keyword">
<arg>${locator}</arg>
<kw name="Wait Until Element Is Visible" library="SeleniumLibrary">
<arg>${locator}</arg>
<doc>Waits until the element ``locator`` is visible.</doc>
<msg timestamp="20230725 09:20:44.834" level="WARN">Keyword 'Capture Page Screenshot' could not be run on failure: Message: no such window: target window already closed
from unknown error: web view not found
  (Session info: chrome=115.0.5790.102)
Stacktrace:
Backtrace:
	GetHandleVerifier [0x00C4A813+48355]
	(No symbol) [0x00BDC4B1]
	(No symbol) [0x00AE5358]
	(No symbol) [0x00ACD293]
	(No symbol) [0x00B2E37B]
	(No symbol) [0x00B3C473]
	(No symbol) [0x00B2A536]
	(No symbol) [0x00B082DC]
	(No symbol) [0x00B093DD]
	GetHandleVerifier [0x00EAAABD+2539405]
	GetHandleVerifier [0x00EEA78F+2800735]
	GetHandleVerifier [0x00EE456C+2775612]
	GetHandleVerifier [0x00CD51E0+616112]
	(No symbol) [0x00BE5F8C]
	(No symbol) [0x00BE2328]
	(No symbol) [0x00BE240B]
	(No symbol) [0x00BD4FF7]
	BaseThreadInitThunk [0x765E7D59+25]
	RtlInitializeExceptionChain [0x7762B79B+107]
	RtlClearBits [0x7762B71F+191]
</msg>
<msg timestamp="20230725 09:20:44.835" level="FAIL">NoSuchWindowException: Message: no such window: target window already closed
from unknown error: web view not found
  (Session info: chrome=115.0.5790.102)
Stacktrace:
Backtrace:
	GetHandleVerifier [0x00C4A813+48355]
	(No symbol) [0x00BDC4B1]
	(No symbol) [0x00AE5358]
	(No symbol) [0x00ACD293]
	(No symbol) [0x00B2E37B]
	(No symbol) [0x00B3C473]
	(No symbol) [0x00B2A536]
	(No symbol) [0x00B082DC]
	(No symbol) [0x00B093DD]
	GetHandleVerifier [0x00EAAABD+2539405]
	GetHandleVerifier [0x00EEA78F+2800735]
	GetHandleVerifier [0x00EE456C+2775612]
	GetHandleVerifier [0x00CD51E0+616112]
	(No symbol) [0x00BE5F8C]
	(No symbol) [0x00BE2328]
	(No symbol) [0x00BE240B]
	(No symbol) [0x00BD4FF7]
	BaseThreadInitThunk [0x765E7D59+25]
	RtlInitializeExceptionChain [0x7762B79B+107]
	RtlClearBits [0x7762B71F+191]
</msg>
<status status="FAIL" starttime="20230725 09:20:44.827" endtime="20230725 09:20:44.839"/>
</kw>
<kw name="click element" library="common_keyword">
<arg>${locator}</arg>
<kw name="Wait Until Element Is Visible" library="SeleniumLibrary">
<arg>${locator}</arg>
<doc>Waits until the element ``locator`` is visible.</doc>
<msg timestamp="20230725 09:20:44.847" level="WARN">Keyword 'Capture Page Screenshot' could not be run on failure: Message: no such window: target window already closed
from unknown error: web view not found
  (Session info: chrome=115.0.5790.102)
Stacktrace:
Backtrace:
	GetHandleVerifier [0x00C4A813+48355]
	(No symbol) [0x00BDC4B1]
	(No symbol) [0x00AE5358]
	(No symbol) [0x00ACD293]
	(No symbol) [0x00B2E37B]
	(No symbol) [0x00B3C473]
	(No symbol) [0x00B2A536]
	(No symbol) [0x00B082DC]
	(No symbol) [0x00B093DD]
	GetHandleVerifier [0x00EAAABD+2539405]
	GetHandleVerifier [0x00EEA78F+2800735]
	GetHandleVerifier [0x00EE456C+2775612]
	GetHandleVerifier [0x00CD51E0+616112]
	(No symbol) [0x00BE5F8C]
	(No symbol) [0x00BE2328]
	(No symbol) [0x00BE240B]
	(No symbol) [0x00BD4FF7]
	BaseThreadInitThunk [0x765E7D59+25]
	RtlInitializeExceptionChain [0x7762B79B+107]
	RtlClearBits [0x7762B71F+191]
</msg>
<msg timestamp="20230725 09:20:44.848" level="FAIL">NoSuchWindowException: Message: no such window: target window already closed
from unknown error: web view not found
  (Session info: chrome=115.0.5790.102)
Stacktrace:
Backtrace:
	GetHandleVerifier [0x00C4A813+48355]
	(No symbol) [0x00BDC4B1]
	(No symbol) [0x00AE5358]
	(No symbol) [0x00ACD293]
	(No symbol) [0x00B2E37B]
	(No symbol) [0x00B3C473]
	(No symbol) [0x00B2A536]
	(No symbol) [0x00B082DC]
	(No symbol) [0x00B093DD]
	GetHandleVerifier [0x00EAAABD+2539405]
	GetHandleVerifier [0x00EEA78F+2800735]
	GetHandleVerifier [0x00EE456C+2775612]
	GetHandleVerifier [0x00CD51E0+616112]
	(No symbol) [0x00BE5F8C]
	(No symbol) [0x00BE2328]
	(No symbol) [0x00BE240B]
	(No symbol) [0x00BD4FF7]
	BaseThreadInitThunk [0x765E7D59+25]
	RtlInitializeExceptionChain [0x7762B79B+107]
	RtlClearBits [0x7762B71F+191]
</msg>
<status status="FAIL" starttime="20230725 09:20:44.840" endtime="20230725 09:20:44.851"/>
</kw>
<kw name="click element" library="common_keyword">
<arg>${locator}</arg>
<kw name="Wait Until Element Is Visible" library="SeleniumLibrary">
<arg>${locator}</arg>
<doc>Waits until the element ``locator`` is visible.</doc>
<msg timestamp="20230725 09:20:44.857" level="WARN">Keyword 'Capture Page Screenshot' could not be run on failure: Message: no such window: target window already closed
from unknown error: web view not found
  (Session info: chrome=115.0.5790.102)
Stacktrace:
Backtrace:
	GetHandleVerifier [0x00C4A813+48355]
	(No symbol) [0x00BDC4B1]
	(No symbol) [0x00AE5358]
	(No symbol) [0x00ACD293]
	(No symbol) [0x00B2E37B]
	(No symbol) [0x00B3C473]
	(No symbol) [0x00B2A536]
	(No symbol) [0x00B082DC]
	(No symbol) [0x00B093DD]
	GetHandleVerifier [0x00EAAABD+2539405]
	GetHandleVerifier [0x00EEA78F+2800735]
	GetHandleVerifier [0x00EE456C+2775612]
	GetHandleVerifier [0x00CD51E0+616112]
	(No symbol) [0x00BE5F8C]
	(No symbol) [0x00BE2328]
	(No symbol) [0x00BE240B]
	(No symbol) [0x00BD4FF7]
	BaseThreadInitThunk [0x765E7D59+25]
	RtlInitializeExceptionChain [0x7762B79B+107]
	RtlClearBits [0x7762B71F+191]
</msg>
<msg timestamp="20230725 09:20:44.858" level="FAIL">NoSuchWindowException: Message: no such window: target window already closed
from unknown error: web view not found
  (Session info: chrome=115.0.5790.102)
Stacktrace:
Backtrace:
	GetHandleVerifier [0x00C4A813+48355]
	(No symbol) [0x00BDC4B1]
	(No symbol) [0x00AE5358]
	(No symbol) [0x00ACD293]
	(No symbol) [0x00B2E37B]
	(No symbol) [0x00B3C473]
	(No symbol) [0x00B2A536]
	(No symbol) [0x00B082DC]
	(No symbol) [0x00B093DD]
	GetHandleVerifier [0x00EAAABD+2539405]
	GetHandleVerifier [0x00EEA78F+2800735]
	GetHandleVerifier [0x00EE456C+2775612]
	GetHandleVerifier [0x00CD51E0+616112]
	(No symbol) [0x00BE5F8C]
	(No symbol) [0x00BE2328]
	(No symbol) [0x00BE240B]
	(No symbol) [0x00BD4FF7]
	BaseThreadInitThunk [0x765E7D59+25]
	RtlInitializeExceptionChain [0x7762B79B+107]
	RtlClearBits [0x7762B71F+191]
</msg>
<status status="FAIL" starttime="20230725 09:20:44.852" endtime="20230725 09:20:44.862"/>
</kw>
<kw name="click element" library="common_keyword">
<arg>${locator}</arg>
<kw name="Wait Until Element Is Visible" library="SeleniumLibrary">
<arg>${locator}</arg>
<doc>Waits until the element ``locator`` is visible.</doc>
<msg timestamp="20230725 09:20:44.870" level="WARN">Keyword 'Capture Page Screenshot' could not be run on failure: Message: no such window: target window already closed
from unknown error: web view not found
  (Session info: chrome=115.0.5790.102)
Stacktrace:
Backtrace:
	GetHandleVerifier [0x00C4A813+48355]
	(No symbol) [0x00BDC4B1]
	(No symbol) [0x00AE5358]
	(No symbol) [0x00ACD293]
	(No symbol) [0x00B2E37B]
	(No symbol) [0x00B3C473]
	(No symbol) [0x00B2A536]
	(No symbol) [0x00B082DC]
	(No symbol) [0x00B093DD]
	GetHandleVerifier [0x00EAAABD+2539405]
	GetHandleVerifier [0x00EEA78F+2800735]
	GetHandleVerifier [0x00EE456C+2775612]
	GetHandleVerifier [0x00CD51E0+616112]
	(No symbol) [0x00BE5F8C]
	(No symbol) [0x00BE2328]
	(No symbol) [0x00BE240B]
	(No symbol) [0x00BD4FF7]
	BaseThreadInitThunk [0x765E7D59+25]
	RtlInitializeExceptionChain [0x7762B79B+107]
	RtlClearBits [0x7762B71F+191]
</msg>
<msg timestamp="20230725 09:20:44.870" level="FAIL">NoSuchWindowException: Message: no such window: target window already closed
from unknown error: web view not found
  (Session info: chrome=115.0.5790.102)
Stacktrace:
Backtrace:
	GetHandleVerifier [0x00C4A813+48355]
	(No symbol) [0x00BDC4B1]
	(No symbol) [0x00AE5358]
	(No symbol) [0x00ACD293]
	(No symbol) [0x00B2E37B]
	(No symbol) [0x00B3C473]
	(No symbol) [0x00B2A536]
	(No symbol) [0x00B082DC]
	(No symbol) [0x00B093DD]
	GetHandleVerifier [0x00EAAABD+2539405]
	GetHandleVerifier [0x00EEA78F+2800735]
	GetHandleVerifier [0x00EE456C+2775612]
	GetHandleVerifier [0x00CD51E0+616112]
	(No symbol) [0x00BE5F8C]
	(No symbol) [0x00BE2328]
	(No symbol) [0x00BE240B]
	(No symbol) [0x00BD4FF7]
	BaseThreadInitThunk [0x765E7D59+25]
	RtlInitializeExceptionChain [0x7762B79B+107]
	RtlClearBits [0x7762B71F+191]
</msg>
<status status="FAIL" starttime="20230725 09:20:44.864" endtime="20230725 09:20:44.874"/>
</kw>
<kw name="click element" library="common_keyword">
<arg>${locator}</arg>
<kw name="Wait Until Element Is Visible" library="SeleniumLibrary">
<arg>${locator}</arg>
<doc>Waits until the element ``locator`` is visible.</doc>
<msg timestamp="20230725 09:20:44.946" level="WARN">Keyword 'Capture Page Screenshot' could not be run on failure: Message: no such window: target window already closed
from unknown error: web view not found
  (Session info: chrome=115.0.5790.102)
Stacktrace:
Backtrace:
	GetHandleVerifier [0x00C4A813+48355]
	(No symbol) [0x00BDC4B1]
	(No symbol) [0x00AE5358]
	(No symbol) [0x00ACD293]
	(No symbol) [0x00B2E37B]
	(No symbol) [0x00B3C473]
	(No symbol) [0x00B2A536]
	(No symbol) [0x00B082DC]
	(No symbol) [0x00B093DD]
	GetHandleVerifier [0x00EAAABD+2539405]
	GetHandleVerifier [0x00EEA78F+2800735]
	GetHandleVerifier [0x00EE456C+2775612]
	GetHandleVerifier [0x00CD51E0+616112]
	(No symbol) [0x00BE5F8C]
	(No symbol) [0x00BE2328]
	(No symbol) [0x00BE240B]
	(No symbol) [0x00BD4FF7]
	BaseThreadInitThunk [0x765E7D59+25]
	RtlInitializeExceptionChain [0x7762B79B+107]
	RtlClearBits [0x7762B71F+191]
</msg>
<msg timestamp="20230725 09:20:44.946" level="FAIL">NoSuchWindowException: Message: no such window: target window already closed
from unknown error: web view not found
  (Session info: chrome=115.0.5790.102)
Stacktrace:
Backtrace:
	GetHandleVerifier [0x00C4A813+48355]
	(No symbol) [0x00BDC4B1]
	(No symbol) [0x00AE5358]
	(No symbol) [0x00ACD293]
	(No symbol) [0x00B2E37B]
	(No symbol) [0x00B3C473]
	(No symbol) [0x00B2A536]
	(No symbol) [0x00B082DC]
	(No symbol) [0x00B093DD]
	GetHandleVerifier [0x00EAAABD+2539405]
	GetHandleVerifier [0x00EEA78F+2800735]
	GetHandleVerifier [0x00EE456C+2775612]
	GetHandleVerifier [0x00CD51E0+616112]
	(No symbol) [0x00BE5F8C]
	(No symbol) [0x00BE2328]
	(No symbol) [0x00BE240B]
	(No symbol) [0x00BD4FF7]
	BaseThreadInitThunk [0x765E7D59+25]
	RtlInitializeExceptionChain [0x7762B79B+107]
	RtlClearBits [0x7762B71F+191]
</msg>
<status status="FAIL" starttime="20230725 09:20:44.875" endtime="20230725 09:20:44.949"/>
</kw>
<kw name="click element" library="common_keyword">
<arg>${locator}</arg>
<kw name="Wait Until Element Is Visible" library="SeleniumLibrary">
<arg>${locator}</arg>
<doc>Waits until the element ``locator`` is visible.</doc>
<msg timestamp="20230725 09:20:45.005" level="WARN">Keyword 'Capture Page Screenshot' could not be run on failure: Message: no such window: target window already closed
from unknown error: web view not found
  (Session info: chrome=115.0.5790.102)
Stacktrace:
Backtrace:
	GetHandleVerifier [0x00C4A813+48355]
	(No symbol) [0x00BDC4B1]
	(No symbol) [0x00AE5358]
	(No symbol) [0x00ACD293]
	(No symbol) [0x00B2E37B]
	(No symbol) [0x00B3C473]
	(No symbol) [0x00B2A536]
	(No symbol) [0x00B082DC]
	(No symbol) [0x00B093DD]
	GetHandleVerifier [0x00EAAABD+2539405]
	GetHandleVerifier [0x00EEA78F+2800735]
	GetHandleVerifier [0x00EE456C+2775612]
	GetHandleVerifier [0x00CD51E0+616112]
	(No symbol) [0x00BE5F8C]
	(No symbol) [0x00BE2328]
	(No symbol) [0x00BE240B]
	(No symbol) [0x00BD4FF7]
	BaseThreadInitThunk [0x765E7D59+25]
	RtlInitializeExceptionChain [0x7762B79B+107]
	RtlClearBits [0x7762B71F+191]
</msg>
<msg timestamp="20230725 09:20:45.006" level="FAIL">NoSuchWindowException: Message: no such window: target window already closed
from unknown error: web view not found
  (Session info: chrome=115.0.5790.102)
Stacktrace:
Backtrace:
	GetHandleVerifier [0x00C4A813+48355]
	(No symbol) [0x00BDC4B1]
	(No symbol) [0x00AE5358]
	(No symbol) [0x00ACD293]
	(No symbol) [0x00B2E37B]
	(No symbol) [0x00B3C473]
	(No symbol) [0x00B2A536]
	(No symbol) [0x00B082DC]
	(No symbol) [0x00B093DD]
	GetHandleVerifier [0x00EAAABD+2539405]
	GetHandleVerifier [0x00EEA78F+2800735]
	GetHandleVerifier [0x00EE456C+2775612]
	GetHandleVerifier [0x00CD51E0+616112]
	(No symbol) [0x00BE5F8C]
	(No symbol) [0x00BE2328]
	(No symbol) [0x00BE240B]
	(No symbol) [0x00BD4FF7]
	BaseThreadInitThunk [0x765E7D59+25]
	RtlInitializeExceptionChain [0x7762B79B+107]
	RtlClearBits [0x7762B71F+191]
</msg>
<status status="FAIL" starttime="20230725 09:20:44.951" endtime="20230725 09:20:45.009"/>
</kw>
<kw name="click element" library="common_keyword">
<arg>${locator}</arg>
<kw name="Wait Until Element Is Visible" library="SeleniumLibrary">
<arg>${locator}</arg>
<doc>Waits until the element ``locator`` is visible.</doc>
<msg timestamp="20230725 09:20:45.051" level="WARN">Keyword 'Capture Page Screenshot' could not be run on failure: Message: no such window: target window already closed
from unknown error: web view not found
  (Session info: chrome=115.0.5790.102)
Stacktrace:
Backtrace:
	GetHandleVerifier [0x00C4A813+48355]
	(No symbol) [0x00BDC4B1]
	(No symbol) [0x00AE5358]
	(No symbol) [0x00ACD293]
	(No symbol) [0x00B2E37B]
	(No symbol) [0x00B3C473]
	(No symbol) [0x00B2A536]
	(No symbol) [0x00B082DC]
	(No symbol) [0x00B093DD]
	GetHandleVerifier [0x00EAAABD+2539405]
	GetHandleVerifier [0x00EEA78F+2800735]
	GetHandleVerifier [0x00EE456C+2775612]
	GetHandleVerifier [0x00CD51E0+616112]
	(No symbol) [0x00BE5F8C]
	(No symbol) [0x00BE2328]
	(No symbol) [0x00BE240B]
	(No symbol) [0x00BD4FF7]
	BaseThreadInitThunk [0x765E7D59+25]
	RtlInitializeExceptionChain [0x7762B79B+107]
	RtlClearBits [0x7762B71F+191]
</msg>
<msg timestamp="20230725 09:20:45.052" level="FAIL">NoSuchWindowException: Message: no such window: target window already closed
from unknown error: web view not found
  (Session info: chrome=115.0.5790.102)
Stacktrace:
Backtrace:
	GetHandleVerifier [0x00C4A813+48355]
	(No symbol) [0x00BDC4B1]
	(No symbol) [0x00AE5358]
	(No symbol) [0x00ACD293]
	(No symbol) [0x00B2E37B]
	(No symbol) [0x00B3C473]
	(No symbol) [0x00B2A536]
	(No symbol) [0x00B082DC]
	(No symbol) [0x00B093DD]
	GetHandleVerifier [0x00EAAABD+2539405]
	GetHandleVerifier [0x00EEA78F+2800735]
	GetHandleVerifier [0x00EE456C+2775612]
	GetHandleVerifier [0x00CD51E0+616112]
	(No symbol) [0x00BE5F8C]
	(No symbol) [0x00BE2328]
	(No symbol) [0x00BE240B]
	(No symbol) [0x00BD4FF7]
	BaseThreadInitThunk [0x765E7D59+25]
	RtlInitializeExceptionChain [0x7762B79B+107]
	RtlClearBits [0x7762B71F+191]
</msg>
<status status="FAIL" starttime="20230725 09:20:45.010" endtime="20230725 09:20:45.064"/>
</kw>
<kw name="click element" library="common_keyword">
<arg>${locator}</arg>
<kw name="Wait Until Element Is Visible" library="SeleniumLibrary">
<arg>${locator}</arg>
<doc>Waits until the element ``locator`` is visible.</doc>
<msg timestamp="20230725 09:20:45.090" level="WARN">Keyword 'Capture Page Screenshot' could not be run on failure: Message: no such window: target window already closed
from unknown error: web view not found
  (Session info: chrome=115.0.5790.102)
Stacktrace:
Backtrace:
	GetHandleVerifier [0x00C4A813+48355]
	(No symbol) [0x00BDC4B1]
	(No symbol) [0x00AE5358]
	(No symbol) [0x00ACD293]
	(No symbol) [0x00B2E37B]
	(No symbol) [0x00B3C473]
	(No symbol) [0x00B2A536]
	(No symbol) [0x00B082DC]
	(No symbol) [0x00B093DD]
	GetHandleVerifier [0x00EAAABD+2539405]
	GetHandleVerifier [0x00EEA78F+2800735]
	GetHandleVerifier [0x00EE456C+2775612]
	GetHandleVerifier [0x00CD51E0+616112]
	(No symbol) [0x00BE5F8C]
	(No symbol) [0x00BE2328]
	(No symbol) [0x00BE240B]
	(No symbol) [0x00BD4FF7]
	BaseThreadInitThunk [0x765E7D59+25]
	RtlInitializeExceptionChain [0x7762B79B+107]
	RtlClearBits [0x7762B71F+191]
</msg>
<msg timestamp="20230725 09:20:45.090" level="FAIL">NoSuchWindowException: Message: no such window: target window already closed
from unknown error: web view not found
  (Session info: chrome=115.0.5790.102)
Stacktrace:
Backtrace:
	GetHandleVerifier [0x00C4A813+48355]
	(No symbol) [0x00BDC4B1]
	(No symbol) [0x00AE5358]
	(No symbol) [0x00ACD293]
	(No symbol) [0x00B2E37B]
	(No symbol) [0x00B3C473]
	(No symbol) [0x00B2A536]
	(No symbol) [0x00B082DC]
	(No symbol) [0x00B093DD]
	GetHandleVerifier [0x00EAAABD+2539405]
	GetHandleVerifier [0x00EEA78F+2800735]
	GetHandleVerifier [0x00EE456C+2775612]
	GetHandleVerifier [0x00CD51E0+616112]
	(No symbol) [0x00BE5F8C]
	(No symbol) [0x00BE2328]
	(No symbol) [0x00BE240B]
	(No symbol) [0x00BD4FF7]
	BaseThreadInitThunk [0x765E7D59+25]
	RtlInitializeExceptionChain [0x7762B79B+107]
	RtlClearBits [0x7762B71F+191]
</msg>
<status status="FAIL" starttime="20230725 09:20:45.065" endtime="20230725 09:20:45.094"/>
</kw>
<kw name="click element" library="common_keyword">
<arg>${locator}</arg>
<kw name="Wait Until Element Is Visible" library="SeleniumLibrary">
<arg>${locator}</arg>
<doc>Waits until the element ``locator`` is visible.</doc>
<msg timestamp="20230725 09:20:45.122" level="WARN">Keyword 'Capture Page Screenshot' could not be run on failure: Message: no such window: target window already closed
from unknown error: web view not found
  (Session info: chrome=115.0.5790.102)
Stacktrace:
Backtrace:
	GetHandleVerifier [0x00C4A813+48355]
	(No symbol) [0x00BDC4B1]
	(No symbol) [0x00AE5358]
	(No symbol) [0x00ACD293]
	(No symbol) [0x00B2E37B]
	(No symbol) [0x00B3C473]
	(No symbol) [0x00B2A536]
	(No symbol) [0x00B082DC]
	(No symbol) [0x00B093DD]
	GetHandleVerifier [0x00EAAABD+2539405]
	GetHandleVerifier [0x00EEA78F+2800735]
	GetHandleVerifier [0x00EE456C+2775612]
	GetHandleVerifier [0x00CD51E0+616112]
	(No symbol) [0x00BE5F8C]
	(No symbol) [0x00BE2328]
	(No symbol) [0x00BE240B]
	(No symbol) [0x00BD4FF7]
	BaseThreadInitThunk [0x765E7D59+25]
	RtlInitializeExceptionChain [0x7762B79B+107]
	RtlClearBits [0x7762B71F+191]
</msg>
<msg timestamp="20230725 09:20:45.122" level="FAIL">NoSuchWindowException: Message: no such window: target window already closed
from unknown error: web view not found
  (Session info: chrome=115.0.5790.102)
Stacktrace:
Backtrace:
	GetHandleVerifier [0x00C4A813+48355]
	(No symbol) [0x00BDC4B1]
	(No symbol) [0x00AE5358]
	(No symbol) [0x00ACD293]
	(No symbol) [0x00B2E37B]
	(No symbol) [0x00B3C473]
	(No symbol) [0x00B2A536]
	(No symbol) [0x00B082DC]
	(No symbol) [0x00B093DD]
	GetHandleVerifier [0x00EAAABD+2539405]
	GetHandleVerifier [0x00EEA78F+2800735]
	GetHandleVerifier [0x00EE456C+2775612]
	GetHandleVerifier [0x00CD51E0+616112]
	(No symbol) [0x00BE5F8C]
	(No symbol) [0x00BE2328]
	(No symbol) [0x00BE240B]
	(No symbol) [0x00BD4FF7]
	BaseThreadInitThunk [0x765E7D59+25]
	RtlInitializeExceptionChain [0x7762B79B+107]
	RtlClearBits [0x7762B71F+191]
</msg>
<status status="FAIL" starttime="20230725 09:20:45.095" endtime="20230725 09:20:45.126"/>
</kw>
<kw name="click element" library="common_keyword">
<arg>${locator}</arg>
<kw name="Wait Until Element Is Visible" library="SeleniumLibrary">
<arg>${locator}</arg>
<doc>Waits until the element ``locator`` is visible.</doc>
<msg timestamp="20230725 09:20:45.138" level="WARN">Keyword 'Capture Page Screenshot' could not be run on failure: Message: no such window: target window already closed
from unknown error: web view not found
  (Session info: chrome=115.0.5790.102)
Stacktrace:
Backtrace:
	GetHandleVerifier [0x00C4A813+48355]
	(No symbol) [0x00BDC4B1]
	(No symbol) [0x00AE5358]
	(No symbol) [0x00ACD293]
	(No symbol) [0x00B2E37B]
	(No symbol) [0x00B3C473]
	(No symbol) [0x00B2A536]
	(No symbol) [0x00B082DC]
	(No symbol) [0x00B093DD]
	GetHandleVerifier [0x00EAAABD+2539405]
	GetHandleVerifier [0x00EEA78F+2800735]
	GetHandleVerifier [0x00EE456C+2775612]
	GetHandleVerifier [0x00CD51E0+616112]
	(No symbol) [0x00BE5F8C]
	(No symbol) [0x00BE2328]
	(No symbol) [0x00BE240B]
	(No symbol) [0x00BD4FF7]
	BaseThreadInitThunk [0x765E7D59+25]
	RtlInitializeExceptionChain [0x7762B79B+107]
	RtlClearBits [0x7762B71F+191]
</msg>
<msg timestamp="20230725 09:20:45.138" level="FAIL">NoSuchWindowException: Message: no such window: target window already closed
from unknown error: web view not found
  (Session info: chrome=115.0.5790.102)
Stacktrace:
Backtrace:
	GetHandleVerifier [0x00C4A813+48355]
	(No symbol) [0x00BDC4B1]
	(No symbol) [0x00AE5358]
	(No symbol) [0x00ACD293]
	(No symbol) [0x00B2E37B]
	(No symbol) [0x00B3C473]
	(No symbol) [0x00B2A536]
	(No symbol) [0x00B082DC]
	(No symbol) [0x00B093DD]
	GetHandleVerifier [0x00EAAABD+2539405]
	GetHandleVerifier [0x00EEA78F+2800735]
	GetHandleVerifier [0x00EE456C+2775612]
	GetHandleVerifier [0x00CD51E0+616112]
	(No symbol) [0x00BE5F8C]
	(No symbol) [0x00BE2328]
	(No symbol) [0x00BE240B]
	(No symbol) [0x00BD4FF7]
	BaseThreadInitThunk [0x765E7D59+25]
	RtlInitializeExceptionChain [0x7762B79B+107]
	RtlClearBits [0x7762B71F+191]
</msg>
<status status="FAIL" starttime="20230725 09:20:45.130" endtime="20230725 09:20:45.142"/>
</kw>
<kw name="click element" library="common_keyword">
<arg>${locator}</arg>
<kw name="Wait Until Element Is Visible" library="SeleniumLibrary">
<arg>${locator}</arg>
<doc>Waits until the element ``locator`` is visible.</doc>
<msg timestamp="20230725 09:20:45.159" level="WARN">Keyword 'Capture Page Screenshot' could not be run on failure: Message: no such window: target window already closed
from unknown error: web view not found
  (Session info: chrome=115.0.5790.102)
Stacktrace:
Backtrace:
	GetHandleVerifier [0x00C4A813+48355]
	(No symbol) [0x00BDC4B1]
	(No symbol) [0x00AE5358]
	(No symbol) [0x00ACD293]
	(No symbol) [0x00B2E37B]
	(No symbol) [0x00B3C473]
	(No symbol) [0x00B2A536]
	(No symbol) [0x00B082DC]
	(No symbol) [0x00B093DD]
	GetHandleVerifier [0x00EAAABD+2539405]
	GetHandleVerifier [0x00EEA78F+2800735]
	GetHandleVerifier [0x00EE456C+2775612]
	GetHandleVerifier [0x00CD51E0+616112]
	(No symbol) [0x00BE5F8C]
	(No symbol) [0x00BE2328]
	(No symbol) [0x00BE240B]
	(No symbol) [0x00BD4FF7]
	BaseThreadInitThunk [0x765E7D59+25]
	RtlInitializeExceptionChain [0x7762B79B+107]
	RtlClearBits [0x7762B71F+191]
</msg>
<msg timestamp="20230725 09:20:45.160" level="FAIL">NoSuchWindowException: Message: no such window: target window already closed
from unknown error: web view not found
  (Session info: chrome=115.0.5790.102)
Stacktrace:
Backtrace:
	GetHandleVerifier [0x00C4A813+48355]
	(No symbol) [0x00BDC4B1]
	(No symbol) [0x00AE5358]
	(No symbol) [0x00ACD293]
	(No symbol) [0x00B2E37B]
	(No symbol) [0x00B3C473]
	(No symbol) [0x00B2A536]
	(No symbol) [0x00B082DC]
	(No symbol) [0x00B093DD]
	GetHandleVerifier [0x00EAAABD+2539405]
	GetHandleVerifier [0x00EEA78F+2800735]
	GetHandleVerifier [0x00EE456C+2775612]
	GetHandleVerifier [0x00CD51E0+616112]
	(No symbol) [0x00BE5F8C]
	(No symbol) [0x00BE2328]
	(No symbol) [0x00BE240B]
	(No symbol) [0x00BD4FF7]
	BaseThreadInitThunk [0x765E7D59+25]
	RtlInitializeExceptionChain [0x7762B79B+107]
	RtlClearBits [0x7762B71F+191]
</msg>
<status status="FAIL" starttime="20230725 09:20:45.143" endtime="20230725 09:20:45.164"/>
</kw>
<kw name="click element" library="common_keyword">
<arg>${locator}</arg>
<kw name="Wait Until Element Is Visible" library="SeleniumLibrary">
<arg>${locator}</arg>
<doc>Waits until the element ``locator`` is visible.</doc>
<msg timestamp="20230725 09:20:45.173" level="WARN">Keyword 'Capture Page Screenshot' could not be run on failure: Message: no such window: target window already closed
from unknown error: web view not found
  (Session info: chrome=115.0.5790.102)
Stacktrace:
Backtrace:
	GetHandleVerifier [0x00C4A813+48355]
	(No symbol) [0x00BDC4B1]
	(No symbol) [0x00AE5358]
	(No symbol) [0x00ACD293]
	(No symbol) [0x00B2E37B]
	(No symbol) [0x00B3C473]
	(No symbol) [0x00B2A536]
	(No symbol) [0x00B082DC]
	(No symbol) [0x00B093DD]
	GetHandleVerifier [0x00EAAABD+2539405]
	GetHandleVerifier [0x00EEA78F+2800735]
	GetHandleVerifier [0x00EE456C+2775612]
	GetHandleVerifier [0x00CD51E0+616112]
	(No symbol) [0x00BE5F8C]
	(No symbol) [0x00BE2328]
	(No symbol) [0x00BE240B]
	(No symbol) [0x00BD4FF7]
	BaseThreadInitThunk [0x765E7D59+25]
	RtlInitializeExceptionChain [0x7762B79B+107]
	RtlClearBits [0x7762B71F+191]
</msg>
<msg timestamp="20230725 09:20:45.174" level="FAIL">NoSuchWindowException: Message: no such window: target window already closed
from unknown error: web view not found
  (Session info: chrome=115.0.5790.102)
Stacktrace:
Backtrace:
	GetHandleVerifier [0x00C4A813+48355]
	(No symbol) [0x00BDC4B1]
	(No symbol) [0x00AE5358]
	(No symbol) [0x00ACD293]
	(No symbol) [0x00B2E37B]
	(No symbol) [0x00B3C473]
	(No symbol) [0x00B2A536]
	(No symbol) [0x00B082DC]
	(No symbol) [0x00B093DD]
	GetHandleVerifier [0x00EAAABD+2539405]
	GetHandleVerifier [0x00EEA78F+2800735]
	GetHandleVerifier [0x00EE456C+2775612]
	GetHandleVerifier [0x00CD51E0+616112]
	(No symbol) [0x00BE5F8C]
	(No symbol) [0x00BE2328]
	(No symbol) [0x00BE240B]
	(No symbol) [0x00BD4FF7]
	BaseThreadInitThunk [0x765E7D59+25]
	RtlInitializeExceptionChain [0x7762B79B+107]
	RtlClearBits [0x7762B71F+191]
</msg>
<status status="FAIL" starttime="20230725 09:20:45.165" endtime="20230725 09:20:45.178"/>
</kw>
<kw name="click element" library="common_keyword">
<arg>${locator}</arg>
<kw name="Wait Until Element Is Visible" library="SeleniumLibrary">
<arg>${locator}</arg>
<doc>Waits until the element ``locator`` is visible.</doc>
<msg timestamp="20230725 09:20:45.188" level="WARN">Keyword 'Capture Page Screenshot' could not be run on failure: Message: no such window: target window already closed
from unknown error: web view not found
  (Session info: chrome=115.0.5790.102)
Stacktrace:
Backtrace:
	GetHandleVerifier [0x00C4A813+48355]
	(No symbol) [0x00BDC4B1]
	(No symbol) [0x00AE5358]
	(No symbol) [0x00ACD293]
	(No symbol) [0x00B2E37B]
	(No symbol) [0x00B3C473]
	(No symbol) [0x00B2A536]
	(No symbol) [0x00B082DC]
	(No symbol) [0x00B093DD]
	GetHandleVerifier [0x00EAAABD+2539405]
	GetHandleVerifier [0x00EEA78F+2800735]
	GetHandleVerifier [0x00EE456C+2775612]
	GetHandleVerifier [0x00CD51E0+616112]
	(No symbol) [0x00BE5F8C]
	(No symbol) [0x00BE2328]
	(No symbol) [0x00BE240B]
	(No symbol) [0x00BD4FF7]
	BaseThreadInitThunk [0x765E7D59+25]
	RtlInitializeExceptionChain [0x7762B79B+107]
	RtlClearBits [0x7762B71F+191]
</msg>
<msg timestamp="20230725 09:20:45.189" level="FAIL">NoSuchWindowException: Message: no such window: target window already closed
from unknown error: web view not found
  (Session info: chrome=115.0.5790.102)
Stacktrace:
Backtrace:
	GetHandleVerifier [0x00C4A813+48355]
	(No symbol) [0x00BDC4B1]
	(No symbol) [0x00AE5358]
	(No symbol) [0x00ACD293]
	(No symbol) [0x00B2E37B]
	(No symbol) [0x00B3C473]
	(No symbol) [0x00B2A536]
	(No symbol) [0x00B082DC]
	(No symbol) [0x00B093DD]
	GetHandleVerifier [0x00EAAABD+2539405]
	GetHandleVerifier [0x00EEA78F+2800735]
	GetHandleVerifier [0x00EE456C+2775612]
	GetHandleVerifier [0x00CD51E0+616112]
	(No symbol) [0x00BE5F8C]
	(No symbol) [0x00BE2328]
	(No symbol) [0x00BE240B]
	(No symbol) [0x00BD4FF7]
	BaseThreadInitThunk [0x765E7D59+25]
	RtlInitializeExceptionChain [0x7762B79B+107]
	RtlClearBits [0x7762B71F+191]
</msg>
<status status="FAIL" starttime="20230725 09:20:45.179" endtime="20230725 09:20:45.193"/>
</kw>
<kw name="click element" library="common_keyword">
<arg>${locator}</arg>
<kw name="Wait Until Element Is Visible" library="SeleniumLibrary">
<arg>${locator}</arg>
<doc>Waits until the element ``locator`` is visible.</doc>
<msg timestamp="20230725 09:20:45.200" level="WARN">Keyword 'Capture Page Screenshot' could not be run on failure: Message: no such window: target window already closed
from unknown error: web view not found
  (Session info: chrome=115.0.5790.102)
Stacktrace:
Backtrace:
	GetHandleVerifier [0x00C4A813+48355]
	(No symbol) [0x00BDC4B1]
	(No symbol) [0x00AE5358]
	(No symbol) [0x00ACD293]
	(No symbol) [0x00B2E37B]
	(No symbol) [0x00B3C473]
	(No symbol) [0x00B2A536]
	(No symbol) [0x00B082DC]
	(No symbol) [0x00B093DD]
	GetHandleVerifier [0x00EAAABD+2539405]
	GetHandleVerifier [0x00EEA78F+2800735]
	GetHandleVerifier [0x00EE456C+2775612]
	GetHandleVerifier [0x00CD51E0+616112]
	(No symbol) [0x00BE5F8C]
	(No symbol) [0x00BE2328]
	(No symbol) [0x00BE240B]
	(No symbol) [0x00BD4FF7]
	BaseThreadInitThunk [0x765E7D59+25]
	RtlInitializeExceptionChain [0x7762B79B+107]
	RtlClearBits [0x7762B71F+191]
</msg>
<msg timestamp="20230725 09:20:45.201" level="FAIL">NoSuchWindowException: Message: no such window: target window already closed
from unknown error: web view not found
  (Session info: chrome=115.0.5790.102)
Stacktrace:
Backtrace:
	GetHandleVerifier [0x00C4A813+48355]
	(No symbol) [0x00BDC4B1]
	(No symbol) [0x00AE5358]
	(No symbol) [0x00ACD293]
	(No symbol) [0x00B2E37B]
	(No symbol) [0x00B3C473]
	(No symbol) [0x00B2A536]
	(No symbol) [0x00B082DC]
	(No symbol) [0x00B093DD]
	GetHandleVerifier [0x00EAAABD+2539405]
	GetHandleVerifier [0x00EEA78F+2800735]
	GetHandleVerifier [0x00EE456C+2775612]
	GetHandleVerifier [0x00CD51E0+616112]
	(No symbol) [0x00BE5F8C]
	(No symbol) [0x00BE2328]
	(No symbol) [0x00BE240B]
	(No symbol) [0x00BD4FF7]
	BaseThreadInitThunk [0x765E7D59+25]
	RtlInitializeExceptionChain [0x7762B79B+107]
	RtlClearBits [0x7762B71F+191]
</msg>
<status status="FAIL" starttime="20230725 09:20:45.195" endtime="20230725 09:20:45.204"/>
</kw>
<kw name="click element" library="common_keyword">
<arg>${locator}</arg>
<kw name="Wait Until Element Is Visible" library="SeleniumLibrary">
<arg>${locator}</arg>
<doc>Waits until the element ``locator`` is visible.</doc>
<msg timestamp="20230725 09:20:45.213" level="WARN">Keyword 'Capture Page Screenshot' could not be run on failure: Message: no such window: target window already closed
from unknown error: web view not found
  (Session info: chrome=115.0.5790.102)
Stacktrace:
Backtrace:
	GetHandleVerifier [0x00C4A813+48355]
	(No symbol) [0x00BDC4B1]
	(No symbol) [0x00AE5358]
	(No symbol) [0x00ACD293]
	(No symbol) [0x00B2E37B]
	(No symbol) [0x00B3C473]
	(No symbol) [0x00B2A536]
	(No symbol) [0x00B082DC]
	(No symbol) [0x00B093DD]
	GetHandleVerifier [0x00EAAABD+2539405]
	GetHandleVerifier [0x00EEA78F+2800735]
	GetHandleVerifier [0x00EE456C+2775612]
	GetHandleVerifier [0x00CD51E0+616112]
	(No symbol) [0x00BE5F8C]
	(No symbol) [0x00BE2328]
	(No symbol) [0x00BE240B]
	(No symbol) [0x00BD4FF7]
	BaseThreadInitThunk [0x765E7D59+25]
	RtlInitializeExceptionChain [0x7762B79B+107]
	RtlClearBits [0x7762B71F+191]
</msg>
<msg timestamp="20230725 09:20:45.214" level="FAIL">NoSuchWindowException: Message: no such window: target window already closed
from unknown error: web view not found
  (Session info: chrome=115.0.5790.102)
Stacktrace:
Backtrace:
	GetHandleVerifier [0x00C4A813+48355]
	(No symbol) [0x00BDC4B1]
	(No symbol) [0x00AE5358]
	(No symbol) [0x00ACD293]
	(No symbol) [0x00B2E37B]
	(No symbol) [0x00B3C473]
	(No symbol) [0x00B2A536]
	(No symbol) [0x00B082DC]
	(No symbol) [0x00B093DD]
	GetHandleVerifier [0x00EAAABD+2539405]
	GetHandleVerifier [0x00EEA78F+2800735]
	GetHandleVerifier [0x00EE456C+2775612]
	GetHandleVerifier [0x00CD51E0+616112]
	(No symbol) [0x00BE5F8C]
	(No symbol) [0x00BE2328]
	(No symbol) [0x00BE240B]
	(No symbol) [0x00BD4FF7]
	BaseThreadInitThunk [0x765E7D59+25]
	RtlInitializeExceptionChain [0x7762B79B+107]
	RtlClearBits [0x7762B71F+191]
</msg>
<status status="FAIL" starttime="20230725 09:20:45.206" endtime="20230725 09:20:45.217"/>
</kw>
<kw name="click element" library="common_keyword">
<arg>${locator}</arg>
<kw name="Wait Until Element Is Visible" library="SeleniumLibrary">
<arg>${locator}</arg>
<doc>Waits until the element ``locator`` is visible.</doc>
<msg timestamp="20230725 09:20:45.228" level="WARN">Keyword 'Capture Page Screenshot' could not be run on failure: Message: no such window: target window already closed
from unknown error: web view not found
  (Session info: chrome=115.0.5790.102)
Stacktrace:
Backtrace:
	GetHandleVerifier [0x00C4A813+48355]
	(No symbol) [0x00BDC4B1]
	(No symbol) [0x00AE5358]
	(No symbol) [0x00ACD293]
	(No symbol) [0x00B2E37B]
	(No symbol) [0x00B3C473]
	(No symbol) [0x00B2A536]
	(No symbol) [0x00B082DC]
	(No symbol) [0x00B093DD]
	GetHandleVerifier [0x00EAAABD+2539405]
	GetHandleVerifier [0x00EEA78F+2800735]
	GetHandleVerifier [0x00EE456C+2775612]
	GetHandleVerifier [0x00CD51E0+616112]
	(No symbol) [0x00BE5F8C]
	(No symbol) [0x00BE2328]
	(No symbol) [0x00BE240B]
	(No symbol) [0x00BD4FF7]
	BaseThreadInitThunk [0x765E7D59+25]
	RtlInitializeExceptionChain [0x7762B79B+107]
	RtlClearBits [0x7762B71F+191]
</msg>
<msg timestamp="20230725 09:20:45.229" level="FAIL">NoSuchWindowException: Message: no such window: target window already closed
from unknown error: web view not found
  (Session info: chrome=115.0.5790.102)
Stacktrace:
Backtrace:
	GetHandleVerifier [0x00C4A813+48355]
	(No symbol) [0x00BDC4B1]
	(No symbol) [0x00AE5358]
	(No symbol) [0x00ACD293]
	(No symbol) [0x00B2E37B]
	(No symbol) [0x00B3C473]
	(No symbol) [0x00B2A536]
	(No symbol) [0x00B082DC]
	(No symbol) [0x00B093DD]
	GetHandleVerifier [0x00EAAABD+2539405]
	GetHandleVerifier [0x00EEA78F+2800735]
	GetHandleVerifier [0x00EE456C+2775612]
	GetHandleVerifier [0x00CD51E0+616112]
	(No symbol) [0x00BE5F8C]
	(No symbol) [0x00BE2328]
	(No symbol) [0x00BE240B]
	(No symbol) [0x00BD4FF7]
	BaseThreadInitThunk [0x765E7D59+25]
	RtlInitializeExceptionChain [0x7762B79B+107]
	RtlClearBits [0x7762B71F+191]
</msg>
<status status="FAIL" starttime="20230725 09:20:45.219" endtime="20230725 09:20:45.232"/>
</kw>
<kw name="click element" library="common_keyword">
<arg>${locator}</arg>
<kw name="Wait Until Element Is Visible" library="SeleniumLibrary">
<arg>${locator}</arg>
<doc>Waits until the element ``locator`` is visible.</doc>
<msg timestamp="20230725 09:20:45.242" level="WARN">Keyword 'Capture Page Screenshot' could not be run on failure: Message: no such window: target window already closed
from unknown error: web view not found
  (Session info: chrome=115.0.5790.102)
Stacktrace:
Backtrace:
	GetHandleVerifier [0x00C4A813+48355]
	(No symbol) [0x00BDC4B1]
	(No symbol) [0x00AE5358]
	(No symbol) [0x00ACD293]
	(No symbol) [0x00B2E37B]
	(No symbol) [0x00B3C473]
	(No symbol) [0x00B2A536]
	(No symbol) [0x00B082DC]
	(No symbol) [0x00B093DD]
	GetHandleVerifier [0x00EAAABD+2539405]
	GetHandleVerifier [0x00EEA78F+2800735]
	GetHandleVerifier [0x00EE456C+2775612]
	GetHandleVerifier [0x00CD51E0+616112]
	(No symbol) [0x00BE5F8C]
	(No symbol) [0x00BE2328]
	(No symbol) [0x00BE240B]
	(No symbol) [0x00BD4FF7]
	BaseThreadInitThunk [0x765E7D59+25]
	RtlInitializeExceptionChain [0x7762B79B+107]
	RtlClearBits [0x7762B71F+191]
</msg>
<msg timestamp="20230725 09:20:45.242" level="FAIL">NoSuchWindowException: Message: no such window: target window already closed
from unknown error: web view not found
  (Session info: chrome=115.0.5790.102)
Stacktrace:
Backtrace:
	GetHandleVerifier [0x00C4A813+48355]
	(No symbol) [0x00BDC4B1]
	(No symbol) [0x00AE5358]
	(No symbol) [0x00ACD293]
	(No symbol) [0x00B2E37B]
	(No symbol) [0x00B3C473]
	(No symbol) [0x00B2A536]
	(No symbol) [0x00B082DC]
	(No symbol) [0x00B093DD]
	GetHandleVerifier [0x00EAAABD+2539405]
	GetHandleVerifier [0x00EEA78F+2800735]
	GetHandleVerifier [0x00EE456C+2775612]
	GetHandleVerifier [0x00CD51E0+616112]
	(No symbol) [0x00BE5F8C]
	(No symbol) [0x00BE2328]
	(No symbol) [0x00BE240B]
	(No symbol) [0x00BD4FF7]
	BaseThreadInitThunk [0x765E7D59+25]
	RtlInitializeExceptionChain [0x7762B79B+107]
	RtlClearBits [0x7762B71F+191]
</msg>
<status status="FAIL" starttime="20230725 09:20:45.234" endtime="20230725 09:20:45.245"/>
</kw>
<kw name="click element" library="common_keyword">
<arg>${locator}</arg>
<kw name="Wait Until Element Is Visible" library="SeleniumLibrary">
<arg>${locator}</arg>
<doc>Waits until the element ``locator`` is visible.</doc>
<msg timestamp="20230725 09:20:45.254" level="WARN">Keyword 'Capture Page Screenshot' could not be run on failure: Message: no such window: target window already closed
from unknown error: web view not found
  (Session info: chrome=115.0.5790.102)
Stacktrace:
Backtrace:
	GetHandleVerifier [0x00C4A813+48355]
	(No symbol) [0x00BDC4B1]
	(No symbol) [0x00AE5358]
	(No symbol) [0x00ACD293]
	(No symbol) [0x00B2E37B]
	(No symbol) [0x00B3C473]
	(No symbol) [0x00B2A536]
	(No symbol) [0x00B082DC]
	(No symbol) [0x00B093DD]
	GetHandleVerifier [0x00EAAABD+2539405]
	GetHandleVerifier [0x00EEA78F+2800735]
	GetHandleVerifier [0x00EE456C+2775612]
	GetHandleVerifier [0x00CD51E0+616112]
	(No symbol) [0x00BE5F8C]
	(No symbol) [0x00BE2328]
	(No symbol) [0x00BE240B]
	(No symbol) [0x00BD4FF7]
	BaseThreadInitThunk [0x765E7D59+25]
	RtlInitializeExceptionChain [0x7762B79B+107]
	RtlClearBits [0x7762B71F+191]
</msg>
<msg timestamp="20230725 09:20:45.254" level="FAIL">NoSuchWindowException: Message: no such window: target window already closed
from unknown error: web view not found
  (Session info: chrome=115.0.5790.102)
Stacktrace:
Backtrace:
	GetHandleVerifier [0x00C4A813+48355]
	(No symbol) [0x00BDC4B1]
	(No symbol) [0x00AE5358]
	(No symbol) [0x00ACD293]
	(No symbol) [0x00B2E37B]
	(No symbol) [0x00B3C473]
	(No symbol) [0x00B2A536]
	(No symbol) [0x00B082DC]
	(No symbol) [0x00B093DD]
	GetHandleVerifier [0x00EAAABD+2539405]
	GetHandleVerifier [0x00EEA78F+2800735]
	GetHandleVerifier [0x00EE456C+2775612]
	GetHandleVerifier [0x00CD51E0+616112]
	(No symbol) [0x00BE5F8C]
	(No symbol) [0x00BE2328]
	(No symbol) [0x00BE240B]
	(No symbol) [0x00BD4FF7]
	BaseThreadInitThunk [0x765E7D59+25]
	RtlInitializeExceptionChain [0x7762B79B+107]
	RtlClearBits [0x7762B71F+191]
</msg>
<status status="FAIL" starttime="20230725 09:20:45.246" endtime="20230725 09:20:45.320"/>
</kw>
<kw name="click element" library="common_keyword">
<arg>${locator}</arg>
<kw name="Wait Until Element Is Visible" library="SeleniumLibrary">
<arg>${locator}</arg>
<doc>Waits until the element ``locator`` is visible.</doc>
<msg timestamp="20230725 09:20:45.327" level="WARN">Keyword 'Capture Page Screenshot' could not be run on failure: Message: no such window: target window already closed
from unknown error: web view not found
  (Session info: chrome=115.0.5790.102)
Stacktrace:
Backtrace:
	GetHandleVerifier [0x00C4A813+48355]
	(No symbol) [0x00BDC4B1]
	(No symbol) [0x00AE5358]
	(No symbol) [0x00ACD293]
	(No symbol) [0x00B2E37B]
	(No symbol) [0x00B3C473]
	(No symbol) [0x00B2A536]
	(No symbol) [0x00B082DC]
	(No symbol) [0x00B093DD]
	GetHandleVerifier [0x00EAAABD+2539405]
	GetHandleVerifier [0x00EEA78F+2800735]
	GetHandleVerifier [0x00EE456C+2775612]
	GetHandleVerifier [0x00CD51E0+616112]
	(No symbol) [0x00BE5F8C]
	(No symbol) [0x00BE2328]
	(No symbol) [0x00BE240B]
	(No symbol) [0x00BD4FF7]
	BaseThreadInitThunk [0x765E7D59+25]
	RtlInitializeExceptionChain [0x7762B79B+107]
	RtlClearBits [0x7762B71F+191]
</msg>
<msg timestamp="20230725 09:20:45.328" level="FAIL">NoSuchWindowException: Message: no such window: target window already closed
from unknown error: web view not found
  (Session info: chrome=115.0.5790.102)
Stacktrace:
Backtrace:
	GetHandleVerifier [0x00C4A813+48355]
	(No symbol) [0x00BDC4B1]
	(No symbol) [0x00AE5358]
	(No symbol) [0x00ACD293]
	(No symbol) [0x00B2E37B]
	(No symbol) [0x00B3C473]
	(No symbol) [0x00B2A536]
	(No symbol) [0x00B082DC]
	(No symbol) [0x00B093DD]
	GetHandleVerifier [0x00EAAABD+2539405]
	GetHandleVerifier [0x00EEA78F+2800735]
	GetHandleVerifier [0x00EE456C+2775612]
	GetHandleVerifier [0x00CD51E0+616112]
	(No symbol) [0x00BE5F8C]
	(No symbol) [0x00BE2328]
	(No symbol) [0x00BE240B]
	(No symbol) [0x00BD4FF7]
	BaseThreadInitThunk [0x765E7D59+25]
	RtlInitializeExceptionChain [0x7762B79B+107]
	RtlClearBits [0x7762B71F+191]
</msg>
<status status="FAIL" starttime="20230725 09:20:45.321" endtime="20230725 09:20:45.333"/>
</kw>
<kw name="click element" library="common_keyword">
<arg>${locator}</arg>
<kw name="Wait Until Element Is Visible" library="SeleniumLibrary">
<arg>${locator}</arg>
<doc>Waits until the element ``locator`` is visible.</doc>
<msg timestamp="20230725 09:20:45.355" level="WARN">Keyword 'Capture Page Screenshot' could not be run on failure: Message: no such window: target window already closed
from unknown error: web view not found
  (Session info: chrome=115.0.5790.102)
Stacktrace:
Backtrace:
	GetHandleVerifier [0x00C4A813+48355]
	(No symbol) [0x00BDC4B1]
	(No symbol) [0x00AE5358]
	(No symbol) [0x00ACD293]
	(No symbol) [0x00B2E37B]
	(No symbol) [0x00B3C473]
	(No symbol) [0x00B2A536]
	(No symbol) [0x00B082DC]
	(No symbol) [0x00B093DD]
	GetHandleVerifier [0x00EAAABD+2539405]
	GetHandleVerifier [0x00EEA78F+2800735]
	GetHandleVerifier [0x00EE456C+2775612]
	GetHandleVerifier [0x00CD51E0+616112]
	(No symbol) [0x00BE5F8C]
	(No symbol) [0x00BE2328]
	(No symbol) [0x00BE240B]
	(No symbol) [0x00BD4FF7]
	BaseThreadInitThunk [0x765E7D59+25]
	RtlInitializeExceptionChain [0x7762B79B+107]
	RtlClearBits [0x7762B71F+191]
</msg>
<msg timestamp="20230725 09:20:45.356" level="FAIL">NoSuchWindowException: Message: no such window: target window already closed
from unknown error: web view not found
  (Session info: chrome=115.0.5790.102)
Stacktrace:
Backtrace:
	GetHandleVerifier [0x00C4A813+48355]
	(No symbol) [0x00BDC4B1]
	(No symbol) [0x00AE5358]
	(No symbol) [0x00ACD293]
	(No symbol) [0x00B2E37B]
	(No symbol) [0x00B3C473]
	(No symbol) [0x00B2A536]
	(No symbol) [0x00B082DC]
	(No symbol) [0x00B093DD]
	GetHandleVerifier [0x00EAAABD+2539405]
	GetHandleVerifier [0x00EEA78F+2800735]
	GetHandleVerifier [0x00EE456C+2775612]
	GetHandleVerifier [0x00CD51E0+616112]
	(No symbol) [0x00BE5F8C]
	(No symbol) [0x00BE2328]
	(No symbol) [0x00BE240B]
	(No symbol) [0x00BD4FF7]
	BaseThreadInitThunk [0x765E7D59+25]
	RtlInitializeExceptionChain [0x7762B79B+107]
	RtlClearBits [0x7762B71F+191]
</msg>
<status status="FAIL" starttime="20230725 09:20:45.334" endtime="20230725 09:20:45.359"/>
</kw>
<kw name="click element" library="common_keyword">
<arg>${locator}</arg>
<kw name="Wait Until Element Is Visible" library="SeleniumLibrary">
<arg>${locator}</arg>
<doc>Waits until the element ``locator`` is visible.</doc>
<msg timestamp="20230725 09:20:45.373" level="WARN">Keyword 'Capture Page Screenshot' could not be run on failure: Message: no such window: target window already closed
from unknown error: web view not found
  (Session info: chrome=115.0.5790.102)
Stacktrace:
Backtrace:
	GetHandleVerifier [0x00C4A813+48355]
	(No symbol) [0x00BDC4B1]
	(No symbol) [0x00AE5358]
	(No symbol) [0x00ACD293]
	(No symbol) [0x00B2E37B]
	(No symbol) [0x00B3C473]
	(No symbol) [0x00B2A536]
	(No symbol) [0x00B082DC]
	(No symbol) [0x00B093DD]
	GetHandleVerifier [0x00EAAABD+2539405]
	GetHandleVerifier [0x00EEA78F+2800735]
	GetHandleVerifier [0x00EE456C+2775612]
	GetHandleVerifier [0x00CD51E0+616112]
	(No symbol) [0x00BE5F8C]
	(No symbol) [0x00BE2328]
	(No symbol) [0x00BE240B]
	(No symbol) [0x00BD4FF7]
	BaseThreadInitThunk [0x765E7D59+25]
	RtlInitializeExceptionChain [0x7762B79B+107]
	RtlClearBits [0x7762B71F+191]
</msg>
<msg timestamp="20230725 09:20:45.374" level="FAIL">NoSuchWindowException: Message: no such window: target window already closed
from unknown error: web view not found
  (Session info: chrome=115.0.5790.102)
Stacktrace:
Backtrace:
	GetHandleVerifier [0x00C4A813+48355]
	(No symbol) [0x00BDC4B1]
	(No symbol) [0x00AE5358]
	(No symbol) [0x00ACD293]
	(No symbol) [0x00B2E37B]
	(No symbol) [0x00B3C473]
	(No symbol) [0x00B2A536]
	(No symbol) [0x00B082DC]
	(No symbol) [0x00B093DD]
	GetHandleVerifier [0x00EAAABD+2539405]
	GetHandleVerifier [0x00EEA78F+2800735]
	GetHandleVerifier [0x00EE456C+2775612]
	GetHandleVerifier [0x00CD51E0+616112]
	(No symbol) [0x00BE5F8C]
	(No symbol) [0x00BE2328]
	(No symbol) [0x00BE240B]
	(No symbol) [0x00BD4FF7]
	BaseThreadInitThunk [0x765E7D59+25]
	RtlInitializeExceptionChain [0x7762B79B+107]
	RtlClearBits [0x7762B71F+191]
</msg>
<status status="FAIL" starttime="20230725 09:20:45.360" endtime="20230725 09:20:45.379"/>
</kw>
<kw name="click element" library="common_keyword">
<arg>${locator}</arg>
<kw name="Wait Until Element Is Visible" library="SeleniumLibrary">
<arg>${locator}</arg>
<doc>Waits until the element ``locator`` is visible.</doc>
<msg timestamp="20230725 09:20:45.386" level="WARN">Keyword 'Capture Page Screenshot' could not be run on failure: Message: no such window: target window already closed
from unknown error: web view not found
  (Session info: chrome=115.0.5790.102)
Stacktrace:
Backtrace:
	GetHandleVerifier [0x00C4A813+48355]
	(No symbol) [0x00BDC4B1]
	(No symbol) [0x00AE5358]
	(No symbol) [0x00ACD293]
	(No symbol) [0x00B2E37B]
	(No symbol) [0x00B3C473]
	(No symbol) [0x00B2A536]
	(No symbol) [0x00B082DC]
	(No symbol) [0x00B093DD]
	GetHandleVerifier [0x00EAAABD+2539405]
	GetHandleVerifier [0x00EEA78F+2800735]
	GetHandleVerifier [0x00EE456C+2775612]
	GetHandleVerifier [0x00CD51E0+616112]
	(No symbol) [0x00BE5F8C]
	(No symbol) [0x00BE2328]
	(No symbol) [0x00BE240B]
	(No symbol) [0x00BD4FF7]
	BaseThreadInitThunk [0x765E7D59+25]
	RtlInitializeExceptionChain [0x7762B79B+107]
	RtlClearBits [0x7762B71F+191]
</msg>
<msg timestamp="20230725 09:20:45.386" level="FAIL">NoSuchWindowException: Message: no such window: target window already closed
from unknown error: web view not found
  (Session info: chrome=115.0.5790.102)
Stacktrace:
Backtrace:
	GetHandleVerifier [0x00C4A813+48355]
	(No symbol) [0x00BDC4B1]
	(No symbol) [0x00AE5358]
	(No symbol) [0x00ACD293]
	(No symbol) [0x00B2E37B]
	(No symbol) [0x00B3C473]
	(No symbol) [0x00B2A536]
	(No symbol) [0x00B082DC]
	(No symbol) [0x00B093DD]
	GetHandleVerifier [0x00EAAABD+2539405]
	GetHandleVerifier [0x00EEA78F+2800735]
	GetHandleVerifier [0x00EE456C+2775612]
	GetHandleVerifier [0x00CD51E0+616112]
	(No symbol) [0x00BE5F8C]
	(No symbol) [0x00BE2328]
	(No symbol) [0x00BE240B]
	(No symbol) [0x00BD4FF7]
	BaseThreadInitThunk [0x765E7D59+25]
	RtlInitializeExceptionChain [0x7762B79B+107]
	RtlClearBits [0x7762B71F+191]
</msg>
<status status="FAIL" starttime="20230725 09:20:45.380" endtime="20230725 09:20:45.389"/>
</kw>
<kw name="click element" library="common_keyword">
<arg>${locator}</arg>
<kw name="Wait Until Element Is Visible" library="SeleniumLibrary">
<arg>${locator}</arg>
<doc>Waits until the element ``locator`` is visible.</doc>
<msg timestamp="20230725 09:20:45.397" level="WARN">Keyword 'Capture Page Screenshot' could not be run on failure: Message: no such window: target window already closed
from unknown error: web view not found
  (Session info: chrome=115.0.5790.102)
Stacktrace:
Backtrace:
	GetHandleVerifier [0x00C4A813+48355]
	(No symbol) [0x00BDC4B1]
	(No symbol) [0x00AE5358]
	(No symbol) [0x00ACD293]
	(No symbol) [0x00B2E37B]
	(No symbol) [0x00B3C473]
	(No symbol) [0x00B2A536]
	(No symbol) [0x00B082DC]
	(No symbol) [0x00B093DD]
	GetHandleVerifier [0x00EAAABD+2539405]
	GetHandleVerifier [0x00EEA78F+2800735]
	GetHandleVerifier [0x00EE456C+2775612]
	GetHandleVerifier [0x00CD51E0+616112]
	(No symbol) [0x00BE5F8C]
	(No symbol) [0x00BE2328]
	(No symbol) [0x00BE240B]
	(No symbol) [0x00BD4FF7]
	BaseThreadInitThunk [0x765E7D59+25]
	RtlInitializeExceptionChain [0x7762B79B+107]
	RtlClearBits [0x7762B71F+191]
</msg>
<msg timestamp="20230725 09:20:45.398" level="FAIL">NoSuchWindowException: Message: no such window: target window already closed
from unknown error: web view not found
  (Session info: chrome=115.0.5790.102)
Stacktrace:
Backtrace:
	GetHandleVerifier [0x00C4A813+48355]
	(No symbol) [0x00BDC4B1]
	(No symbol) [0x00AE5358]
	(No symbol) [0x00ACD293]
	(No symbol) [0x00B2E37B]
	(No symbol) [0x00B3C473]
	(No symbol) [0x00B2A536]
	(No symbol) [0x00B082DC]
	(No symbol) [0x00B093DD]
	GetHandleVerifier [0x00EAAABD+2539405]
	GetHandleVerifier [0x00EEA78F+2800735]
	GetHandleVerifier [0x00EE456C+2775612]
	GetHandleVerifier [0x00CD51E0+616112]
	(No symbol) [0x00BE5F8C]
	(No symbol) [0x00BE2328]
	(No symbol) [0x00BE240B]
	(No symbol) [0x00BD4FF7]
	BaseThreadInitThunk [0x765E7D59+25]
	RtlInitializeExceptionChain [0x7762B79B+107]
	RtlClearBits [0x7762B71F+191]
</msg>
<status status="FAIL" starttime="20230725 09:20:45.390" endtime="20230725 09:20:45.400"/>
</kw>
<kw name="click element" library="common_keyword">
<arg>${locator}</arg>
<kw name="Wait Until Element Is Visible" library="SeleniumLibrary">
<arg>${locator}</arg>
<doc>Waits until the element ``locator`` is visible.</doc>
<msg timestamp="20230725 09:20:45.411" level="WARN">Keyword 'Capture Page Screenshot' could not be run on failure: Message: no such window: target window already closed
from unknown error: web view not found
  (Session info: chrome=115.0.5790.102)
Stacktrace:
Backtrace:
	GetHandleVerifier [0x00C4A813+48355]
	(No symbol) [0x00BDC4B1]
	(No symbol) [0x00AE5358]
	(No symbol) [0x00ACD293]
	(No symbol) [0x00B2E37B]
	(No symbol) [0x00B3C473]
	(No symbol) [0x00B2A536]
	(No symbol) [0x00B082DC]
	(No symbol) [0x00B093DD]
	GetHandleVerifier [0x00EAAABD+2539405]
	GetHandleVerifier [0x00EEA78F+2800735]
	GetHandleVerifier [0x00EE456C+2775612]
	GetHandleVerifier [0x00CD51E0+616112]
	(No symbol) [0x00BE5F8C]
	(No symbol) [0x00BE2328]
	(No symbol) [0x00BE240B]
	(No symbol) [0x00BD4FF7]
	BaseThreadInitThunk [0x765E7D59+25]
	RtlInitializeExceptionChain [0x7762B79B+107]
	RtlClearBits [0x7762B71F+191]
</msg>
<msg timestamp="20230725 09:20:45.413" level="FAIL">NoSuchWindowException: Message: no such window: target window already closed
from unknown error: web view not found
  (Session info: chrome=115.0.5790.102)
Stacktrace:
Backtrace:
	GetHandleVerifier [0x00C4A813+48355]
	(No symbol) [0x00BDC4B1]
	(No symbol) [0x00AE5358]
	(No symbol) [0x00ACD293]
	(No symbol) [0x00B2E37B]
	(No symbol) [0x00B3C473]
	(No symbol) [0x00B2A536]
	(No symbol) [0x00B082DC]
	(No symbol) [0x00B093DD]
	GetHandleVerifier [0x00EAAABD+2539405]
	GetHandleVerifier [0x00EEA78F+2800735]
	GetHandleVerifier [0x00EE456C+2775612]
	GetHandleVerifier [0x00CD51E0+616112]
	(No symbol) [0x00BE5F8C]
	(No symbol) [0x00BE2328]
	(No symbol) [0x00BE240B]
	(No symbol) [0x00BD4FF7]
	BaseThreadInitThunk [0x765E7D59+25]
	RtlInitializeExceptionChain [0x7762B79B+107]
	RtlClearBits [0x7762B71F+191]
</msg>
<status status="FAIL" starttime="20230725 09:20:45.403" endtime="20230725 09:20:45.416"/>
</kw>
<kw name="click element" library="common_keyword">
<arg>${locator}</arg>
<kw name="Wait Until Element Is Visible" library="SeleniumLibrary">
<arg>${locator}</arg>
<doc>Waits until the element ``locator`` is visible.</doc>
<msg timestamp="20230725 09:20:45.422" level="WARN">Keyword 'Capture Page Screenshot' could not be run on failure: Message: no such window: target window already closed
from unknown error: web view not found
  (Session info: chrome=115.0.5790.102)
Stacktrace:
Backtrace:
	GetHandleVerifier [0x00C4A813+48355]
	(No symbol) [0x00BDC4B1]
	(No symbol) [0x00AE5358]
	(No symbol) [0x00ACD293]
	(No symbol) [0x00B2E37B]
	(No symbol) [0x00B3C473]
	(No symbol) [0x00B2A536]
	(No symbol) [0x00B082DC]
	(No symbol) [0x00B093DD]
	GetHandleVerifier [0x00EAAABD+2539405]
	GetHandleVerifier [0x00EEA78F+2800735]
	GetHandleVerifier [0x00EE456C+2775612]
	GetHandleVerifier [0x00CD51E0+616112]
	(No symbol) [0x00BE5F8C]
	(No symbol) [0x00BE2328]
	(No symbol) [0x00BE240B]
	(No symbol) [0x00BD4FF7]
	BaseThreadInitThunk [0x765E7D59+25]
	RtlInitializeExceptionChain [0x7762B79B+107]
	RtlClearBits [0x7762B71F+191]
</msg>
<msg timestamp="20230725 09:20:45.423" level="FAIL">NoSuchWindowException: Message: no such window: target window already closed
from unknown error: web view not found
  (Session info: chrome=115.0.5790.102)
Stacktrace:
Backtrace:
	GetHandleVerifier [0x00C4A813+48355]
	(No symbol) [0x00BDC4B1]
	(No symbol) [0x00AE5358]
	(No symbol) [0x00ACD293]
	(No symbol) [0x00B2E37B]
	(No symbol) [0x00B3C473]
	(No symbol) [0x00B2A536]
	(No symbol) [0x00B082DC]
	(No symbol) [0x00B093DD]
	GetHandleVerifier [0x00EAAABD+2539405]
	GetHandleVerifier [0x00EEA78F+2800735]
	GetHandleVerifier [0x00EE456C+2775612]
	GetHandleVerifier [0x00CD51E0+616112]
	(No symbol) [0x00BE5F8C]
	(No symbol) [0x00BE2328]
	(No symbol) [0x00BE240B]
	(No symbol) [0x00BD4FF7]
	BaseThreadInitThunk [0x765E7D59+25]
	RtlInitializeExceptionChain [0x7762B79B+107]
	RtlClearBits [0x7762B71F+191]
</msg>
<status status="FAIL" starttime="20230725 09:20:45.417" endtime="20230725 09:20:45.425"/>
</kw>
<kw name="click element" library="common_keyword">
<arg>${locator}</arg>
<kw name="Wait Until Element Is Visible" library="SeleniumLibrary">
<arg>${locator}</arg>
<doc>Waits until the element ``locator`` is visible.</doc>
<msg timestamp="20230725 09:20:45.433" level="WARN">Keyword 'Capture Page Screenshot' could not be run on failure: Message: no such window: target window already closed
from unknown error: web view not found
  (Session info: chrome=115.0.5790.102)
Stacktrace:
Backtrace:
	GetHandleVerifier [0x00C4A813+48355]
	(No symbol) [0x00BDC4B1]
	(No symbol) [0x00AE5358]
	(No symbol) [0x00ACD293]
	(No symbol) [0x00B2E37B]
	(No symbol) [0x00B3C473]
	(No symbol) [0x00B2A536]
	(No symbol) [0x00B082DC]
	(No symbol) [0x00B093DD]
	GetHandleVerifier [0x00EAAABD+2539405]
	GetHandleVerifier [0x00EEA78F+2800735]
	GetHandleVerifier [0x00EE456C+2775612]
	GetHandleVerifier [0x00CD51E0+616112]
	(No symbol) [0x00BE5F8C]
	(No symbol) [0x00BE2328]
	(No symbol) [0x00BE240B]
	(No symbol) [0x00BD4FF7]
	BaseThreadInitThunk [0x765E7D59+25]
	RtlInitializeExceptionChain [0x7762B79B+107]
	RtlClearBits [0x7762B71F+191]
</msg>
<msg timestamp="20230725 09:20:45.433" level="FAIL">NoSuchWindowException: Message: no such window: target window already closed
from unknown error: web view not found
  (Session info: chrome=115.0.5790.102)
Stacktrace:
Backtrace:
	GetHandleVerifier [0x00C4A813+48355]
	(No symbol) [0x00BDC4B1]
	(No symbol) [0x00AE5358]
	(No symbol) [0x00ACD293]
	(No symbol) [0x00B2E37B]
	(No symbol) [0x00B3C473]
	(No symbol) [0x00B2A536]
	(No symbol) [0x00B082DC]
	(No symbol) [0x00B093DD]
	GetHandleVerifier [0x00EAAABD+2539405]
	GetHandleVerifier [0x00EEA78F+2800735]
	GetHandleVerifier [0x00EE456C+2775612]
	GetHandleVerifier [0x00CD51E0+616112]
	(No symbol) [0x00BE5F8C]
	(No symbol) [0x00BE2328]
	(No symbol) [0x00BE240B]
	(No symbol) [0x00BD4FF7]
	BaseThreadInitThunk [0x765E7D59+25]
	RtlInitializeExceptionChain [0x7762B79B+107]
	RtlClearBits [0x7762B71F+191]
</msg>
<status status="FAIL" starttime="20230725 09:20:45.426" endtime="20230725 09:20:45.436"/>
</kw>
<kw name="click element" library="common_keyword">
<arg>${locator}</arg>
<kw name="Wait Until Element Is Visible" library="SeleniumLibrary">
<arg>${locator}</arg>
<doc>Waits until the element ``locator`` is visible.</doc>
<msg timestamp="20230725 09:20:45.445" level="WARN">Keyword 'Capture Page Screenshot' could not be run on failure: Message: no such window: target window already closed
from unknown error: web view not found
  (Session info: chrome=115.0.5790.102)
Stacktrace:
Backtrace:
	GetHandleVerifier [0x00C4A813+48355]
	(No symbol) [0x00BDC4B1]
	(No symbol) [0x00AE5358]
	(No symbol) [0x00ACD293]
	(No symbol) [0x00B2E37B]
	(No symbol) [0x00B3C473]
	(No symbol) [0x00B2A536]
	(No symbol) [0x00B082DC]
	(No symbol) [0x00B093DD]
	GetHandleVerifier [0x00EAAABD+2539405]
	GetHandleVerifier [0x00EEA78F+2800735]
	GetHandleVerifier [0x00EE456C+2775612]
	GetHandleVerifier [0x00CD51E0+616112]
	(No symbol) [0x00BE5F8C]
	(No symbol) [0x00BE2328]
	(No symbol) [0x00BE240B]
	(No symbol) [0x00BD4FF7]
	BaseThreadInitThunk [0x765E7D59+25]
	RtlInitializeExceptionChain [0x7762B79B+107]
	RtlClearBits [0x7762B71F+191]
</msg>
<msg timestamp="20230725 09:20:45.446" level="FAIL">NoSuchWindowException: Message: no such window: target window already closed
from unknown error: web view not found
  (Session info: chrome=115.0.5790.102)
Stacktrace:
Backtrace:
	GetHandleVerifier [0x00C4A813+48355]
	(No symbol) [0x00BDC4B1]
	(No symbol) [0x00AE5358]
	(No symbol) [0x00ACD293]
	(No symbol) [0x00B2E37B]
	(No symbol) [0x00B3C473]
	(No symbol) [0x00B2A536]
	(No symbol) [0x00B082DC]
	(No symbol) [0x00B093DD]
	GetHandleVerifier [0x00EAAABD+2539405]
	GetHandleVerifier [0x00EEA78F+2800735]
	GetHandleVerifier [0x00EE456C+2775612]
	GetHandleVerifier [0x00CD51E0+616112]
	(No symbol) [0x00BE5F8C]
	(No symbol) [0x00BE2328]
	(No symbol) [0x00BE240B]
	(No symbol) [0x00BD4FF7]
	BaseThreadInitThunk [0x765E7D59+25]
	RtlInitializeExceptionChain [0x7762B79B+107]
	RtlClearBits [0x7762B71F+191]
</msg>
<status status="FAIL" starttime="20230725 09:20:45.437" endtime="20230725 09:20:45.449"/>
</kw>
<kw name="click element" library="common_keyword">
<arg>${locator}</arg>
<kw name="Wait Until Element Is Visible" library="SeleniumLibrary">
<arg>${locator}</arg>
<doc>Waits until the element ``locator`` is visible.</doc>
<msg timestamp="20230725 09:20:45.457" level="WARN">Keyword 'Capture Page Screenshot' could not be run on failure: Message: no such window: target window already closed
from unknown error: web view not found
  (Session info: chrome=115.0.5790.102)
Stacktrace:
Backtrace:
	GetHandleVerifier [0x00C4A813+48355]
	(No symbol) [0x00BDC4B1]
	(No symbol) [0x00AE5358]
	(No symbol) [0x00ACD293]
	(No symbol) [0x00B2E37B]
	(No symbol) [0x00B3C473]
	(No symbol) [0x00B2A536]
	(No symbol) [0x00B082DC]
	(No symbol) [0x00B093DD]
	GetHandleVerifier [0x00EAAABD+2539405]
	GetHandleVerifier [0x00EEA78F+2800735]
	GetHandleVerifier [0x00EE456C+2775612]
	GetHandleVerifier [0x00CD51E0+616112]
	(No symbol) [0x00BE5F8C]
	(No symbol) [0x00BE2328]
	(No symbol) [0x00BE240B]
	(No symbol) [0x00BD4FF7]
	BaseThreadInitThunk [0x765E7D59+25]
	RtlInitializeExceptionChain [0x7762B79B+107]
	RtlClearBits [0x7762B71F+191]
</msg>
<msg timestamp="20230725 09:20:45.458" level="FAIL">NoSuchWindowException: Message: no such window: target window already closed
from unknown error: web view not found
  (Session info: chrome=115.0.5790.102)
Stacktrace:
Backtrace:
	GetHandleVerifier [0x00C4A813+48355]
	(No symbol) [0x00BDC4B1]
	(No symbol) [0x00AE5358]
	(No symbol) [0x00ACD293]
	(No symbol) [0x00B2E37B]
	(No symbol) [0x00B3C473]
	(No symbol) [0x00B2A536]
	(No symbol) [0x00B082DC]
	(No symbol) [0x00B093DD]
	GetHandleVerifier [0x00EAAABD+2539405]
	GetHandleVerifier [0x00EEA78F+2800735]
	GetHandleVerifier [0x00EE456C+2775612]
	GetHandleVerifier [0x00CD51E0+616112]
	(No symbol) [0x00BE5F8C]
	(No symbol) [0x00BE2328]
	(No symbol) [0x00BE240B]
	(No symbol) [0x00BD4FF7]
	BaseThreadInitThunk [0x765E7D59+25]
	RtlInitializeExceptionChain [0x7762B79B+107]
	RtlClearBits [0x7762B71F+191]
</msg>
<status status="FAIL" starttime="20230725 09:20:45.450" endtime="20230725 09:20:45.462"/>
</kw>
<kw name="click element" library="common_keyword">
<arg>${locator}</arg>
<kw name="Wait Until Element Is Visible" library="SeleniumLibrary">
<arg>${locator}</arg>
<doc>Waits until the element ``locator`` is visible.</doc>
<msg timestamp="20230725 09:20:45.470" level="WARN">Keyword 'Capture Page Screenshot' could not be run on failure: Message: no such window: target window already closed
from unknown error: web view not found
  (Session info: chrome=115.0.5790.102)
Stacktrace:
Backtrace:
	GetHandleVerifier [0x00C4A813+48355]
	(No symbol) [0x00BDC4B1]
	(No symbol) [0x00AE5358]
	(No symbol) [0x00ACD293]
	(No symbol) [0x00B2E37B]
	(No symbol) [0x00B3C473]
	(No symbol) [0x00B2A536]
	(No symbol) [0x00B082DC]
	(No symbol) [0x00B093DD]
	GetHandleVerifier [0x00EAAABD+2539405]
	GetHandleVerifier [0x00EEA78F+2800735]
	GetHandleVerifier [0x00EE456C+2775612]
	GetHandleVerifier [0x00CD51E0+616112]
	(No symbol) [0x00BE5F8C]
	(No symbol) [0x00BE2328]
	(No symbol) [0x00BE240B]
	(No symbol) [0x00BD4FF7]
	BaseThreadInitThunk [0x765E7D59+25]
	RtlInitializeExceptionChain [0x7762B79B+107]
	RtlClearBits [0x7762B71F+191]
</msg>
<msg timestamp="20230725 09:20:45.470" level="FAIL">NoSuchWindowException: Message: no such window: target window already closed
from unknown error: web view not found
  (Session info: chrome=115.0.5790.102)
Stacktrace:
Backtrace:
	GetHandleVerifier [0x00C4A813+48355]
	(No symbol) [0x00BDC4B1]
	(No symbol) [0x00AE5358]
	(No symbol) [0x00ACD293]
	(No symbol) [0x00B2E37B]
	(No symbol) [0x00B3C473]
	(No symbol) [0x00B2A536]
	(No symbol) [0x00B082DC]
	(No symbol) [0x00B093DD]
	GetHandleVerifier [0x00EAAABD+2539405]
	GetHandleVerifier [0x00EEA78F+2800735]
	GetHandleVerifier [0x00EE456C+2775612]
	GetHandleVerifier [0x00CD51E0+616112]
	(No symbol) [0x00BE5F8C]
	(No symbol) [0x00BE2328]
	(No symbol) [0x00BE240B]
	(No symbol) [0x00BD4FF7]
	BaseThreadInitThunk [0x765E7D59+25]
	RtlInitializeExceptionChain [0x7762B79B+107]
	RtlClearBits [0x7762B71F+191]
</msg>
<status status="FAIL" starttime="20230725 09:20:45.463" endtime="20230725 09:20:45.476"/>
</kw>
<kw name="click element" library="common_keyword">
<arg>${locator}</arg>
<kw name="Wait Until Element Is Visible" library="SeleniumLibrary">
<arg>${locator}</arg>
<doc>Waits until the element ``locator`` is visible.</doc>
<msg timestamp="20230725 09:20:45.494" level="WARN">Keyword 'Capture Page Screenshot' could not be run on failure: Message: no such window: target window already closed
from unknown error: web view not found
  (Session info: chrome=115.0.5790.102)
Stacktrace:
Backtrace:
	GetHandleVerifier [0x00C4A813+48355]
	(No symbol) [0x00BDC4B1]
	(No symbol) [0x00AE5358]
	(No symbol) [0x00ACD293]
	(No symbol) [0x00B2E37B]
	(No symbol) [0x00B3C473]
	(No symbol) [0x00B2A536]
	(No symbol) [0x00B082DC]
	(No symbol) [0x00B093DD]
	GetHandleVerifier [0x00EAAABD+2539405]
	GetHandleVerifier [0x00EEA78F+2800735]
	GetHandleVerifier [0x00EE456C+2775612]
	GetHandleVerifier [0x00CD51E0+616112]
	(No symbol) [0x00BE5F8C]
	(No symbol) [0x00BE2328]
	(No symbol) [0x00BE240B]
	(No symbol) [0x00BD4FF7]
	BaseThreadInitThunk [0x765E7D59+25]
	RtlInitializeExceptionChain [0x7762B79B+107]
	RtlClearBits [0x7762B71F+191]
</msg>
<msg timestamp="20230725 09:20:45.495" level="FAIL">NoSuchWindowException: Message: no such window: target window already closed
from unknown error: web view not found
  (Session info: chrome=115.0.5790.102)
Stacktrace:
Backtrace:
	GetHandleVerifier [0x00C4A813+48355]
	(No symbol) [0x00BDC4B1]
	(No symbol) [0x00AE5358]
	(No symbol) [0x00ACD293]
	(No symbol) [0x00B2E37B]
	(No symbol) [0x00B3C473]
	(No symbol) [0x00B2A536]
	(No symbol) [0x00B082DC]
	(No symbol) [0x00B093DD]
	GetHandleVerifier [0x00EAAABD+2539405]
	GetHandleVerifier [0x00EEA78F+2800735]
	GetHandleVerifier [0x00EE456C+2775612]
	GetHandleVerifier [0x00CD51E0+616112]
	(No symbol) [0x00BE5F8C]
	(No symbol) [0x00BE2328]
	(No symbol) [0x00BE240B]
	(No symbol) [0x00BD4FF7]
	BaseThreadInitThunk [0x765E7D59+25]
	RtlInitializeExceptionChain [0x7762B79B+107]
	RtlClearBits [0x7762B71F+191]
</msg>
<status status="FAIL" starttime="20230725 09:20:45.479" endtime="20230725 09:20:45.500"/>
</kw>
<kw name="click element" library="common_keyword">
<arg>${locator}</arg>
<kw name="Wait Until Element Is Visible" library="SeleniumLibrary">
<arg>${locator}</arg>
<doc>Waits until the element ``locator`` is visible.</doc>
<msg timestamp="20230725 09:20:45.507" level="WARN">Keyword 'Capture Page Screenshot' could not be run on failure: Message: no such window: target window already closed
from unknown error: web view not found
  (Session info: chrome=115.0.5790.102)
Stacktrace:
Backtrace:
	GetHandleVerifier [0x00C4A813+48355]
	(No symbol) [0x00BDC4B1]
	(No symbol) [0x00AE5358]
	(No symbol) [0x00ACD293]
	(No symbol) [0x00B2E37B]
	(No symbol) [0x00B3C473]
	(No symbol) [0x00B2A536]
	(No symbol) [0x00B082DC]
	(No symbol) [0x00B093DD]
	GetHandleVerifier [0x00EAAABD+2539405]
	GetHandleVerifier [0x00EEA78F+2800735]
	GetHandleVerifier [0x00EE456C+2775612]
	GetHandleVerifier [0x00CD51E0+616112]
	(No symbol) [0x00BE5F8C]
	(No symbol) [0x00BE2328]
	(No symbol) [0x00BE240B]
	(No symbol) [0x00BD4FF7]
	BaseThreadInitThunk [0x765E7D59+25]
	RtlInitializeExceptionChain [0x7762B79B+107]
	RtlClearBits [0x7762B71F+191]
</msg>
<msg timestamp="20230725 09:20:45.508" level="FAIL">NoSuchWindowException: Message: no such window: target window already closed
from unknown error: web view not found
  (Session info: chrome=115.0.5790.102)
Stacktrace:
Backtrace:
	GetHandleVerifier [0x00C4A813+48355]
	(No symbol) [0x00BDC4B1]
	(No symbol) [0x00AE5358]
	(No symbol) [0x00ACD293]
	(No symbol) [0x00B2E37B]
	(No symbol) [0x00B3C473]
	(No symbol) [0x00B2A536]
	(No symbol) [0x00B082DC]
	(No symbol) [0x00B093DD]
	GetHandleVerifier [0x00EAAABD+2539405]
	GetHandleVerifier [0x00EEA78F+2800735]
	GetHandleVerifier [0x00EE456C+2775612]
	GetHandleVerifier [0x00CD51E0+616112]
	(No symbol) [0x00BE5F8C]
	(No symbol) [0x00BE2328]
	(No symbol) [0x00BE240B]
	(No symbol) [0x00BD4FF7]
	BaseThreadInitThunk [0x765E7D59+25]
	RtlInitializeExceptionChain [0x7762B79B+107]
	RtlClearBits [0x7762B71F+191]
</msg>
<status status="FAIL" starttime="20230725 09:20:45.501" endtime="20230725 09:20:45.512"/>
</kw>
<kw name="click element" library="common_keyword">
<arg>${locator}</arg>
<kw name="Wait Until Element Is Visible" library="SeleniumLibrary">
<arg>${locator}</arg>
<doc>Waits until the element ``locator`` is visible.</doc>
<msg timestamp="20230725 09:20:45.519" level="WARN">Keyword 'Capture Page Screenshot' could not be run on failure: Message: no such window: target window already closed
from unknown error: web view not found
  (Session info: chrome=115.0.5790.102)
Stacktrace:
Backtrace:
	GetHandleVerifier [0x00C4A813+48355]
	(No symbol) [0x00BDC4B1]
	(No symbol) [0x00AE5358]
	(No symbol) [0x00ACD293]
	(No symbol) [0x00B2E37B]
	(No symbol) [0x00B3C473]
	(No symbol) [0x00B2A536]
	(No symbol) [0x00B082DC]
	(No symbol) [0x00B093DD]
	GetHandleVerifier [0x00EAAABD+2539405]
	GetHandleVerifier [0x00EEA78F+2800735]
	GetHandleVerifier [0x00EE456C+2775612]
	GetHandleVerifier [0x00CD51E0+616112]
	(No symbol) [0x00BE5F8C]
	(No symbol) [0x00BE2328]
	(No symbol) [0x00BE240B]
	(No symbol) [0x00BD4FF7]
	BaseThreadInitThunk [0x765E7D59+25]
	RtlInitializeExceptionChain [0x7762B79B+107]
	RtlClearBits [0x7762B71F+191]
</msg>
<msg timestamp="20230725 09:20:45.519" level="FAIL">NoSuchWindowException: Message: no such window: target window already closed
from unknown error: web view not found
  (Session info: chrome=115.0.5790.102)
Stacktrace:
Backtrace:
	GetHandleVerifier [0x00C4A813+48355]
	(No symbol) [0x00BDC4B1]
	(No symbol) [0x00AE5358]
	(No symbol) [0x00ACD293]
	(No symbol) [0x00B2E37B]
	(No symbol) [0x00B3C473]
	(No symbol) [0x00B2A536]
	(No symbol) [0x00B082DC]
	(No symbol) [0x00B093DD]
	GetHandleVerifier [0x00EAAABD+2539405]
	GetHandleVerifier [0x00EEA78F+2800735]
	GetHandleVerifier [0x00EE456C+2775612]
	GetHandleVerifier [0x00CD51E0+616112]
	(No symbol) [0x00BE5F8C]
	(No symbol) [0x00BE2328]
	(No symbol) [0x00BE240B]
	(No symbol) [0x00BD4FF7]
	BaseThreadInitThunk [0x765E7D59+25]
	RtlInitializeExceptionChain [0x7762B79B+107]
	RtlClearBits [0x7762B71F+191]
</msg>
<status status="FAIL" starttime="20230725 09:20:45.513" endtime="20230725 09:20:45.522"/>
</kw>
<kw name="click element" library="common_keyword">
<arg>${locator}</arg>
<kw name="Wait Until Element Is Visible" library="SeleniumLibrary">
<arg>${locator}</arg>
<doc>Waits until the element ``locator`` is visible.</doc>
<msg timestamp="20230725 09:20:45.527" level="WARN">Keyword 'Capture Page Screenshot' could not be run on failure: Message: no such window: target window already closed
from unknown error: web view not found
  (Session info: chrome=115.0.5790.102)
Stacktrace:
Backtrace:
	GetHandleVerifier [0x00C4A813+48355]
	(No symbol) [0x00BDC4B1]
	(No symbol) [0x00AE5358]
	(No symbol) [0x00ACD293]
	(No symbol) [0x00B2E37B]
	(No symbol) [0x00B3C473]
	(No symbol) [0x00B2A536]
	(No symbol) [0x00B082DC]
	(No symbol) [0x00B093DD]
	GetHandleVerifier [0x00EAAABD+2539405]
	GetHandleVerifier [0x00EEA78F+2800735]
	GetHandleVerifier [0x00EE456C+2775612]
	GetHandleVerifier [0x00CD51E0+616112]
	(No symbol) [0x00BE5F8C]
	(No symbol) [0x00BE2328]
	(No symbol) [0x00BE240B]
	(No symbol) [0x00BD4FF7]
	BaseThreadInitThunk [0x765E7D59+25]
	RtlInitializeExceptionChain [0x7762B79B+107]
	RtlClearBits [0x7762B71F+191]
</msg>
<msg timestamp="20230725 09:20:45.527" level="FAIL">NoSuchWindowException: Message: no such window: target window already closed
from unknown error: web view not found
  (Session info: chrome=115.0.5790.102)
Stacktrace:
Backtrace:
	GetHandleVerifier [0x00C4A813+48355]
	(No symbol) [0x00BDC4B1]
	(No symbol) [0x00AE5358]
	(No symbol) [0x00ACD293]
	(No symbol) [0x00B2E37B]
	(No symbol) [0x00B3C473]
	(No symbol) [0x00B2A536]
	(No symbol) [0x00B082DC]
	(No symbol) [0x00B093DD]
	GetHandleVerifier [0x00EAAABD+2539405]
	GetHandleVerifier [0x00EEA78F+2800735]
	GetHandleVerifier [0x00EE456C+2775612]
	GetHandleVerifier [0x00CD51E0+616112]
	(No symbol) [0x00BE5F8C]
	(No symbol) [0x00BE2328]
	(No symbol) [0x00BE240B]
	(No symbol) [0x00BD4FF7]
	BaseThreadInitThunk [0x765E7D59+25]
	RtlInitializeExceptionChain [0x7762B79B+107]
	RtlClearBits [0x7762B71F+191]
</msg>
<status status="FAIL" starttime="20230725 09:20:45.523" endtime="20230725 09:20:45.529"/>
</kw>
<kw name="click element" library="common_keyword">
<arg>${locator}</arg>
<kw name="Wait Until Element Is Visible" library="SeleniumLibrary">
<arg>${locator}</arg>
<doc>Waits until the element ``locator`` is visible.</doc>
<msg timestamp="20230725 09:20:45.556" level="WARN">Keyword 'Capture Page Screenshot' could not be run on failure: Message: no such window: target window already closed
from unknown error: web view not found
  (Session info: chrome=115.0.5790.102)
Stacktrace:
Backtrace:
	GetHandleVerifier [0x00C4A813+48355]
	(No symbol) [0x00BDC4B1]
	(No symbol) [0x00AE5358]
	(No symbol) [0x00ACD293]
	(No symbol) [0x00B2E37B]
	(No symbol) [0x00B3C473]
	(No symbol) [0x00B2A536]
	(No symbol) [0x00B082DC]
	(No symbol) [0x00B093DD]
	GetHandleVerifier [0x00EAAABD+2539405]
	GetHandleVerifier [0x00EEA78F+2800735]
	GetHandleVerifier [0x00EE456C+2775612]
	GetHandleVerifier [0x00CD51E0+616112]
	(No symbol) [0x00BE5F8C]
	(No symbol) [0x00BE2328]
	(No symbol) [0x00BE240B]
	(No symbol) [0x00BD4FF7]
	BaseThreadInitThunk [0x765E7D59+25]
	RtlInitializeExceptionChain [0x7762B79B+107]
	RtlClearBits [0x7762B71F+191]
</msg>
<msg timestamp="20230725 09:20:45.556" level="FAIL">NoSuchWindowException: Message: no such window: target window already closed
from unknown error: web view not found
  (Session info: chrome=115.0.5790.102)
Stacktrace:
Backtrace:
	GetHandleVerifier [0x00C4A813+48355]
	(No symbol) [0x00BDC4B1]
	(No symbol) [0x00AE5358]
	(No symbol) [0x00ACD293]
	(No symbol) [0x00B2E37B]
	(No symbol) [0x00B3C473]
	(No symbol) [0x00B2A536]
	(No symbol) [0x00B082DC]
	(No symbol) [0x00B093DD]
	GetHandleVerifier [0x00EAAABD+2539405]
	GetHandleVerifier [0x00EEA78F+2800735]
	GetHandleVerifier [0x00EE456C+2775612]
	GetHandleVerifier [0x00CD51E0+616112]
	(No symbol) [0x00BE5F8C]
	(No symbol) [0x00BE2328]
	(No symbol) [0x00BE240B]
	(No symbol) [0x00BD4FF7]
	BaseThreadInitThunk [0x765E7D59+25]
	RtlInitializeExceptionChain [0x7762B79B+107]
	RtlClearBits [0x7762B71F+191]
</msg>
<status status="FAIL" starttime="20230725 09:20:45.530" endtime="20230725 09:20:45.558"/>
</kw>
<kw name="click element" library="common_keyword">
<arg>${locator}</arg>
<kw name="Wait Until Element Is Visible" library="SeleniumLibrary">
<arg>${locator}</arg>
<doc>Waits until the element ``locator`` is visible.</doc>
<msg timestamp="20230725 09:20:45.564" level="WARN">Keyword 'Capture Page Screenshot' could not be run on failure: Message: no such window: target window already closed
from unknown error: web view not found
  (Session info: chrome=115.0.5790.102)
Stacktrace:
Backtrace:
	GetHandleVerifier [0x00C4A813+48355]
	(No symbol) [0x00BDC4B1]
	(No symbol) [0x00AE5358]
	(No symbol) [0x00ACD293]
	(No symbol) [0x00B2E37B]
	(No symbol) [0x00B3C473]
	(No symbol) [0x00B2A536]
	(No symbol) [0x00B082DC]
	(No symbol) [0x00B093DD]
	GetHandleVerifier [0x00EAAABD+2539405]
	GetHandleVerifier [0x00EEA78F+2800735]
	GetHandleVerifier [0x00EE456C+2775612]
	GetHandleVerifier [0x00CD51E0+616112]
	(No symbol) [0x00BE5F8C]
	(No symbol) [0x00BE2328]
	(No symbol) [0x00BE240B]
	(No symbol) [0x00BD4FF7]
	BaseThreadInitThunk [0x765E7D59+25]
	RtlInitializeExceptionChain [0x7762B79B+107]
	RtlClearBits [0x7762B71F+191]
</msg>
<msg timestamp="20230725 09:20:45.565" level="FAIL">NoSuchWindowException: Message: no such window: target window already closed
from unknown error: web view not found
  (Session info: chrome=115.0.5790.102)
Stacktrace:
Backtrace:
	GetHandleVerifier [0x00C4A813+48355]
	(No symbol) [0x00BDC4B1]
	(No symbol) [0x00AE5358]
	(No symbol) [0x00ACD293]
	(No symbol) [0x00B2E37B]
	(No symbol) [0x00B3C473]
	(No symbol) [0x00B2A536]
	(No symbol) [0x00B082DC]
	(No symbol) [0x00B093DD]
	GetHandleVerifier [0x00EAAABD+2539405]
	GetHandleVerifier [0x00EEA78F+2800735]
	GetHandleVerifier [0x00EE456C+2775612]
	GetHandleVerifier [0x00CD51E0+616112]
	(No symbol) [0x00BE5F8C]
	(No symbol) [0x00BE2328]
	(No symbol) [0x00BE240B]
	(No symbol) [0x00BD4FF7]
	BaseThreadInitThunk [0x765E7D59+25]
	RtlInitializeExceptionChain [0x7762B79B+107]
	RtlClearBits [0x7762B71F+191]
</msg>
<status status="FAIL" starttime="20230725 09:20:45.559" endtime="20230725 09:20:45.567"/>
</kw>
<kw name="click element" library="common_keyword">
<arg>${locator}</arg>
<kw name="Wait Until Element Is Visible" library="SeleniumLibrary">
<arg>${locator}</arg>
<doc>Waits until the element ``locator`` is visible.</doc>
<msg timestamp="20230725 09:20:45.572" level="WARN">Keyword 'Capture Page Screenshot' could not be run on failure: Message: no such window: target window already closed
from unknown error: web view not found
  (Session info: chrome=115.0.5790.102)
Stacktrace:
Backtrace:
	GetHandleVerifier [0x00C4A813+48355]
	(No symbol) [0x00BDC4B1]
	(No symbol) [0x00AE5358]
	(No symbol) [0x00ACD293]
	(No symbol) [0x00B2E37B]
	(No symbol) [0x00B3C473]
	(No symbol) [0x00B2A536]
	(No symbol) [0x00B082DC]
	(No symbol) [0x00B093DD]
	GetHandleVerifier [0x00EAAABD+2539405]
	GetHandleVerifier [0x00EEA78F+2800735]
	GetHandleVerifier [0x00EE456C+2775612]
	GetHandleVerifier [0x00CD51E0+616112]
	(No symbol) [0x00BE5F8C]
	(No symbol) [0x00BE2328]
	(No symbol) [0x00BE240B]
	(No symbol) [0x00BD4FF7]
	BaseThreadInitThunk [0x765E7D59+25]
	RtlInitializeExceptionChain [0x7762B79B+107]
	RtlClearBits [0x7762B71F+191]
</msg>
<msg timestamp="20230725 09:20:45.573" level="FAIL">NoSuchWindowException: Message: no such window: target window already closed
from unknown error: web view not found
  (Session info: chrome=115.0.5790.102)
Stacktrace:
Backtrace:
	GetHandleVerifier [0x00C4A813+48355]
	(No symbol) [0x00BDC4B1]
	(No symbol) [0x00AE5358]
	(No symbol) [0x00ACD293]
	(No symbol) [0x00B2E37B]
	(No symbol) [0x00B3C473]
	(No symbol) [0x00B2A536]
	(No symbol) [0x00B082DC]
	(No symbol) [0x00B093DD]
	GetHandleVerifier [0x00EAAABD+2539405]
	GetHandleVerifier [0x00EEA78F+2800735]
	GetHandleVerifier [0x00EE456C+2775612]
	GetHandleVerifier [0x00CD51E0+616112]
	(No symbol) [0x00BE5F8C]
	(No symbol) [0x00BE2328]
	(No symbol) [0x00BE240B]
	(No symbol) [0x00BD4FF7]
	BaseThreadInitThunk [0x765E7D59+25]
	RtlInitializeExceptionChain [0x7762B79B+107]
	RtlClearBits [0x7762B71F+191]
</msg>
<status status="FAIL" starttime="20230725 09:20:45.568" endtime="20230725 09:20:45.576"/>
</kw>
<kw name="click element" library="common_keyword">
<arg>${locator}</arg>
<kw name="Wait Until Element Is Visible" library="SeleniumLibrary">
<arg>${locator}</arg>
<doc>Waits until the element ``locator`` is visible.</doc>
<msg timestamp="20230725 09:20:45.582" level="WARN">Keyword 'Capture Page Screenshot' could not be run on failure: Message: no such window: target window already closed
from unknown error: web view not found
  (Session info: chrome=115.0.5790.102)
Stacktrace:
Backtrace:
	GetHandleVerifier [0x00C4A813+48355]
	(No symbol) [0x00BDC4B1]
	(No symbol) [0x00AE5358]
	(No symbol) [0x00ACD293]
	(No symbol) [0x00B2E37B]
	(No symbol) [0x00B3C473]
	(No symbol) [0x00B2A536]
	(No symbol) [0x00B082DC]
	(No symbol) [0x00B093DD]
	GetHandleVerifier [0x00EAAABD+2539405]
	GetHandleVerifier [0x00EEA78F+2800735]
	GetHandleVerifier [0x00EE456C+2775612]
	GetHandleVerifier [0x00CD51E0+616112]
	(No symbol) [0x00BE5F8C]
	(No symbol) [0x00BE2328]
	(No symbol) [0x00BE240B]
	(No symbol) [0x00BD4FF7]
	BaseThreadInitThunk [0x765E7D59+25]
	RtlInitializeExceptionChain [0x7762B79B+107]
	RtlClearBits [0x7762B71F+191]
</msg>
<msg timestamp="20230725 09:20:45.583" level="FAIL">NoSuchWindowException: Message: no such window: target window already closed
from unknown error: web view not found
  (Session info: chrome=115.0.5790.102)
Stacktrace:
Backtrace:
	GetHandleVerifier [0x00C4A813+48355]
	(No symbol) [0x00BDC4B1]
	(No symbol) [0x00AE5358]
	(No symbol) [0x00ACD293]
	(No symbol) [0x00B2E37B]
	(No symbol) [0x00B3C473]
	(No symbol) [0x00B2A536]
	(No symbol) [0x00B082DC]
	(No symbol) [0x00B093DD]
	GetHandleVerifier [0x00EAAABD+2539405]
	GetHandleVerifier [0x00EEA78F+2800735]
	GetHandleVerifier [0x00EE456C+2775612]
	GetHandleVerifier [0x00CD51E0+616112]
	(No symbol) [0x00BE5F8C]
	(No symbol) [0x00BE2328]
	(No symbol) [0x00BE240B]
	(No symbol) [0x00BD4FF7]
	BaseThreadInitThunk [0x765E7D59+25]
	RtlInitializeExceptionChain [0x7762B79B+107]
	RtlClearBits [0x7762B71F+191]
</msg>
<status status="FAIL" starttime="20230725 09:20:45.577" endtime="20230725 09:20:45.586"/>
</kw>
<kw name="click element" library="common_keyword">
<arg>${locator}</arg>
<msg timestamp="20230725 09:20:45.587" level="FAIL">Maximum limit of started keywords and control structures exceeded.</msg>
<status status="FAIL" starttime="20230725 09:20:45.587" endtime="20230725 09:20:45.588"/>
</kw>
<status status="FAIL" starttime="20230725 09:20:45.576" endtime="20230725 09:20:45.588"/>
</kw>
<status status="FAIL" starttime="20230725 09:20:45.568" endtime="20230725 09:20:45.589"/>
</kw>
<status status="FAIL" starttime="20230725 09:20:45.559" endtime="20230725 09:20:45.590"/>
</kw>
<status status="FAIL" starttime="20230725 09:20:45.530" endtime="20230725 09:20:45.590"/>
</kw>
<status status="FAIL" starttime="20230725 09:20:45.522" endtime="20230725 09:20:45.592"/>
</kw>
<status status="FAIL" starttime="20230725 09:20:45.512" endtime="20230725 09:20:45.593"/>
</kw>
<status status="FAIL" starttime="20230725 09:20:45.500" endtime="20230725 09:20:45.594"/>
</kw>
<status status="FAIL" starttime="20230725 09:20:45.477" endtime="20230725 09:20:45.595"/>
</kw>
<status status="FAIL" starttime="20230725 09:20:45.462" endtime="20230725 09:20:45.596"/>
</kw>
<status status="FAIL" starttime="20230725 09:20:45.449" endtime="20230725 09:20:45.597"/>
</kw>
<status status="FAIL" starttime="20230725 09:20:45.437" endtime="20230725 09:20:45.599"/>
</kw>
<status status="FAIL" starttime="20230725 09:20:45.425" endtime="20230725 09:20:45.599"/>
</kw>
<status status="FAIL" starttime="20230725 09:20:45.417" endtime="20230725 09:20:45.600"/>
</kw>
<status status="FAIL" starttime="20230725 09:20:45.402" endtime="20230725 09:20:45.600"/>
</kw>
<status status="FAIL" starttime="20230725 09:20:45.389" endtime="20230725 09:20:45.601"/>
</kw>
<status status="FAIL" starttime="20230725 09:20:45.379" endtime="20230725 09:20:45.601"/>
</kw>
<status status="FAIL" starttime="20230725 09:20:45.359" endtime="20230725 09:20:45.602"/>
</kw>
<status status="FAIL" starttime="20230725 09:20:45.333" endtime="20230725 09:20:45.603"/>
</kw>
<status status="FAIL" starttime="20230725 09:20:45.320" endtime="20230725 09:20:45.605"/>
</kw>
<status status="FAIL" starttime="20230725 09:20:45.246" endtime="20230725 09:20:45.605"/>
</kw>
<status status="FAIL" starttime="20230725 09:20:45.232" endtime="20230725 09:20:45.606"/>
</kw>
<status status="FAIL" starttime="20230725 09:20:45.217" endtime="20230725 09:20:45.607"/>
</kw>
<status status="FAIL" starttime="20230725 09:20:45.205" endtime="20230725 09:20:45.608"/>
</kw>
<status status="FAIL" starttime="20230725 09:20:45.194" endtime="20230725 09:20:45.609"/>
</kw>
<status status="FAIL" starttime="20230725 09:20:45.179" endtime="20230725 09:20:45.610"/>
</kw>
<status status="FAIL" starttime="20230725 09:20:45.164" endtime="20230725 09:20:45.611"/>
</kw>
<status status="FAIL" starttime="20230725 09:20:45.142" endtime="20230725 09:20:45.612"/>
</kw>
<status status="FAIL" starttime="20230725 09:20:45.126" endtime="20230725 09:20:45.614"/>
</kw>
<status status="FAIL" starttime="20230725 09:20:45.094" endtime="20230725 09:20:45.615"/>
</kw>
<status status="FAIL" starttime="20230725 09:20:45.064" endtime="20230725 09:20:45.616"/>
</kw>
<status status="FAIL" starttime="20230725 09:20:45.009" endtime="20230725 09:20:45.616"/>
</kw>
<status status="FAIL" starttime="20230725 09:20:44.950" endtime="20230725 09:20:45.617"/>
</kw>
<status status="FAIL" starttime="20230725 09:20:44.874" endtime="20230725 09:20:45.618"/>
</kw>
<status status="FAIL" starttime="20230725 09:20:44.862" endtime="20230725 09:20:45.619"/>
</kw>
<status status="FAIL" starttime="20230725 09:20:44.851" endtime="20230725 09:20:45.620"/>
</kw>
<status status="FAIL" starttime="20230725 09:20:44.839" endtime="20230725 09:20:45.622"/>
</kw>
<status status="FAIL" starttime="20230725 09:20:44.826" endtime="20230725 09:20:45.623"/>
</kw>
<status status="FAIL" starttime="20230725 09:20:44.810" endtime="20230725 09:20:45.635"/>
</kw>
<status status="FAIL" starttime="20230725 09:20:44.759" endtime="20230725 09:20:45.638"/>
</kw>
<status status="FAIL" starttime="20230725 09:20:44.744" endtime="20230725 09:20:45.640"/>
</kw>
<status status="FAIL" starttime="20230725 09:20:44.731" endtime="20230725 09:20:45.644"/>
</kw>
<status status="FAIL" starttime="20230725 09:20:44.719" endtime="20230725 09:20:45.646"/>
</kw>
<status status="FAIL" starttime="20230725 09:20:44.705" endtime="20230725 09:20:45.648"/>
</kw>
<status status="FAIL" starttime="20230725 09:20:44.692" endtime="20230725 09:20:45.649"/>
</kw>
<status status="FAIL" starttime="20230725 09:20:44.648" endtime="20230725 09:20:45.650"/>
</kw>
<status status="FAIL" starttime="20230725 09:20:44.624" endtime="20230725 09:20:45.651"/>
</kw>
<status status="FAIL" starttime="20230725 09:20:44.609" endtime="20230725 09:20:45.652"/>
</kw>
<status status="FAIL" starttime="20230725 09:20:44.567" endtime="20230725 09:20:45.652"/>
</kw>
<status status="FAIL" starttime="20230725 09:20:40.700" endtime="20230725 09:20:45.653"/>
</kw>
<status status="FAIL" starttime="20230725 09:20:39.858" endtime="20230725 09:20:45.654"/>
</kw>
<status status="FAIL" starttime="20230725 09:20:39.832" endtime="20230725 09:20:45.655"/>
</kw>
<status status="FAIL" starttime="20230725 09:20:39.763" endtime="20230725 09:20:45.655"/>
</kw>
<status status="FAIL" starttime="20230725 09:20:39.734" endtime="20230725 09:20:45.656"/>
</kw>
<status status="FAIL" starttime="20230725 09:20:39.705" endtime="20230725 09:20:45.657"/>
</kw>
<status status="FAIL" starttime="20230725 09:20:39.676" endtime="20230725 09:20:45.659"/>
</kw>
<status status="FAIL" starttime="20230725 09:20:39.648" endtime="20230725 09:20:45.660"/>
</kw>
<status status="FAIL" starttime="20230725 09:20:39.623" endtime="20230725 09:20:45.662"/>
</kw>
<status status="FAIL" starttime="20230725 09:20:39.602" endtime="20230725 09:20:45.663"/>
</kw>
<status status="FAIL" starttime="20230725 09:20:39.580" endtime="20230725 09:20:45.664"/>
</kw>
<status status="FAIL" starttime="20230725 09:20:39.560" endtime="20230725 09:20:45.665"/>
</kw>
<status status="FAIL" starttime="20230725 09:20:39.541" endtime="20230725 09:20:45.665"/>
</kw>
<status status="FAIL" starttime="20230725 09:20:39.507" endtime="20230725 09:20:45.666"/>
</kw>
<status status="FAIL" starttime="20230725 09:20:39.487" endtime="20230725 09:20:45.667"/>
</kw>
<status status="FAIL" starttime="20230725 09:20:39.468" endtime="20230725 09:20:45.668"/>
</kw>
<status status="FAIL" starttime="20230725 09:20:39.449" endtime="20230725 09:20:45.669"/>
</kw>
<status status="FAIL" starttime="20230725 09:20:39.431" endtime="20230725 09:20:45.670"/>
</kw>
<status status="FAIL" starttime="20230725 09:20:39.412" endtime="20230725 09:20:45.671"/>
</kw>
<status status="FAIL" starttime="20230725 09:20:39.393" endtime="20230725 09:20:45.671"/>
</kw>
<status status="FAIL" starttime="20230725 09:20:39.374" endtime="20230725 09:20:45.672"/>
</kw>
<status status="FAIL" starttime="20230725 09:20:39.353" endtime="20230725 09:20:45.673"/>
</kw>
<status status="FAIL" starttime="20230725 09:20:39.334" endtime="20230725 09:20:45.673"/>
</kw>
<status status="FAIL" starttime="20230725 09:20:39.314" endtime="20230725 09:20:45.675"/>
</kw>
<status status="FAIL" starttime="20230725 09:20:39.294" endtime="20230725 09:20:45.675"/>
</kw>
<status status="FAIL" starttime="20230725 09:20:39.273" endtime="20230725 09:20:45.676"/>
</kw>
<status status="FAIL" starttime="20230725 09:20:39.227" endtime="20230725 09:20:45.677"/>
</kw>
<status status="FAIL" starttime="20230725 09:20:39.207" endtime="20230725 09:20:45.678"/>
</kw>
<status status="FAIL" starttime="20230725 09:20:39.187" endtime="20230725 09:20:45.679"/>
</kw>
<status status="FAIL" starttime="20230725 09:20:39.167" endtime="20230725 09:20:45.679"/>
</kw>
<status status="FAIL" starttime="20230725 09:20:39.145" endtime="20230725 09:20:45.681"/>
</kw>
<status status="FAIL" starttime="20230725 09:20:39.113" endtime="20230725 09:20:45.682"/>
</kw>
<status status="FAIL" starttime="20230725 09:20:39.086" endtime="20230725 09:20:45.682"/>
</kw>
<status status="FAIL" starttime="20230725 09:20:39.060" endtime="20230725 09:20:45.683"/>
</kw>
<status status="FAIL" starttime="20230725 09:20:39.034" endtime="20230725 09:20:45.683"/>
</kw>
<status status="FAIL" starttime="20230725 09:20:39.014" endtime="20230725 09:20:45.685"/>
</kw>
<status status="FAIL" starttime="20230725 09:20:38.974" endtime="20230725 09:20:45.686"/>
</kw>
<status status="FAIL" starttime="20230725 09:20:38.953" endtime="20230725 09:20:45.687"/>
</kw>
<status status="FAIL" starttime="20230725 09:20:38.931" endtime="20230725 09:20:45.688"/>
</kw>
<status status="FAIL" starttime="20230725 09:20:38.913" endtime="20230725 09:20:45.689"/>
</kw>
<status status="FAIL" starttime="20230725 09:20:38.893" endtime="20230725 09:20:45.689"/>
</kw>
<status status="FAIL" starttime="20230725 09:20:38.874" endtime="20230725 09:20:45.691"/>
</kw>
<status status="FAIL" starttime="20230725 09:20:38.854" endtime="20230725 09:20:45.692"/>
</kw>
<status status="FAIL" starttime="20230725 09:20:38.835" endtime="20230725 09:20:45.694"/>
</kw>
<status status="FAIL" starttime="20230725 09:20:38.815" endtime="20230725 09:20:45.696"/>
</kw>
<status status="FAIL" starttime="20230725 09:20:38.796" endtime="20230725 09:20:45.698"/>
</kw>
<status status="FAIL" starttime="20230725 09:20:38.774" endtime="20230725 09:20:45.700"/>
</kw>
<status status="FAIL" starttime="20230725 09:20:38.752" endtime="20230725 09:20:45.703"/>
</kw>
<status status="FAIL" starttime="20230725 09:20:34.206" endtime="20230725 09:20:45.705"/>
</kw>
<status status="FAIL" starttime="20230725 09:20:22.797" endtime="20230725 09:20:45.707">Several failures occurred:

1) Element '//li[@class='oxd-userdropdown']' not visible after 5 seconds.

2) Maximum limit of started keywords and control structures exceeded.

3) NoSuchWindowException: Message: no such window: target window already closed
from unknown error: web view not found
  (Session info: chrome=115.0.5790.102)
Stacktrace:
Backtrace:
	GetHandleVerifier [0x00C4A813+48355]
	(No symbol) [0x00BDC4B1]
	(No symbol) [0x00AE5358]
	(No symbol) [0x00ACD293]
	(No symbol) [0x00B2E37B]
	(No symbol) [0x00B3C473]
	(No symbol) [0x00B2A536]
	(No symbol) [0x00B082DC]
    [ Message content over the limit has been removed. ]
	(No symbol) [0x00ACD293]
	(No symbol) [0x00B2E37B]
	(No symbol) [0x00B3C473]
	(No symbol) [0x00B2A536]
	(No symbol) [0x00B082DC]
	(No symbol) [0x00B093DD]
	GetHandleVerifier [0x00EAAABD+2539405]
	GetHandleVerifier [0x00EEA78F+2800735]
	GetHandleVerifier [0x00EE456C+2775612]
	GetHandleVerifier [0x00CD51E0+616112]
	(No symbol) [0x00BE5F8C]
	(No symbol) [0x00BE2328]
	(No symbol) [0x00BE240B]
	(No symbol) [0x00BD4FF7]
	BaseThreadInitThunk [0x765E7D59+25]
	RtlInitializeExceptionChain [0x7762B79B+107]
	RtlClearBits [0x7762B71F+191]


52) Maximum limit of started keywords and control structures exceeded.</status>
</kw>
<tag>test login success</tag>
<status status="FAIL" starttime="20230725 09:20:21.563" endtime="20230725 09:20:45.707">Keyword 'login_Keyword.click login' expected 0 arguments, got 1.

Also teardown failed:
Several failures occurred:

1) Element '//li[@class='oxd-userdropdown']' not visible after 5 seconds.

2) Maximum limit of started keywords and control structures exceeded.

3) NoSuchWindowException: Message: no such window: target window already closed
from unknown error: web view not found
  (Session info: chrome=115.0.5790.102)
Stacktrace:
Backtrace:
	GetHandleVerifier [0x00C4A813+48355]
	(No symbol) [0x00BDC4B1]
	(No symbol) [0x00AE5358]
	(No symbol) [0x00ACD293]
	(No symbol) [0x00B2E37B]
	(No symbol) [0x00B3C473]
	(No symbol) [0x00B2A536]
	(No symbol) [0x00B082DC]
    [ Message content over the limit has been removed. ]
	(No symbol) [0x00ACD293]
	(No symbol) [0x00B2E37B]
	(No symbol) [0x00B3C473]
	(No symbol) [0x00B2A536]
	(No symbol) [0x00B082DC]
	(No symbol) [0x00B093DD]
	GetHandleVerifier [0x00EAAABD+2539405]
	GetHandleVerifier [0x00EEA78F+2800735]
	GetHandleVerifier [0x00EE456C+2775612]
	GetHandleVerifier [0x00CD51E0+616112]
	(No symbol) [0x00BE5F8C]
	(No symbol) [0x00BE2328]
	(No symbol) [0x00BE240B]
	(No symbol) [0x00BD4FF7]
	BaseThreadInitThunk [0x765E7D59+25]
	RtlInitializeExceptionChain [0x7762B79B+107]
	RtlClearBits [0x7762B71F+191]


52) Maximum limit of started keywords and control structures exceeded.</status>
</test>
<kw name="Close All Browsers" library="SeleniumLibrary" type="TEARDOWN">
<doc>Closes all open browsers and resets the browser cache.</doc>
<status status="PASS" starttime="20230725 09:20:45.708" endtime="20230725 09:20:47.985"/>
</kw>
<status status="FAIL" starttime="20230725 09:20:08.418" endtime="20230725 09:20:47.985"/>
</suite>
<statistics>
<total>
<stat pass="0" fail="1" skip="0">All Tests</stat>
</total>
<tag>
<stat pass="0" fail="1" skip="0">test login success</stat>
</tag>
<suite>
<stat pass="0" fail="1" skip="0" id="s1" name="login Test">login Test</stat>
</suite>
</statistics>
<errors>
<msg timestamp="20230725 09:20:44.196" level="WARN">Keyword 'Capture Page Screenshot' could not be run on failure: Message: no such window: target window already closed
from unknown error: web view not found
  (Session info: chrome=115.0.5790.102)
Stacktrace:
Backtrace:
	GetHandleVerifier [0x00C4A813+48355]
	(No symbol) [0x00BDC4B1]
	(No symbol) [0x00AE5358]
	(No symbol) [0x00ACD293]
	(No symbol) [0x00B2E37B]
	(No symbol) [0x00B3C473]
	(No symbol) [0x00B2A536]
	(No symbol) [0x00B082DC]
	(No symbol) [0x00B093DD]
	GetHandleVerifier [0x00EAAABD+2539405]
	GetHandleVerifier [0x00EEA78F+2800735]
	GetHandleVerifier [0x00EE456C+2775612]
	GetHandleVerifier [0x00CD51E0+616112]
	(No symbol) [0x00BE5F8C]
	(No symbol) [0x00BE2328]
	(No symbol) [0x00BE240B]
	(No symbol) [0x00BD4FF7]
	BaseThreadInitThunk [0x765E7D59+25]
	RtlInitializeExceptionChain [0x7762B79B+107]
	RtlClearBits [0x7762B71F+191]
</msg>
<msg timestamp="20230725 09:20:44.604" level="WARN">Keyword 'Capture Page Screenshot' could not be run on failure: Message: no such window: target window already closed
from unknown error: web view not found
  (Session info: chrome=115.0.5790.102)
Stacktrace:
Backtrace:
	GetHandleVerifier [0x00C4A813+48355]
	(No symbol) [0x00BDC4B1]
	(No symbol) [0x00AE5358]
	(No symbol) [0x00ACD293]
	(No symbol) [0x00B2E37B]
	(No symbol) [0x00B3C473]
	(No symbol) [0x00B2A536]
	(No symbol) [0x00B082DC]
	(No symbol) [0x00B093DD]
	GetHandleVerifier [0x00EAAABD+2539405]
	GetHandleVerifier [0x00EEA78F+2800735]
	GetHandleVerifier [0x00EE456C+2775612]
	GetHandleVerifier [0x00CD51E0+616112]
	(No symbol) [0x00BE5F8C]
	(No symbol) [0x00BE2328]
	(No symbol) [0x00BE240B]
	(No symbol) [0x00BD4FF7]
	BaseThreadInitThunk [0x765E7D59+25]
	RtlInitializeExceptionChain [0x7762B79B+107]
	RtlClearBits [0x7762B71F+191]
</msg>
<msg timestamp="20230725 09:20:44.620" level="WARN">Keyword 'Capture Page Screenshot' could not be run on failure: Message: no such window: target window already closed
from unknown error: web view not found
  (Session info: chrome=115.0.5790.102)
Stacktrace:
Backtrace:
	GetHandleVerifier [0x00C4A813+48355]
	(No symbol) [0x00BDC4B1]
	(No symbol) [0x00AE5358]
	(No symbol) [0x00ACD293]
	(No symbol) [0x00B2E37B]
	(No symbol) [0x00B3C473]
	(No symbol) [0x00B2A536]
	(No symbol) [0x00B082DC]
	(No symbol) [0x00B093DD]
	GetHandleVerifier [0x00EAAABD+2539405]
	GetHandleVerifier [0x00EEA78F+2800735]
	GetHandleVerifier [0x00EE456C+2775612]
	GetHandleVerifier [0x00CD51E0+616112]
	(No symbol) [0x00BE5F8C]
	(No symbol) [0x00BE2328]
	(No symbol) [0x00BE240B]
	(No symbol) [0x00BD4FF7]
	BaseThreadInitThunk [0x765E7D59+25]
	RtlInitializeExceptionChain [0x7762B79B+107]
	RtlClearBits [0x7762B71F+191]
</msg>
<msg timestamp="20230725 09:20:44.644" level="WARN">Keyword 'Capture Page Screenshot' could not be run on failure: Message: no such window: target window already closed
from unknown error: web view not found
  (Session info: chrome=115.0.5790.102)
Stacktrace:
Backtrace:
	GetHandleVerifier [0x00C4A813+48355]
	(No symbol) [0x00BDC4B1]
	(No symbol) [0x00AE5358]
	(No symbol) [0x00ACD293]
	(No symbol) [0x00B2E37B]
	(No symbol) [0x00B3C473]
	(No symbol) [0x00B2A536]
	(No symbol) [0x00B082DC]
	(No symbol) [0x00B093DD]
	GetHandleVerifier [0x00EAAABD+2539405]
	GetHandleVerifier [0x00EEA78F+2800735]
	GetHandleVerifier [0x00EE456C+2775612]
	GetHandleVerifier [0x00CD51E0+616112]
	(No symbol) [0x00BE5F8C]
	(No symbol) [0x00BE2328]
	(No symbol) [0x00BE240B]
	(No symbol) [0x00BD4FF7]
	BaseThreadInitThunk [0x765E7D59+25]
	RtlInitializeExceptionChain [0x7762B79B+107]
	RtlClearBits [0x7762B71F+191]
</msg>
<msg timestamp="20230725 09:20:44.689" level="WARN">Keyword 'Capture Page Screenshot' could not be run on failure: Message: no such window: target window already closed
from unknown error: web view not found
  (Session info: chrome=115.0.5790.102)
Stacktrace:
Backtrace:
	GetHandleVerifier [0x00C4A813+48355]
	(No symbol) [0x00BDC4B1]
	(No symbol) [0x00AE5358]
	(No symbol) [0x00ACD293]
	(No symbol) [0x00B2E37B]
	(No symbol) [0x00B3C473]
	(No symbol) [0x00B2A536]
	(No symbol) [0x00B082DC]
	(No symbol) [0x00B093DD]
	GetHandleVerifier [0x00EAAABD+2539405]
	GetHandleVerifier [0x00EEA78F+2800735]
	GetHandleVerifier [0x00EE456C+2775612]
	GetHandleVerifier [0x00CD51E0+616112]
	(No symbol) [0x00BE5F8C]
	(No symbol) [0x00BE2328]
	(No symbol) [0x00BE240B]
	(No symbol) [0x00BD4FF7]
	BaseThreadInitThunk [0x765E7D59+25]
	RtlInitializeExceptionChain [0x7762B79B+107]
	RtlClearBits [0x7762B71F+191]
</msg>
<msg timestamp="20230725 09:20:44.700" level="WARN">Keyword 'Capture Page Screenshot' could not be run on failure: Message: no such window: target window already closed
from unknown error: web view not found
  (Session info: chrome=115.0.5790.102)
Stacktrace:
Backtrace:
	GetHandleVerifier [0x00C4A813+48355]
	(No symbol) [0x00BDC4B1]
	(No symbol) [0x00AE5358]
	(No symbol) [0x00ACD293]
	(No symbol) [0x00B2E37B]
	(No symbol) [0x00B3C473]
	(No symbol) [0x00B2A536]
	(No symbol) [0x00B082DC]
	(No symbol) [0x00B093DD]
	GetHandleVerifier [0x00EAAABD+2539405]
	GetHandleVerifier [0x00EEA78F+2800735]
	GetHandleVerifier [0x00EE456C+2775612]
	GetHandleVerifier [0x00CD51E0+616112]
	(No symbol) [0x00BE5F8C]
	(No symbol) [0x00BE2328]
	(No symbol) [0x00BE240B]
	(No symbol) [0x00BD4FF7]
	BaseThreadInitThunk [0x765E7D59+25]
	RtlInitializeExceptionChain [0x7762B79B+107]
	RtlClearBits [0x7762B71F+191]
</msg>
<msg timestamp="20230725 09:20:44.714" level="WARN">Keyword 'Capture Page Screenshot' could not be run on failure: Message: no such window: target window already closed
from unknown error: web view not found
  (Session info: chrome=115.0.5790.102)
Stacktrace:
Backtrace:
	GetHandleVerifier [0x00C4A813+48355]
	(No symbol) [0x00BDC4B1]
	(No symbol) [0x00AE5358]
	(No symbol) [0x00ACD293]
	(No symbol) [0x00B2E37B]
	(No symbol) [0x00B3C473]
	(No symbol) [0x00B2A536]
	(No symbol) [0x00B082DC]
	(No symbol) [0x00B093DD]
	GetHandleVerifier [0x00EAAABD+2539405]
	GetHandleVerifier [0x00EEA78F+2800735]
	GetHandleVerifier [0x00EE456C+2775612]
	GetHandleVerifier [0x00CD51E0+616112]
	(No symbol) [0x00BE5F8C]
	(No symbol) [0x00BE2328]
	(No symbol) [0x00BE240B]
	(No symbol) [0x00BD4FF7]
	BaseThreadInitThunk [0x765E7D59+25]
	RtlInitializeExceptionChain [0x7762B79B+107]
	RtlClearBits [0x7762B71F+191]
</msg>
<msg timestamp="20230725 09:20:44.728" level="WARN">Keyword 'Capture Page Screenshot' could not be run on failure: Message: no such window: target window already closed
from unknown error: web view not found
  (Session info: chrome=115.0.5790.102)
Stacktrace:
Backtrace:
	GetHandleVerifier [0x00C4A813+48355]
	(No symbol) [0x00BDC4B1]
	(No symbol) [0x00AE5358]
	(No symbol) [0x00ACD293]
	(No symbol) [0x00B2E37B]
	(No symbol) [0x00B3C473]
	(No symbol) [0x00B2A536]
	(No symbol) [0x00B082DC]
	(No symbol) [0x00B093DD]
	GetHandleVerifier [0x00EAAABD+2539405]
	GetHandleVerifier [0x00EEA78F+2800735]
	GetHandleVerifier [0x00EE456C+2775612]
	GetHandleVerifier [0x00CD51E0+616112]
	(No symbol) [0x00BE5F8C]
	(No symbol) [0x00BE2328]
	(No symbol) [0x00BE240B]
	(No symbol) [0x00BD4FF7]
	BaseThreadInitThunk [0x765E7D59+25]
	RtlInitializeExceptionChain [0x7762B79B+107]
	RtlClearBits [0x7762B71F+191]
</msg>
<msg timestamp="20230725 09:20:44.739" level="WARN">Keyword 'Capture Page Screenshot' could not be run on failure: Message: no such window: target window already closed
from unknown error: web view not found
  (Session info: chrome=115.0.5790.102)
Stacktrace:
Backtrace:
	GetHandleVerifier [0x00C4A813+48355]
	(No symbol) [0x00BDC4B1]
	(No symbol) [0x00AE5358]
	(No symbol) [0x00ACD293]
	(No symbol) [0x00B2E37B]
	(No symbol) [0x00B3C473]
	(No symbol) [0x00B2A536]
	(No symbol) [0x00B082DC]
	(No symbol) [0x00B093DD]
	GetHandleVerifier [0x00EAAABD+2539405]
	GetHandleVerifier [0x00EEA78F+2800735]
	GetHandleVerifier [0x00EE456C+2775612]
	GetHandleVerifier [0x00CD51E0+616112]
	(No symbol) [0x00BE5F8C]
	(No symbol) [0x00BE2328]
	(No symbol) [0x00BE240B]
	(No symbol) [0x00BD4FF7]
	BaseThreadInitThunk [0x765E7D59+25]
	RtlInitializeExceptionChain [0x7762B79B+107]
	RtlClearBits [0x7762B71F+191]
</msg>
<msg timestamp="20230725 09:20:44.751" level="WARN">Keyword 'Capture Page Screenshot' could not be run on failure: Message: no such window: target window already closed
from unknown error: web view not found
  (Session info: chrome=115.0.5790.102)
Stacktrace:
Backtrace:
	GetHandleVerifier [0x00C4A813+48355]
	(No symbol) [0x00BDC4B1]
	(No symbol) [0x00AE5358]
	(No symbol) [0x00ACD293]
	(No symbol) [0x00B2E37B]
	(No symbol) [0x00B3C473]
	(No symbol) [0x00B2A536]
	(No symbol) [0x00B082DC]
	(No symbol) [0x00B093DD]
	GetHandleVerifier [0x00EAAABD+2539405]
	GetHandleVerifier [0x00EEA78F+2800735]
	GetHandleVerifier [0x00EE456C+2775612]
	GetHandleVerifier [0x00CD51E0+616112]
	(No symbol) [0x00BE5F8C]
	(No symbol) [0x00BE2328]
	(No symbol) [0x00BE240B]
	(No symbol) [0x00BD4FF7]
	BaseThreadInitThunk [0x765E7D59+25]
	RtlInitializeExceptionChain [0x7762B79B+107]
	RtlClearBits [0x7762B71F+191]
</msg>
<msg timestamp="20230725 09:20:44.804" level="WARN">Keyword 'Capture Page Screenshot' could not be run on failure: Message: no such window: target window already closed
from unknown error: web view not found
  (Session info: chrome=115.0.5790.102)
Stacktrace:
Backtrace:
	GetHandleVerifier [0x00C4A813+48355]
	(No symbol) [0x00BDC4B1]
	(No symbol) [0x00AE5358]
	(No symbol) [0x00ACD293]
	(No symbol) [0x00B2E37B]
	(No symbol) [0x00B3C473]
	(No symbol) [0x00B2A536]
	(No symbol) [0x00B082DC]
	(No symbol) [0x00B093DD]
	GetHandleVerifier [0x00EAAABD+2539405]
	GetHandleVerifier [0x00EEA78F+2800735]
	GetHandleVerifier [0x00EE456C+2775612]
	GetHandleVerifier [0x00CD51E0+616112]
	(No symbol) [0x00BE5F8C]
	(No symbol) [0x00BE2328]
	(No symbol) [0x00BE240B]
	(No symbol) [0x00BD4FF7]
	BaseThreadInitThunk [0x765E7D59+25]
	RtlInitializeExceptionChain [0x7762B79B+107]
	RtlClearBits [0x7762B71F+191]
</msg>
<msg timestamp="20230725 09:20:44.822" level="WARN">Keyword 'Capture Page Screenshot' could not be run on failure: Message: no such window: target window already closed
from unknown error: web view not found
  (Session info: chrome=115.0.5790.102)
Stacktrace:
Backtrace:
	GetHandleVerifier [0x00C4A813+48355]
	(No symbol) [0x00BDC4B1]
	(No symbol) [0x00AE5358]
	(No symbol) [0x00ACD293]
	(No symbol) [0x00B2E37B]
	(No symbol) [0x00B3C473]
	(No symbol) [0x00B2A536]
	(No symbol) [0x00B082DC]
	(No symbol) [0x00B093DD]
	GetHandleVerifier [0x00EAAABD+2539405]
	GetHandleVerifier [0x00EEA78F+2800735]
	GetHandleVerifier [0x00EE456C+2775612]
	GetHandleVerifier [0x00CD51E0+616112]
	(No symbol) [0x00BE5F8C]
	(No symbol) [0x00BE2328]
	(No symbol) [0x00BE240B]
	(No symbol) [0x00BD4FF7]
	BaseThreadInitThunk [0x765E7D59+25]
	RtlInitializeExceptionChain [0x7762B79B+107]
	RtlClearBits [0x7762B71F+191]
</msg>
<msg timestamp="20230725 09:20:44.834" level="WARN">Keyword 'Capture Page Screenshot' could not be run on failure: Message: no such window: target window already closed
from unknown error: web view not found
  (Session info: chrome=115.0.5790.102)
Stacktrace:
Backtrace:
	GetHandleVerifier [0x00C4A813+48355]
	(No symbol) [0x00BDC4B1]
	(No symbol) [0x00AE5358]
	(No symbol) [0x00ACD293]
	(No symbol) [0x00B2E37B]
	(No symbol) [0x00B3C473]
	(No symbol) [0x00B2A536]
	(No symbol) [0x00B082DC]
	(No symbol) [0x00B093DD]
	GetHandleVerifier [0x00EAAABD+2539405]
	GetHandleVerifier [0x00EEA78F+2800735]
	GetHandleVerifier [0x00EE456C+2775612]
	GetHandleVerifier [0x00CD51E0+616112]
	(No symbol) [0x00BE5F8C]
	(No symbol) [0x00BE2328]
	(No symbol) [0x00BE240B]
	(No symbol) [0x00BD4FF7]
	BaseThreadInitThunk [0x765E7D59+25]
	RtlInitializeExceptionChain [0x7762B79B+107]
	RtlClearBits [0x7762B71F+191]
</msg>
<msg timestamp="20230725 09:20:44.847" level="WARN">Keyword 'Capture Page Screenshot' could not be run on failure: Message: no such window: target window already closed
from unknown error: web view not found
  (Session info: chrome=115.0.5790.102)
Stacktrace:
Backtrace:
	GetHandleVerifier [0x00C4A813+48355]
	(No symbol) [0x00BDC4B1]
	(No symbol) [0x00AE5358]
	(No symbol) [0x00ACD293]
	(No symbol) [0x00B2E37B]
	(No symbol) [0x00B3C473]
	(No symbol) [0x00B2A536]
	(No symbol) [0x00B082DC]
	(No symbol) [0x00B093DD]
	GetHandleVerifier [0x00EAAABD+2539405]
	GetHandleVerifier [0x00EEA78F+2800735]
	GetHandleVerifier [0x00EE456C+2775612]
	GetHandleVerifier [0x00CD51E0+616112]
	(No symbol) [0x00BE5F8C]
	(No symbol) [0x00BE2328]
	(No symbol) [0x00BE240B]
	(No symbol) [0x00BD4FF7]
	BaseThreadInitThunk [0x765E7D59+25]
	RtlInitializeExceptionChain [0x7762B79B+107]
	RtlClearBits [0x7762B71F+191]
</msg>
<msg timestamp="20230725 09:20:44.857" level="WARN">Keyword 'Capture Page Screenshot' could not be run on failure: Message: no such window: target window already closed
from unknown error: web view not found
  (Session info: chrome=115.0.5790.102)
Stacktrace:
Backtrace:
	GetHandleVerifier [0x00C4A813+48355]
	(No symbol) [0x00BDC4B1]
	(No symbol) [0x00AE5358]
	(No symbol) [0x00ACD293]
	(No symbol) [0x00B2E37B]
	(No symbol) [0x00B3C473]
	(No symbol) [0x00B2A536]
	(No symbol) [0x00B082DC]
	(No symbol) [0x00B093DD]
	GetHandleVerifier [0x00EAAABD+2539405]
	GetHandleVerifier [0x00EEA78F+2800735]
	GetHandleVerifier [0x00EE456C+2775612]
	GetHandleVerifier [0x00CD51E0+616112]
	(No symbol) [0x00BE5F8C]
	(No symbol) [0x00BE2328]
	(No symbol) [0x00BE240B]
	(No symbol) [0x00BD4FF7]
	BaseThreadInitThunk [0x765E7D59+25]
	RtlInitializeExceptionChain [0x7762B79B+107]
	RtlClearBits [0x7762B71F+191]
</msg>
<msg timestamp="20230725 09:20:44.870" level="WARN">Keyword 'Capture Page Screenshot' could not be run on failure: Message: no such window: target window already closed
from unknown error: web view not found
  (Session info: chrome=115.0.5790.102)
Stacktrace:
Backtrace:
	GetHandleVerifier [0x00C4A813+48355]
	(No symbol) [0x00BDC4B1]
	(No symbol) [0x00AE5358]
	(No symbol) [0x00ACD293]
	(No symbol) [0x00B2E37B]
	(No symbol) [0x00B3C473]
	(No symbol) [0x00B2A536]
	(No symbol) [0x00B082DC]
	(No symbol) [0x00B093DD]
	GetHandleVerifier [0x00EAAABD+2539405]
	GetHandleVerifier [0x00EEA78F+2800735]
	GetHandleVerifier [0x00EE456C+2775612]
	GetHandleVerifier [0x00CD51E0+616112]
	(No symbol) [0x00BE5F8C]
	(No symbol) [0x00BE2328]
	(No symbol) [0x00BE240B]
	(No symbol) [0x00BD4FF7]
	BaseThreadInitThunk [0x765E7D59+25]
	RtlInitializeExceptionChain [0x7762B79B+107]
	RtlClearBits [0x7762B71F+191]
</msg>
<msg timestamp="20230725 09:20:44.946" level="WARN">Keyword 'Capture Page Screenshot' could not be run on failure: Message: no such window: target window already closed
from unknown error: web view not found
  (Session info: chrome=115.0.5790.102)
Stacktrace:
Backtrace:
	GetHandleVerifier [0x00C4A813+48355]
	(No symbol) [0x00BDC4B1]
	(No symbol) [0x00AE5358]
	(No symbol) [0x00ACD293]
	(No symbol) [0x00B2E37B]
	(No symbol) [0x00B3C473]
	(No symbol) [0x00B2A536]
	(No symbol) [0x00B082DC]
	(No symbol) [0x00B093DD]
	GetHandleVerifier [0x00EAAABD+2539405]
	GetHandleVerifier [0x00EEA78F+2800735]
	GetHandleVerifier [0x00EE456C+2775612]
	GetHandleVerifier [0x00CD51E0+616112]
	(No symbol) [0x00BE5F8C]
	(No symbol) [0x00BE2328]
	(No symbol) [0x00BE240B]
	(No symbol) [0x00BD4FF7]
	BaseThreadInitThunk [0x765E7D59+25]
	RtlInitializeExceptionChain [0x7762B79B+107]
	RtlClearBits [0x7762B71F+191]
</msg>
<msg timestamp="20230725 09:20:45.005" level="WARN">Keyword 'Capture Page Screenshot' could not be run on failure: Message: no such window: target window already closed
from unknown error: web view not found
  (Session info: chrome=115.0.5790.102)
Stacktrace:
Backtrace:
	GetHandleVerifier [0x00C4A813+48355]
	(No symbol) [0x00BDC4B1]
	(No symbol) [0x00AE5358]
	(No symbol) [0x00ACD293]
	(No symbol) [0x00B2E37B]
	(No symbol) [0x00B3C473]
	(No symbol) [0x00B2A536]
	(No symbol) [0x00B082DC]
	(No symbol) [0x00B093DD]
	GetHandleVerifier [0x00EAAABD+2539405]
	GetHandleVerifier [0x00EEA78F+2800735]
	GetHandleVerifier [0x00EE456C+2775612]
	GetHandleVerifier [0x00CD51E0+616112]
	(No symbol) [0x00BE5F8C]
	(No symbol) [0x00BE2328]
	(No symbol) [0x00BE240B]
	(No symbol) [0x00BD4FF7]
	BaseThreadInitThunk [0x765E7D59+25]
	RtlInitializeExceptionChain [0x7762B79B+107]
	RtlClearBits [0x7762B71F+191]
</msg>
<msg timestamp="20230725 09:20:45.051" level="WARN">Keyword 'Capture Page Screenshot' could not be run on failure: Message: no such window: target window already closed
from unknown error: web view not found
  (Session info: chrome=115.0.5790.102)
Stacktrace:
Backtrace:
	GetHandleVerifier [0x00C4A813+48355]
	(No symbol) [0x00BDC4B1]
	(No symbol) [0x00AE5358]
	(No symbol) [0x00ACD293]
	(No symbol) [0x00B2E37B]
	(No symbol) [0x00B3C473]
	(No symbol) [0x00B2A536]
	(No symbol) [0x00B082DC]
	(No symbol) [0x00B093DD]
	GetHandleVerifier [0x00EAAABD+2539405]
	GetHandleVerifier [0x00EEA78F+2800735]
	GetHandleVerifier [0x00EE456C+2775612]
	GetHandleVerifier [0x00CD51E0+616112]
	(No symbol) [0x00BE5F8C]
	(No symbol) [0x00BE2328]
	(No symbol) [0x00BE240B]
	(No symbol) [0x00BD4FF7]
	BaseThreadInitThunk [0x765E7D59+25]
	RtlInitializeExceptionChain [0x7762B79B+107]
	RtlClearBits [0x7762B71F+191]
</msg>
<msg timestamp="20230725 09:20:45.090" level="WARN">Keyword 'Capture Page Screenshot' could not be run on failure: Message: no such window: target window already closed
from unknown error: web view not found
  (Session info: chrome=115.0.5790.102)
Stacktrace:
Backtrace:
	GetHandleVerifier [0x00C4A813+48355]
	(No symbol) [0x00BDC4B1]
	(No symbol) [0x00AE5358]
	(No symbol) [0x00ACD293]
	(No symbol) [0x00B2E37B]
	(No symbol) [0x00B3C473]
	(No symbol) [0x00B2A536]
	(No symbol) [0x00B082DC]
	(No symbol) [0x00B093DD]
	GetHandleVerifier [0x00EAAABD+2539405]
	GetHandleVerifier [0x00EEA78F+2800735]
	GetHandleVerifier [0x00EE456C+2775612]
	GetHandleVerifier [0x00CD51E0+616112]
	(No symbol) [0x00BE5F8C]
	(No symbol) [0x00BE2328]
	(No symbol) [0x00BE240B]
	(No symbol) [0x00BD4FF7]
	BaseThreadInitThunk [0x765E7D59+25]
	RtlInitializeExceptionChain [0x7762B79B+107]
	RtlClearBits [0x7762B71F+191]
</msg>
<msg timestamp="20230725 09:20:45.122" level="WARN">Keyword 'Capture Page Screenshot' could not be run on failure: Message: no such window: target window already closed
from unknown error: web view not found
  (Session info: chrome=115.0.5790.102)
Stacktrace:
Backtrace:
	GetHandleVerifier [0x00C4A813+48355]
	(No symbol) [0x00BDC4B1]
	(No symbol) [0x00AE5358]
	(No symbol) [0x00ACD293]
	(No symbol) [0x00B2E37B]
	(No symbol) [0x00B3C473]
	(No symbol) [0x00B2A536]
	(No symbol) [0x00B082DC]
	(No symbol) [0x00B093DD]
	GetHandleVerifier [0x00EAAABD+2539405]
	GetHandleVerifier [0x00EEA78F+2800735]
	GetHandleVerifier [0x00EE456C+2775612]
	GetHandleVerifier [0x00CD51E0+616112]
	(No symbol) [0x00BE5F8C]
	(No symbol) [0x00BE2328]
	(No symbol) [0x00BE240B]
	(No symbol) [0x00BD4FF7]
	BaseThreadInitThunk [0x765E7D59+25]
	RtlInitializeExceptionChain [0x7762B79B+107]
	RtlClearBits [0x7762B71F+191]
</msg>
<msg timestamp="20230725 09:20:45.138" level="WARN">Keyword 'Capture Page Screenshot' could not be run on failure: Message: no such window: target window already closed
from unknown error: web view not found
  (Session info: chrome=115.0.5790.102)
Stacktrace:
Backtrace:
	GetHandleVerifier [0x00C4A813+48355]
	(No symbol) [0x00BDC4B1]
	(No symbol) [0x00AE5358]
	(No symbol) [0x00ACD293]
	(No symbol) [0x00B2E37B]
	(No symbol) [0x00B3C473]
	(No symbol) [0x00B2A536]
	(No symbol) [0x00B082DC]
	(No symbol) [0x00B093DD]
	GetHandleVerifier [0x00EAAABD+2539405]
	GetHandleVerifier [0x00EEA78F+2800735]
	GetHandleVerifier [0x00EE456C+2775612]
	GetHandleVerifier [0x00CD51E0+616112]
	(No symbol) [0x00BE5F8C]
	(No symbol) [0x00BE2328]
	(No symbol) [0x00BE240B]
	(No symbol) [0x00BD4FF7]
	BaseThreadInitThunk [0x765E7D59+25]
	RtlInitializeExceptionChain [0x7762B79B+107]
	RtlClearBits [0x7762B71F+191]
</msg>
<msg timestamp="20230725 09:20:45.159" level="WARN">Keyword 'Capture Page Screenshot' could not be run on failure: Message: no such window: target window already closed
from unknown error: web view not found
  (Session info: chrome=115.0.5790.102)
Stacktrace:
Backtrace:
	GetHandleVerifier [0x00C4A813+48355]
	(No symbol) [0x00BDC4B1]
	(No symbol) [0x00AE5358]
	(No symbol) [0x00ACD293]
	(No symbol) [0x00B2E37B]
	(No symbol) [0x00B3C473]
	(No symbol) [0x00B2A536]
	(No symbol) [0x00B082DC]
	(No symbol) [0x00B093DD]
	GetHandleVerifier [0x00EAAABD+2539405]
	GetHandleVerifier [0x00EEA78F+2800735]
	GetHandleVerifier [0x00EE456C+2775612]
	GetHandleVerifier [0x00CD51E0+616112]
	(No symbol) [0x00BE5F8C]
	(No symbol) [0x00BE2328]
	(No symbol) [0x00BE240B]
	(No symbol) [0x00BD4FF7]
	BaseThreadInitThunk [0x765E7D59+25]
	RtlInitializeExceptionChain [0x7762B79B+107]
	RtlClearBits [0x7762B71F+191]
</msg>
<msg timestamp="20230725 09:20:45.173" level="WARN">Keyword 'Capture Page Screenshot' could not be run on failure: Message: no such window: target window already closed
from unknown error: web view not found
  (Session info: chrome=115.0.5790.102)
Stacktrace:
Backtrace:
	GetHandleVerifier [0x00C4A813+48355]
	(No symbol) [0x00BDC4B1]
	(No symbol) [0x00AE5358]
	(No symbol) [0x00ACD293]
	(No symbol) [0x00B2E37B]
	(No symbol) [0x00B3C473]
	(No symbol) [0x00B2A536]
	(No symbol) [0x00B082DC]
	(No symbol) [0x00B093DD]
	GetHandleVerifier [0x00EAAABD+2539405]
	GetHandleVerifier [0x00EEA78F+2800735]
	GetHandleVerifier [0x00EE456C+2775612]
	GetHandleVerifier [0x00CD51E0+616112]
	(No symbol) [0x00BE5F8C]
	(No symbol) [0x00BE2328]
	(No symbol) [0x00BE240B]
	(No symbol) [0x00BD4FF7]
	BaseThreadInitThunk [0x765E7D59+25]
	RtlInitializeExceptionChain [0x7762B79B+107]
	RtlClearBits [0x7762B71F+191]
</msg>
<msg timestamp="20230725 09:20:45.188" level="WARN">Keyword 'Capture Page Screenshot' could not be run on failure: Message: no such window: target window already closed
from unknown error: web view not found
  (Session info: chrome=115.0.5790.102)
Stacktrace:
Backtrace:
	GetHandleVerifier [0x00C4A813+48355]
	(No symbol) [0x00BDC4B1]
	(No symbol) [0x00AE5358]
	(No symbol) [0x00ACD293]
	(No symbol) [0x00B2E37B]
	(No symbol) [0x00B3C473]
	(No symbol) [0x00B2A536]
	(No symbol) [0x00B082DC]
	(No symbol) [0x00B093DD]
	GetHandleVerifier [0x00EAAABD+2539405]
	GetHandleVerifier [0x00EEA78F+2800735]
	GetHandleVerifier [0x00EE456C+2775612]
	GetHandleVerifier [0x00CD51E0+616112]
	(No symbol) [0x00BE5F8C]
	(No symbol) [0x00BE2328]
	(No symbol) [0x00BE240B]
	(No symbol) [0x00BD4FF7]
	BaseThreadInitThunk [0x765E7D59+25]
	RtlInitializeExceptionChain [0x7762B79B+107]
	RtlClearBits [0x7762B71F+191]
</msg>
<msg timestamp="20230725 09:20:45.200" level="WARN">Keyword 'Capture Page Screenshot' could not be run on failure: Message: no such window: target window already closed
from unknown error: web view not found
  (Session info: chrome=115.0.5790.102)
Stacktrace:
Backtrace:
	GetHandleVerifier [0x00C4A813+48355]
	(No symbol) [0x00BDC4B1]
	(No symbol) [0x00AE5358]
	(No symbol) [0x00ACD293]
	(No symbol) [0x00B2E37B]
	(No symbol) [0x00B3C473]
	(No symbol) [0x00B2A536]
	(No symbol) [0x00B082DC]
	(No symbol) [0x00B093DD]
	GetHandleVerifier [0x00EAAABD+2539405]
	GetHandleVerifier [0x00EEA78F+2800735]
	GetHandleVerifier [0x00EE456C+2775612]
	GetHandleVerifier [0x00CD51E0+616112]
	(No symbol) [0x00BE5F8C]
	(No symbol) [0x00BE2328]
	(No symbol) [0x00BE240B]
	(No symbol) [0x00BD4FF7]
	BaseThreadInitThunk [0x765E7D59+25]
	RtlInitializeExceptionChain [0x7762B79B+107]
	RtlClearBits [0x7762B71F+191]
</msg>
<msg timestamp="20230725 09:20:45.213" level="WARN">Keyword 'Capture Page Screenshot' could not be run on failure: Message: no such window: target window already closed
from unknown error: web view not found
  (Session info: chrome=115.0.5790.102)
Stacktrace:
Backtrace:
	GetHandleVerifier [0x00C4A813+48355]
	(No symbol) [0x00BDC4B1]
	(No symbol) [0x00AE5358]
	(No symbol) [0x00ACD293]
	(No symbol) [0x00B2E37B]
	(No symbol) [0x00B3C473]
	(No symbol) [0x00B2A536]
	(No symbol) [0x00B082DC]
	(No symbol) [0x00B093DD]
	GetHandleVerifier [0x00EAAABD+2539405]
	GetHandleVerifier [0x00EEA78F+2800735]
	GetHandleVerifier [0x00EE456C+2775612]
	GetHandleVerifier [0x00CD51E0+616112]
	(No symbol) [0x00BE5F8C]
	(No symbol) [0x00BE2328]
	(No symbol) [0x00BE240B]
	(No symbol) [0x00BD4FF7]
	BaseThreadInitThunk [0x765E7D59+25]
	RtlInitializeExceptionChain [0x7762B79B+107]
	RtlClearBits [0x7762B71F+191]
</msg>
<msg timestamp="20230725 09:20:45.228" level="WARN">Keyword 'Capture Page Screenshot' could not be run on failure: Message: no such window: target window already closed
from unknown error: web view not found
  (Session info: chrome=115.0.5790.102)
Stacktrace:
Backtrace:
	GetHandleVerifier [0x00C4A813+48355]
	(No symbol) [0x00BDC4B1]
	(No symbol) [0x00AE5358]
	(No symbol) [0x00ACD293]
	(No symbol) [0x00B2E37B]
	(No symbol) [0x00B3C473]
	(No symbol) [0x00B2A536]
	(No symbol) [0x00B082DC]
	(No symbol) [0x00B093DD]
	GetHandleVerifier [0x00EAAABD+2539405]
	GetHandleVerifier [0x00EEA78F+2800735]
	GetHandleVerifier [0x00EE456C+2775612]
	GetHandleVerifier [0x00CD51E0+616112]
	(No symbol) [0x00BE5F8C]
	(No symbol) [0x00BE2328]
	(No symbol) [0x00BE240B]
	(No symbol) [0x00BD4FF7]
	BaseThreadInitThunk [0x765E7D59+25]
	RtlInitializeExceptionChain [0x7762B79B+107]
	RtlClearBits [0x7762B71F+191]
</msg>
<msg timestamp="20230725 09:20:45.242" level="WARN">Keyword 'Capture Page Screenshot' could not be run on failure: Message: no such window: target window already closed
from unknown error: web view not found
  (Session info: chrome=115.0.5790.102)
Stacktrace:
Backtrace:
	GetHandleVerifier [0x00C4A813+48355]
	(No symbol) [0x00BDC4B1]
	(No symbol) [0x00AE5358]
	(No symbol) [0x00ACD293]
	(No symbol) [0x00B2E37B]
	(No symbol) [0x00B3C473]
	(No symbol) [0x00B2A536]
	(No symbol) [0x00B082DC]
	(No symbol) [0x00B093DD]
	GetHandleVerifier [0x00EAAABD+2539405]
	GetHandleVerifier [0x00EEA78F+2800735]
	GetHandleVerifier [0x00EE456C+2775612]
	GetHandleVerifier [0x00CD51E0+616112]
	(No symbol) [0x00BE5F8C]
	(No symbol) [0x00BE2328]
	(No symbol) [0x00BE240B]
	(No symbol) [0x00BD4FF7]
	BaseThreadInitThunk [0x765E7D59+25]
	RtlInitializeExceptionChain [0x7762B79B+107]
	RtlClearBits [0x7762B71F+191]
</msg>
<msg timestamp="20230725 09:20:45.254" level="WARN">Keyword 'Capture Page Screenshot' could not be run on failure: Message: no such window: target window already closed
from unknown error: web view not found
  (Session info: chrome=115.0.5790.102)
Stacktrace:
Backtrace:
	GetHandleVerifier [0x00C4A813+48355]
	(No symbol) [0x00BDC4B1]
	(No symbol) [0x00AE5358]
	(No symbol) [0x00ACD293]
	(No symbol) [0x00B2E37B]
	(No symbol) [0x00B3C473]
	(No symbol) [0x00B2A536]
	(No symbol) [0x00B082DC]
	(No symbol) [0x00B093DD]
	GetHandleVerifier [0x00EAAABD+2539405]
	GetHandleVerifier [0x00EEA78F+2800735]
	GetHandleVerifier [0x00EE456C+2775612]
	GetHandleVerifier [0x00CD51E0+616112]
	(No symbol) [0x00BE5F8C]
	(No symbol) [0x00BE2328]
	(No symbol) [0x00BE240B]
	(No symbol) [0x00BD4FF7]
	BaseThreadInitThunk [0x765E7D59+25]
	RtlInitializeExceptionChain [0x7762B79B+107]
	RtlClearBits [0x7762B71F+191]
</msg>
<msg timestamp="20230725 09:20:45.327" level="WARN">Keyword 'Capture Page Screenshot' could not be run on failure: Message: no such window: target window already closed
from unknown error: web view not found
  (Session info: chrome=115.0.5790.102)
Stacktrace:
Backtrace:
	GetHandleVerifier [0x00C4A813+48355]
	(No symbol) [0x00BDC4B1]
	(No symbol) [0x00AE5358]
	(No symbol) [0x00ACD293]
	(No symbol) [0x00B2E37B]
	(No symbol) [0x00B3C473]
	(No symbol) [0x00B2A536]
	(No symbol) [0x00B082DC]
	(No symbol) [0x00B093DD]
	GetHandleVerifier [0x00EAAABD+2539405]
	GetHandleVerifier [0x00EEA78F+2800735]
	GetHandleVerifier [0x00EE456C+2775612]
	GetHandleVerifier [0x00CD51E0+616112]
	(No symbol) [0x00BE5F8C]
	(No symbol) [0x00BE2328]
	(No symbol) [0x00BE240B]
	(No symbol) [0x00BD4FF7]
	BaseThreadInitThunk [0x765E7D59+25]
	RtlInitializeExceptionChain [0x7762B79B+107]
	RtlClearBits [0x7762B71F+191]
</msg>
<msg timestamp="20230725 09:20:45.355" level="WARN">Keyword 'Capture Page Screenshot' could not be run on failure: Message: no such window: target window already closed
from unknown error: web view not found
  (Session info: chrome=115.0.5790.102)
Stacktrace:
Backtrace:
	GetHandleVerifier [0x00C4A813+48355]
	(No symbol) [0x00BDC4B1]
	(No symbol) [0x00AE5358]
	(No symbol) [0x00ACD293]
	(No symbol) [0x00B2E37B]
	(No symbol) [0x00B3C473]
	(No symbol) [0x00B2A536]
	(No symbol) [0x00B082DC]
	(No symbol) [0x00B093DD]
	GetHandleVerifier [0x00EAAABD+2539405]
	GetHandleVerifier [0x00EEA78F+2800735]
	GetHandleVerifier [0x00EE456C+2775612]
	GetHandleVerifier [0x00CD51E0+616112]
	(No symbol) [0x00BE5F8C]
	(No symbol) [0x00BE2328]
	(No symbol) [0x00BE240B]
	(No symbol) [0x00BD4FF7]
	BaseThreadInitThunk [0x765E7D59+25]
	RtlInitializeExceptionChain [0x7762B79B+107]
	RtlClearBits [0x7762B71F+191]
</msg>
<msg timestamp="20230725 09:20:45.373" level="WARN">Keyword 'Capture Page Screenshot' could not be run on failure: Message: no such window: target window already closed
from unknown error: web view not found
  (Session info: chrome=115.0.5790.102)
Stacktrace:
Backtrace:
	GetHandleVerifier [0x00C4A813+48355]
	(No symbol) [0x00BDC4B1]
	(No symbol) [0x00AE5358]
	(No symbol) [0x00ACD293]
	(No symbol) [0x00B2E37B]
	(No symbol) [0x00B3C473]
	(No symbol) [0x00B2A536]
	(No symbol) [0x00B082DC]
	(No symbol) [0x00B093DD]
	GetHandleVerifier [0x00EAAABD+2539405]
	GetHandleVerifier [0x00EEA78F+2800735]
	GetHandleVerifier [0x00EE456C+2775612]
	GetHandleVerifier [0x00CD51E0+616112]
	(No symbol) [0x00BE5F8C]
	(No symbol) [0x00BE2328]
	(No symbol) [0x00BE240B]
	(No symbol) [0x00BD4FF7]
	BaseThreadInitThunk [0x765E7D59+25]
	RtlInitializeExceptionChain [0x7762B79B+107]
	RtlClearBits [0x7762B71F+191]
</msg>
<msg timestamp="20230725 09:20:45.386" level="WARN">Keyword 'Capture Page Screenshot' could not be run on failure: Message: no such window: target window already closed
from unknown error: web view not found
  (Session info: chrome=115.0.5790.102)
Stacktrace:
Backtrace:
	GetHandleVerifier [0x00C4A813+48355]
	(No symbol) [0x00BDC4B1]
	(No symbol) [0x00AE5358]
	(No symbol) [0x00ACD293]
	(No symbol) [0x00B2E37B]
	(No symbol) [0x00B3C473]
	(No symbol) [0x00B2A536]
	(No symbol) [0x00B082DC]
	(No symbol) [0x00B093DD]
	GetHandleVerifier [0x00EAAABD+2539405]
	GetHandleVerifier [0x00EEA78F+2800735]
	GetHandleVerifier [0x00EE456C+2775612]
	GetHandleVerifier [0x00CD51E0+616112]
	(No symbol) [0x00BE5F8C]
	(No symbol) [0x00BE2328]
	(No symbol) [0x00BE240B]
	(No symbol) [0x00BD4FF7]
	BaseThreadInitThunk [0x765E7D59+25]
	RtlInitializeExceptionChain [0x7762B79B+107]
	RtlClearBits [0x7762B71F+191]
</msg>
<msg timestamp="20230725 09:20:45.397" level="WARN">Keyword 'Capture Page Screenshot' could not be run on failure: Message: no such window: target window already closed
from unknown error: web view not found
  (Session info: chrome=115.0.5790.102)
Stacktrace:
Backtrace:
	GetHandleVerifier [0x00C4A813+48355]
	(No symbol) [0x00BDC4B1]
	(No symbol) [0x00AE5358]
	(No symbol) [0x00ACD293]
	(No symbol) [0x00B2E37B]
	(No symbol) [0x00B3C473]
	(No symbol) [0x00B2A536]
	(No symbol) [0x00B082DC]
	(No symbol) [0x00B093DD]
	GetHandleVerifier [0x00EAAABD+2539405]
	GetHandleVerifier [0x00EEA78F+2800735]
	GetHandleVerifier [0x00EE456C+2775612]
	GetHandleVerifier [0x00CD51E0+616112]
	(No symbol) [0x00BE5F8C]
	(No symbol) [0x00BE2328]
	(No symbol) [0x00BE240B]
	(No symbol) [0x00BD4FF7]
	BaseThreadInitThunk [0x765E7D59+25]
	RtlInitializeExceptionChain [0x7762B79B+107]
	RtlClearBits [0x7762B71F+191]
</msg>
<msg timestamp="20230725 09:20:45.411" level="WARN">Keyword 'Capture Page Screenshot' could not be run on failure: Message: no such window: target window already closed
from unknown error: web view not found
  (Session info: chrome=115.0.5790.102)
Stacktrace:
Backtrace:
	GetHandleVerifier [0x00C4A813+48355]
	(No symbol) [0x00BDC4B1]
	(No symbol) [0x00AE5358]
	(No symbol) [0x00ACD293]
	(No symbol) [0x00B2E37B]
	(No symbol) [0x00B3C473]
	(No symbol) [0x00B2A536]
	(No symbol) [0x00B082DC]
	(No symbol) [0x00B093DD]
	GetHandleVerifier [0x00EAAABD+2539405]
	GetHandleVerifier [0x00EEA78F+2800735]
	GetHandleVerifier [0x00EE456C+2775612]
	GetHandleVerifier [0x00CD51E0+616112]
	(No symbol) [0x00BE5F8C]
	(No symbol) [0x00BE2328]
	(No symbol) [0x00BE240B]
	(No symbol) [0x00BD4FF7]
	BaseThreadInitThunk [0x765E7D59+25]
	RtlInitializeExceptionChain [0x7762B79B+107]
	RtlClearBits [0x7762B71F+191]
</msg>
<msg timestamp="20230725 09:20:45.422" level="WARN">Keyword 'Capture Page Screenshot' could not be run on failure: Message: no such window: target window already closed
from unknown error: web view not found
  (Session info: chrome=115.0.5790.102)
Stacktrace:
Backtrace:
	GetHandleVerifier [0x00C4A813+48355]
	(No symbol) [0x00BDC4B1]
	(No symbol) [0x00AE5358]
	(No symbol) [0x00ACD293]
	(No symbol) [0x00B2E37B]
	(No symbol) [0x00B3C473]
	(No symbol) [0x00B2A536]
	(No symbol) [0x00B082DC]
	(No symbol) [0x00B093DD]
	GetHandleVerifier [0x00EAAABD+2539405]
	GetHandleVerifier [0x00EEA78F+2800735]
	GetHandleVerifier [0x00EE456C+2775612]
	GetHandleVerifier [0x00CD51E0+616112]
	(No symbol) [0x00BE5F8C]
	(No symbol) [0x00BE2328]
	(No symbol) [0x00BE240B]
	(No symbol) [0x00BD4FF7]
	BaseThreadInitThunk [0x765E7D59+25]
	RtlInitializeExceptionChain [0x7762B79B+107]
	RtlClearBits [0x7762B71F+191]
</msg>
<msg timestamp="20230725 09:20:45.433" level="WARN">Keyword 'Capture Page Screenshot' could not be run on failure: Message: no such window: target window already closed
from unknown error: web view not found
  (Session info: chrome=115.0.5790.102)
Stacktrace:
Backtrace:
	GetHandleVerifier [0x00C4A813+48355]
	(No symbol) [0x00BDC4B1]
	(No symbol) [0x00AE5358]
	(No symbol) [0x00ACD293]
	(No symbol) [0x00B2E37B]
	(No symbol) [0x00B3C473]
	(No symbol) [0x00B2A536]
	(No symbol) [0x00B082DC]
	(No symbol) [0x00B093DD]
	GetHandleVerifier [0x00EAAABD+2539405]
	GetHandleVerifier [0x00EEA78F+2800735]
	GetHandleVerifier [0x00EE456C+2775612]
	GetHandleVerifier [0x00CD51E0+616112]
	(No symbol) [0x00BE5F8C]
	(No symbol) [0x00BE2328]
	(No symbol) [0x00BE240B]
	(No symbol) [0x00BD4FF7]
	BaseThreadInitThunk [0x765E7D59+25]
	RtlInitializeExceptionChain [0x7762B79B+107]
	RtlClearBits [0x7762B71F+191]
</msg>
<msg timestamp="20230725 09:20:45.445" level="WARN">Keyword 'Capture Page Screenshot' could not be run on failure: Message: no such window: target window already closed
from unknown error: web view not found
  (Session info: chrome=115.0.5790.102)
Stacktrace:
Backtrace:
	GetHandleVerifier [0x00C4A813+48355]
	(No symbol) [0x00BDC4B1]
	(No symbol) [0x00AE5358]
	(No symbol) [0x00ACD293]
	(No symbol) [0x00B2E37B]
	(No symbol) [0x00B3C473]
	(No symbol) [0x00B2A536]
	(No symbol) [0x00B082DC]
	(No symbol) [0x00B093DD]
	GetHandleVerifier [0x00EAAABD+2539405]
	GetHandleVerifier [0x00EEA78F+2800735]
	GetHandleVerifier [0x00EE456C+2775612]
	GetHandleVerifier [0x00CD51E0+616112]
	(No symbol) [0x00BE5F8C]
	(No symbol) [0x00BE2328]
	(No symbol) [0x00BE240B]
	(No symbol) [0x00BD4FF7]
	BaseThreadInitThunk [0x765E7D59+25]
	RtlInitializeExceptionChain [0x7762B79B+107]
	RtlClearBits [0x7762B71F+191]
</msg>
<msg timestamp="20230725 09:20:45.457" level="WARN">Keyword 'Capture Page Screenshot' could not be run on failure: Message: no such window: target window already closed
from unknown error: web view not found
  (Session info: chrome=115.0.5790.102)
Stacktrace:
Backtrace:
	GetHandleVerifier [0x00C4A813+48355]
	(No symbol) [0x00BDC4B1]
	(No symbol) [0x00AE5358]
	(No symbol) [0x00ACD293]
	(No symbol) [0x00B2E37B]
	(No symbol) [0x00B3C473]
	(No symbol) [0x00B2A536]
	(No symbol) [0x00B082DC]
	(No symbol) [0x00B093DD]
	GetHandleVerifier [0x00EAAABD+2539405]
	GetHandleVerifier [0x00EEA78F+2800735]
	GetHandleVerifier [0x00EE456C+2775612]
	GetHandleVerifier [0x00CD51E0+616112]
	(No symbol) [0x00BE5F8C]
	(No symbol) [0x00BE2328]
	(No symbol) [0x00BE240B]
	(No symbol) [0x00BD4FF7]
	BaseThreadInitThunk [0x765E7D59+25]
	RtlInitializeExceptionChain [0x7762B79B+107]
	RtlClearBits [0x7762B71F+191]
</msg>
<msg timestamp="20230725 09:20:45.470" level="WARN">Keyword 'Capture Page Screenshot' could not be run on failure: Message: no such window: target window already closed
from unknown error: web view not found
  (Session info: chrome=115.0.5790.102)
Stacktrace:
Backtrace:
	GetHandleVerifier [0x00C4A813+48355]
	(No symbol) [0x00BDC4B1]
	(No symbol) [0x00AE5358]
	(No symbol) [0x00ACD293]
	(No symbol) [0x00B2E37B]
	(No symbol) [0x00B3C473]
	(No symbol) [0x00B2A536]
	(No symbol) [0x00B082DC]
	(No symbol) [0x00B093DD]
	GetHandleVerifier [0x00EAAABD+2539405]
	GetHandleVerifier [0x00EEA78F+2800735]
	GetHandleVerifier [0x00EE456C+2775612]
	GetHandleVerifier [0x00CD51E0+616112]
	(No symbol) [0x00BE5F8C]
	(No symbol) [0x00BE2328]
	(No symbol) [0x00BE240B]
	(No symbol) [0x00BD4FF7]
	BaseThreadInitThunk [0x765E7D59+25]
	RtlInitializeExceptionChain [0x7762B79B+107]
	RtlClearBits [0x7762B71F+191]
</msg>
<msg timestamp="20230725 09:20:45.494" level="WARN">Keyword 'Capture Page Screenshot' could not be run on failure: Message: no such window: target window already closed
from unknown error: web view not found
  (Session info: chrome=115.0.5790.102)
Stacktrace:
Backtrace:
	GetHandleVerifier [0x00C4A813+48355]
	(No symbol) [0x00BDC4B1]
	(No symbol) [0x00AE5358]
	(No symbol) [0x00ACD293]
	(No symbol) [0x00B2E37B]
	(No symbol) [0x00B3C473]
	(No symbol) [0x00B2A536]
	(No symbol) [0x00B082DC]
	(No symbol) [0x00B093DD]
	GetHandleVerifier [0x00EAAABD+2539405]
	GetHandleVerifier [0x00EEA78F+2800735]
	GetHandleVerifier [0x00EE456C+2775612]
	GetHandleVerifier [0x00CD51E0+616112]
	(No symbol) [0x00BE5F8C]
	(No symbol) [0x00BE2328]
	(No symbol) [0x00BE240B]
	(No symbol) [0x00BD4FF7]
	BaseThreadInitThunk [0x765E7D59+25]
	RtlInitializeExceptionChain [0x7762B79B+107]
	RtlClearBits [0x7762B71F+191]
</msg>
<msg timestamp="20230725 09:20:45.507" level="WARN">Keyword 'Capture Page Screenshot' could not be run on failure: Message: no such window: target window already closed
from unknown error: web view not found
  (Session info: chrome=115.0.5790.102)
Stacktrace:
Backtrace:
	GetHandleVerifier [0x00C4A813+48355]
	(No symbol) [0x00BDC4B1]
	(No symbol) [0x00AE5358]
	(No symbol) [0x00ACD293]
	(No symbol) [0x00B2E37B]
	(No symbol) [0x00B3C473]
	(No symbol) [0x00B2A536]
	(No symbol) [0x00B082DC]
	(No symbol) [0x00B093DD]
	GetHandleVerifier [0x00EAAABD+2539405]
	GetHandleVerifier [0x00EEA78F+2800735]
	GetHandleVerifier [0x00EE456C+2775612]
	GetHandleVerifier [0x00CD51E0+616112]
	(No symbol) [0x00BE5F8C]
	(No symbol) [0x00BE2328]
	(No symbol) [0x00BE240B]
	(No symbol) [0x00BD4FF7]
	BaseThreadInitThunk [0x765E7D59+25]
	RtlInitializeExceptionChain [0x7762B79B+107]
	RtlClearBits [0x7762B71F+191]
</msg>
<msg timestamp="20230725 09:20:45.519" level="WARN">Keyword 'Capture Page Screenshot' could not be run on failure: Message: no such window: target window already closed
from unknown error: web view not found
  (Session info: chrome=115.0.5790.102)
Stacktrace:
Backtrace:
	GetHandleVerifier [0x00C4A813+48355]
	(No symbol) [0x00BDC4B1]
	(No symbol) [0x00AE5358]
	(No symbol) [0x00ACD293]
	(No symbol) [0x00B2E37B]
	(No symbol) [0x00B3C473]
	(No symbol) [0x00B2A536]
	(No symbol) [0x00B082DC]
	(No symbol) [0x00B093DD]
	GetHandleVerifier [0x00EAAABD+2539405]
	GetHandleVerifier [0x00EEA78F+2800735]
	GetHandleVerifier [0x00EE456C+2775612]
	GetHandleVerifier [0x00CD51E0+616112]
	(No symbol) [0x00BE5F8C]
	(No symbol) [0x00BE2328]
	(No symbol) [0x00BE240B]
	(No symbol) [0x00BD4FF7]
	BaseThreadInitThunk [0x765E7D59+25]
	RtlInitializeExceptionChain [0x7762B79B+107]
	RtlClearBits [0x7762B71F+191]
</msg>
<msg timestamp="20230725 09:20:45.527" level="WARN">Keyword 'Capture Page Screenshot' could not be run on failure: Message: no such window: target window already closed
from unknown error: web view not found
  (Session info: chrome=115.0.5790.102)
Stacktrace:
Backtrace:
	GetHandleVerifier [0x00C4A813+48355]
	(No symbol) [0x00BDC4B1]
	(No symbol) [0x00AE5358]
	(No symbol) [0x00ACD293]
	(No symbol) [0x00B2E37B]
	(No symbol) [0x00B3C473]
	(No symbol) [0x00B2A536]
	(No symbol) [0x00B082DC]
	(No symbol) [0x00B093DD]
	GetHandleVerifier [0x00EAAABD+2539405]
	GetHandleVerifier [0x00EEA78F+2800735]
	GetHandleVerifier [0x00EE456C+2775612]
	GetHandleVerifier [0x00CD51E0+616112]
	(No symbol) [0x00BE5F8C]
	(No symbol) [0x00BE2328]
	(No symbol) [0x00BE240B]
	(No symbol) [0x00BD4FF7]
	BaseThreadInitThunk [0x765E7D59+25]
	RtlInitializeExceptionChain [0x7762B79B+107]
	RtlClearBits [0x7762B71F+191]
</msg>
<msg timestamp="20230725 09:20:45.556" level="WARN">Keyword 'Capture Page Screenshot' could not be run on failure: Message: no such window: target window already closed
from unknown error: web view not found
  (Session info: chrome=115.0.5790.102)
Stacktrace:
Backtrace:
	GetHandleVerifier [0x00C4A813+48355]
	(No symbol) [0x00BDC4B1]
	(No symbol) [0x00AE5358]
	(No symbol) [0x00ACD293]
	(No symbol) [0x00B2E37B]
	(No symbol) [0x00B3C473]
	(No symbol) [0x00B2A536]
	(No symbol) [0x00B082DC]
	(No symbol) [0x00B093DD]
	GetHandleVerifier [0x00EAAABD+2539405]
	GetHandleVerifier [0x00EEA78F+2800735]
	GetHandleVerifier [0x00EE456C+2775612]
	GetHandleVerifier [0x00CD51E0+616112]
	(No symbol) [0x00BE5F8C]
	(No symbol) [0x00BE2328]
	(No symbol) [0x00BE240B]
	(No symbol) [0x00BD4FF7]
	BaseThreadInitThunk [0x765E7D59+25]
	RtlInitializeExceptionChain [0x7762B79B+107]
	RtlClearBits [0x7762B71F+191]
</msg>
<msg timestamp="20230725 09:20:45.564" level="WARN">Keyword 'Capture Page Screenshot' could not be run on failure: Message: no such window: target window already closed
from unknown error: web view not found
  (Session info: chrome=115.0.5790.102)
Stacktrace:
Backtrace:
	GetHandleVerifier [0x00C4A813+48355]
	(No symbol) [0x00BDC4B1]
	(No symbol) [0x00AE5358]
	(No symbol) [0x00ACD293]
	(No symbol) [0x00B2E37B]
	(No symbol) [0x00B3C473]
	(No symbol) [0x00B2A536]
	(No symbol) [0x00B082DC]
	(No symbol) [0x00B093DD]
	GetHandleVerifier [0x00EAAABD+2539405]
	GetHandleVerifier [0x00EEA78F+2800735]
	GetHandleVerifier [0x00EE456C+2775612]
	GetHandleVerifier [0x00CD51E0+616112]
	(No symbol) [0x00BE5F8C]
	(No symbol) [0x00BE2328]
	(No symbol) [0x00BE240B]
	(No symbol) [0x00BD4FF7]
	BaseThreadInitThunk [0x765E7D59+25]
	RtlInitializeExceptionChain [0x7762B79B+107]
	RtlClearBits [0x7762B71F+191]
</msg>
<msg timestamp="20230725 09:20:45.572" level="WARN">Keyword 'Capture Page Screenshot' could not be run on failure: Message: no such window: target window already closed
from unknown error: web view not found
  (Session info: chrome=115.0.5790.102)
Stacktrace:
Backtrace:
	GetHandleVerifier [0x00C4A813+48355]
	(No symbol) [0x00BDC4B1]
	(No symbol) [0x00AE5358]
	(No symbol) [0x00ACD293]
	(No symbol) [0x00B2E37B]
	(No symbol) [0x00B3C473]
	(No symbol) [0x00B2A536]
	(No symbol) [0x00B082DC]
	(No symbol) [0x00B093DD]
	GetHandleVerifier [0x00EAAABD+2539405]
	GetHandleVerifier [0x00EEA78F+2800735]
	GetHandleVerifier [0x00EE456C+2775612]
	GetHandleVerifier [0x00CD51E0+616112]
	(No symbol) [0x00BE5F8C]
	(No symbol) [0x00BE2328]
	(No symbol) [0x00BE240B]
	(No symbol) [0x00BD4FF7]
	BaseThreadInitThunk [0x765E7D59+25]
	RtlInitializeExceptionChain [0x7762B79B+107]
	RtlClearBits [0x7762B71F+191]
</msg>
<msg timestamp="20230725 09:20:45.582" level="WARN">Keyword 'Capture Page Screenshot' could not be run on failure: Message: no such window: target window already closed
from unknown error: web view not found
  (Session info: chrome=115.0.5790.102)
Stacktrace:
Backtrace:
	GetHandleVerifier [0x00C4A813+48355]
	(No symbol) [0x00BDC4B1]
	(No symbol) [0x00AE5358]
	(No symbol) [0x00ACD293]
	(No symbol) [0x00B2E37B]
	(No symbol) [0x00B3C473]
	(No symbol) [0x00B2A536]
	(No symbol) [0x00B082DC]
	(No symbol) [0x00B093DD]
	GetHandleVerifier [0x00EAAABD+2539405]
	GetHandleVerifier [0x00EEA78F+2800735]
	GetHandleVerifier [0x00EE456C+2775612]
	GetHandleVerifier [0x00CD51E0+616112]
	(No symbol) [0x00BE5F8C]
	(No symbol) [0x00BE2328]
	(No symbol) [0x00BE240B]
	(No symbol) [0x00BD4FF7]
	BaseThreadInitThunk [0x765E7D59+25]
	RtlInitializeExceptionChain [0x7762B79B+107]
	RtlClearBits [0x7762B71F+191]
</msg>
</errors>
</robot>
