<?xml version="1.0" encoding="UTF-8"?>
<robot generator="Robot 6.1 (Python 3.11.4 on win32)" generated="20230724 10:02:45.803" rpa="false" schemaversion="4">
<suite id="s1" name="Login" source="D:\Robot_Framework\robot_fw\TestCases\Login">
<suite id="s1-s1" name="login Test" source="D:\Robot_Framework\robot_fw\TestCases\Login\login_Test.robot">
<kw name="Open Browser" library="SeleniumLibrary" type="SETUP">
<doc>Opens a new browser instance to the optional ``url``.</doc>
<msg timestamp="20230724 10:02:47.454" level="INFO">Opening browser 'firefox' to base url 'None'.</msg>
<msg timestamp="20230724 10:02:47.484" level="INFO">Executing: D:\Robot_Framework\robot_fw\venv\Lib\site-packages\selenium\webdriver\common\windows\selenium-manager.exe --browser firefox --output json</msg>
<msg timestamp="20230724 10:02:53.066" level="INFO">Cannot capture screenshot because no browser is open.</msg>
<msg timestamp="20230724 10:02:53.066" level="FAIL">SessionNotCreatedException: Message: Expected browser binary location, but unable to find binary in default location, no 'moz:firefoxOptions.binary' capability provided, and no binary flag set on the command line
</msg>
<status status="FAIL" starttime="20230724 10:02:47.454" endtime="20230724 10:02:53.097"/>
</kw>
<test id="s1-s1-t1" name="LoginTestwithExcel using Admin" line="10">
<status status="FAIL" starttime="20230724 10:02:53.097" endtime="20230724 10:02:55.151">Parent suite setup failed:
SessionNotCreatedException: Message: Expected browser binary location, but unable to find binary in default location, no 'moz:firefoxOptions.binary' capability provided, and no binary flag set on the command line
</status>
</test>
<test id="s1-s1-t2" name="LoginTestwithExcel using " line="10">
<status status="FAIL" starttime="20230724 10:02:55.151" endtime="20230724 10:02:55.167">Parent suite setup failed:
SessionNotCreatedException: Message: Expected browser binary location, but unable to find binary in default location, no 'moz:firefoxOptions.binary' capability provided, and no binary flag set on the command line
</status>
</test>
<test id="s1-s1-t3" name="LoginTestwithExcel using Admin11" line="10">
<status status="FAIL" starttime="20230724 10:02:55.167" endtime="20230724 10:02:55.167">Parent suite setup failed:
SessionNotCreatedException: Message: Expected browser binary location, but unable to find binary in default location, no 'moz:firefoxOptions.binary' capability provided, and no binary flag set on the command line
</status>
</test>
<test id="s1-s1-t4" name="LoginTestwithExcel using Admin" line="10">
<status status="FAIL" starttime="20230724 10:02:55.171" endtime="20230724 10:02:55.171">Parent suite setup failed:
SessionNotCreatedException: Message: Expected browser binary location, but unable to find binary in default location, no 'moz:firefoxOptions.binary' capability provided, and no binary flag set on the command line
</status>
</test>
<test id="s1-s1-t5" name="LoginTestwithExcel using Admin" line="10">
<status status="FAIL" starttime="20230724 10:02:55.171" endtime="20230724 10:02:55.171">Parent suite setup failed:
SessionNotCreatedException: Message: Expected browser binary location, but unable to find binary in default location, no 'moz:firefoxOptions.binary' capability provided, and no binary flag set on the command line
</status>
</test>
<test id="s1-s1-t6" name="LoginTestwithExcel using " line="10">
<status status="FAIL" starttime="20230724 10:02:55.171" endtime="20230724 10:02:55.183">Parent suite setup failed:
SessionNotCreatedException: Message: Expected browser binary location, but unable to find binary in default location, no 'moz:firefoxOptions.binary' capability provided, and no binary flag set on the command line
</status>
</test>
<kw name="Close Browser" library="SeleniumLibrary" type="TEARDOWN">
<doc>Closes the current browser.</doc>
<status status="PASS" starttime="20230724 10:02:55.183" endtime="20230724 10:02:55.183"/>
</kw>
<status status="FAIL" starttime="20230724 10:02:45.835" endtime="20230724 10:02:55.183">Suite setup failed:
SessionNotCreatedException: Message: Expected browser binary location, but unable to find binary in default location, no 'moz:firefoxOptions.binary' capability provided, and no binary flag set on the command line
</status>
</suite>
<status status="FAIL" starttime="20230724 10:02:45.803" endtime="20230724 10:02:55.183"/>
</suite>
<statistics>
<total>
<stat pass="0" fail="6" skip="0">All Tests</stat>
</total>
<tag>
</tag>
<suite>
<stat pass="0" fail="6" skip="0" id="s1" name="Login">Login</stat>
<stat pass="0" fail="6" skip="0" id="s1-s1" name="login Test">Login.login Test</stat>
</suite>
</statistics>
<errors>
<msg timestamp="20230724 10:02:55.171" level="WARN">Multiple tests with name 'LoginTestwithExcel using Admin' executed in suite 'Login.login Test'.</msg>
<msg timestamp="20230724 10:02:55.171" level="WARN">Multiple tests with name 'LoginTestwithExcel using Admin' executed in suite 'Login.login Test'.</msg>
<msg timestamp="20230724 10:02:55.171" level="WARN">Multiple tests with name 'LoginTestwithExcel using ' executed in suite 'Login.login Test'.</msg>
</errors>
</robot>
